<?xml version="1.0" encoding="UTF-8"?>
<testsuites name="jest tests" tests="311" failures="171" errors="0" time="10.226">
  <testsuite name="ResultScreen Test" errors="0" failures="6" skipped="0" timestamp="2025-08-04T18:37:30" time="6.783" tests="6">
    <testcase classname="ResultScreen Test ilk render anında snapshot ile eşleşmeli" name="ResultScreen Test ilk render anında snapshot ile eşleşmeli" time="0.167">
      <failure>TypeError: (0 , react_native_safe_area_context_1.useSafeArea) is not a function
    at Content (/Users/dogukantansuk/Projects/Tansuk/@tansuk/rott-ui/src/features/Content/components/Content.tsx:36:31)
    at Object.Component [as react-stack-bottom-frame] (/Users/dogukantansuk/Projects/Tansuk/@tansuk/rott-ui/node_modules/react-test-renderer/cjs/react-test-renderer.development.js:12679:20)
    at callComponentInDEV (/Users/dogukantansuk/Projects/Tansuk/@tansuk/rott-ui/node_modules/react-test-renderer/cjs/react-test-renderer.development.js:3622:25)
    at renderWithHooks (/Users/dogukantansuk/Projects/Tansuk/@tansuk/rott-ui/node_modules/react-test-renderer/cjs/react-test-renderer.development.js:5635:19)
    at updateFunctionComponent (/Users/dogukantansuk/Projects/Tansuk/@tansuk/rott-ui/node_modules/react-test-renderer/cjs/react-test-renderer.development.js:7086:18)
    at callback (/Users/dogukantansuk/Projects/Tansuk/@tansuk/rott-ui/node_modules/react-test-renderer/cjs/react-test-renderer.development.js:540:16)
    at runWithFiberInDEV (/Users/dogukantansuk/Projects/Tansuk/@tansuk/rott-ui/node_modules/react-test-renderer/cjs/react-test-renderer.development.js:10925:22)
    at performUnitOfWork (/Users/dogukantansuk/Projects/Tansuk/@tansuk/rott-ui/node_modules/react-test-renderer/cjs/react-test-renderer.development.js:10763:41)
    at workLoopSync (/Users/dogukantansuk/Projects/Tansuk/@tansuk/rott-ui/node_modules/react-test-renderer/cjs/react-test-renderer.development.js:10744:11)
    at renderRootSync (/Users/dogukantansuk/Projects/Tansuk/@tansuk/rott-ui/node_modules/react-test-renderer/cjs/react-test-renderer.development.js:10299:39)
    at performWorkOnRoot (/Users/dogukantansuk/Projects/Tansuk/@tansuk/rott-ui/node_modules/react-test-renderer/cjs/react-test-renderer.development.js:1879:7)
    at flushActQueue (/Users/dogukantansuk/Projects/Tansuk/@tansuk/rott-ui/node_modules/react/cjs/react.development.js:862:34)
    at Object.&lt;anonymous&gt;.process.env.NODE_ENV.exports.act (/Users/dogukantansuk/Projects/Tansuk/@tansuk/rott-ui/node_modules/react/cjs/react.development.js:1151:10)
    at actImplementation (/Users/dogukantansuk/Projects/Tansuk/@tansuk/rott-ui/node_modules/@testing-library/react-native/src/act.ts:31:25)
    at renderWithAct (/Users/dogukantansuk/Projects/Tansuk/@tansuk/rott-ui/node_modules/@testing-library/react-native/src/render-act.ts:13:11)
    at renderInternal (/Users/dogukantansuk/Projects/Tansuk/@tansuk/rott-ui/node_modules/@testing-library/react-native/src/render.tsx:69:33)
    at renderInternal (/Users/dogukantansuk/Projects/Tansuk/@tansuk/rott-ui/node_modules/@testing-library/react-native/src/render.tsx:44:10)
    at customRender (/Users/dogukantansuk/Projects/Tansuk/@tansuk/rott-ui/src/__tests__/utils/testUtils.ts:11:56)
    at Object.&lt;anonymous&gt; (/Users/dogukantansuk/Projects/Tansuk/@tansuk/rott-ui/src/features/Result/__tests__/ResultScreen.test.tsx:32:28)
    at Promise.then.completed (/Users/dogukantansuk/Projects/Tansuk/@tansuk/rott-ui/node_modules/jest-circus/build/utils.js:298:28)
    at new Promise (&lt;anonymous&gt;)
    at callAsyncCircusFn (/Users/dogukantansuk/Projects/Tansuk/@tansuk/rott-ui/node_modules/jest-circus/build/utils.js:231:10)
    at _callCircusTest (/Users/dogukantansuk/Projects/Tansuk/@tansuk/rott-ui/node_modules/jest-circus/build/run.js:316:40)
    at processTicksAndRejections (node:internal/process/task_queues:105:5)
    at _runTest (/Users/dogukantansuk/Projects/Tansuk/@tansuk/rott-ui/node_modules/jest-circus/build/run.js:252:3)
    at _runTestsForDescribeBlock (/Users/dogukantansuk/Projects/Tansuk/@tansuk/rott-ui/node_modules/jest-circus/build/run.js:126:9)
    at _runTestsForDescribeBlock (/Users/dogukantansuk/Projects/Tansuk/@tansuk/rott-ui/node_modules/jest-circus/build/run.js:121:9)
    at run (/Users/dogukantansuk/Projects/Tansuk/@tansuk/rott-ui/node_modules/jest-circus/build/run.js:71:3)
    at runAndTransformResultsToJestFormat (/Users/dogukantansuk/Projects/Tansuk/@tansuk/rott-ui/node_modules/jest-circus/build/legacy-code-todo-rewrite/jestAdapterInit.js:122:21)
    at jestAdapter (/Users/dogukantansuk/Projects/Tansuk/@tansuk/rott-ui/node_modules/jest-circus/build/legacy-code-todo-rewrite/jestAdapter.js:79:19)
    at runTestInternal (/Users/dogukantansuk/Projects/Tansuk/@tansuk/rott-ui/node_modules/jest-runner/build/runTest.js:367:16)
    at runTest (/Users/dogukantansuk/Projects/Tansuk/@tansuk/rott-ui/node_modules/jest-runner/build/runTest.js:444:34)
    at Object.worker (/Users/dogukantansuk/Projects/Tansuk/@tansuk/rott-ui/node_modules/jest-runner/build/testWorker.js:106:12)</failure>
    </testcase>
    <testcase classname="ResultScreen Test ResultScreen renderlandığında container ekranda olmalı" name="ResultScreen Test ResultScreen renderlandığında container ekranda olmalı" time="0.003">
      <failure>TypeError: (0 , react_native_safe_area_context_1.useSafeArea) is not a function
    at Content (/Users/dogukantansuk/Projects/Tansuk/@tansuk/rott-ui/src/features/Content/components/Content.tsx:36:31)
    at Object.Component [as react-stack-bottom-frame] (/Users/dogukantansuk/Projects/Tansuk/@tansuk/rott-ui/node_modules/react-test-renderer/cjs/react-test-renderer.development.js:12679:20)
    at callComponentInDEV (/Users/dogukantansuk/Projects/Tansuk/@tansuk/rott-ui/node_modules/react-test-renderer/cjs/react-test-renderer.development.js:3622:25)
    at renderWithHooks (/Users/dogukantansuk/Projects/Tansuk/@tansuk/rott-ui/node_modules/react-test-renderer/cjs/react-test-renderer.development.js:5635:19)
    at updateFunctionComponent (/Users/dogukantansuk/Projects/Tansuk/@tansuk/rott-ui/node_modules/react-test-renderer/cjs/react-test-renderer.development.js:7086:18)
    at callback (/Users/dogukantansuk/Projects/Tansuk/@tansuk/rott-ui/node_modules/react-test-renderer/cjs/react-test-renderer.development.js:540:16)
    at runWithFiberInDEV (/Users/dogukantansuk/Projects/Tansuk/@tansuk/rott-ui/node_modules/react-test-renderer/cjs/react-test-renderer.development.js:10925:22)
    at performUnitOfWork (/Users/dogukantansuk/Projects/Tansuk/@tansuk/rott-ui/node_modules/react-test-renderer/cjs/react-test-renderer.development.js:10763:41)
    at workLoopSync (/Users/dogukantansuk/Projects/Tansuk/@tansuk/rott-ui/node_modules/react-test-renderer/cjs/react-test-renderer.development.js:10744:11)
    at renderRootSync (/Users/dogukantansuk/Projects/Tansuk/@tansuk/rott-ui/node_modules/react-test-renderer/cjs/react-test-renderer.development.js:10299:39)
    at performWorkOnRoot (/Users/dogukantansuk/Projects/Tansuk/@tansuk/rott-ui/node_modules/react-test-renderer/cjs/react-test-renderer.development.js:1879:7)
    at flushActQueue (/Users/dogukantansuk/Projects/Tansuk/@tansuk/rott-ui/node_modules/react/cjs/react.development.js:862:34)
    at Object.&lt;anonymous&gt;.process.env.NODE_ENV.exports.act (/Users/dogukantansuk/Projects/Tansuk/@tansuk/rott-ui/node_modules/react/cjs/react.development.js:1151:10)
    at actImplementation (/Users/dogukantansuk/Projects/Tansuk/@tansuk/rott-ui/node_modules/@testing-library/react-native/src/act.ts:31:25)
    at renderWithAct (/Users/dogukantansuk/Projects/Tansuk/@tansuk/rott-ui/node_modules/@testing-library/react-native/src/render-act.ts:13:11)
    at renderInternal (/Users/dogukantansuk/Projects/Tansuk/@tansuk/rott-ui/node_modules/@testing-library/react-native/src/render.tsx:69:33)
    at renderInternal (/Users/dogukantansuk/Projects/Tansuk/@tansuk/rott-ui/node_modules/@testing-library/react-native/src/render.tsx:44:10)
    at customRender (/Users/dogukantansuk/Projects/Tansuk/@tansuk/rott-ui/src/__tests__/utils/testUtils.ts:11:56)
    at Object.&lt;anonymous&gt; (/Users/dogukantansuk/Projects/Tansuk/@tansuk/rott-ui/src/features/Result/__tests__/ResultScreen.test.tsx:55:33)
    at Promise.then.completed (/Users/dogukantansuk/Projects/Tansuk/@tansuk/rott-ui/node_modules/jest-circus/build/utils.js:298:28)
    at new Promise (&lt;anonymous&gt;)
    at callAsyncCircusFn (/Users/dogukantansuk/Projects/Tansuk/@tansuk/rott-ui/node_modules/jest-circus/build/utils.js:231:10)
    at _callCircusTest (/Users/dogukantansuk/Projects/Tansuk/@tansuk/rott-ui/node_modules/jest-circus/build/run.js:316:40)
    at _runTest (/Users/dogukantansuk/Projects/Tansuk/@tansuk/rott-ui/node_modules/jest-circus/build/run.js:252:3)
    at _runTestsForDescribeBlock (/Users/dogukantansuk/Projects/Tansuk/@tansuk/rott-ui/node_modules/jest-circus/build/run.js:126:9)
    at _runTestsForDescribeBlock (/Users/dogukantansuk/Projects/Tansuk/@tansuk/rott-ui/node_modules/jest-circus/build/run.js:121:9)
    at run (/Users/dogukantansuk/Projects/Tansuk/@tansuk/rott-ui/node_modules/jest-circus/build/run.js:71:3)
    at runAndTransformResultsToJestFormat (/Users/dogukantansuk/Projects/Tansuk/@tansuk/rott-ui/node_modules/jest-circus/build/legacy-code-todo-rewrite/jestAdapterInit.js:122:21)
    at jestAdapter (/Users/dogukantansuk/Projects/Tansuk/@tansuk/rott-ui/node_modules/jest-circus/build/legacy-code-todo-rewrite/jestAdapter.js:79:19)
    at runTestInternal (/Users/dogukantansuk/Projects/Tansuk/@tansuk/rott-ui/node_modules/jest-runner/build/runTest.js:367:16)
    at runTest (/Users/dogukantansuk/Projects/Tansuk/@tansuk/rott-ui/node_modules/jest-runner/build/runTest.js:444:34)
    at Object.worker (/Users/dogukantansuk/Projects/Tansuk/@tansuk/rott-ui/node_modules/jest-runner/build/testWorker.js:106:12)</failure>
    </testcase>
    <testcase classname="ResultScreen Test title verildiğinde ekranda gözükmeli" name="ResultScreen Test title verildiğinde ekranda gözükmeli" time="0.002">
      <failure>TypeError: (0 , react_native_safe_area_context_1.useSafeArea) is not a function
    at Content (/Users/dogukantansuk/Projects/Tansuk/@tansuk/rott-ui/src/features/Content/components/Content.tsx:36:31)
    at Object.Component [as react-stack-bottom-frame] (/Users/dogukantansuk/Projects/Tansuk/@tansuk/rott-ui/node_modules/react-test-renderer/cjs/react-test-renderer.development.js:12679:20)
    at callComponentInDEV (/Users/dogukantansuk/Projects/Tansuk/@tansuk/rott-ui/node_modules/react-test-renderer/cjs/react-test-renderer.development.js:3622:25)
    at renderWithHooks (/Users/dogukantansuk/Projects/Tansuk/@tansuk/rott-ui/node_modules/react-test-renderer/cjs/react-test-renderer.development.js:5635:19)
    at updateFunctionComponent (/Users/dogukantansuk/Projects/Tansuk/@tansuk/rott-ui/node_modules/react-test-renderer/cjs/react-test-renderer.development.js:7086:18)
    at callback (/Users/dogukantansuk/Projects/Tansuk/@tansuk/rott-ui/node_modules/react-test-renderer/cjs/react-test-renderer.development.js:540:16)
    at runWithFiberInDEV (/Users/dogukantansuk/Projects/Tansuk/@tansuk/rott-ui/node_modules/react-test-renderer/cjs/react-test-renderer.development.js:10925:22)
    at performUnitOfWork (/Users/dogukantansuk/Projects/Tansuk/@tansuk/rott-ui/node_modules/react-test-renderer/cjs/react-test-renderer.development.js:10763:41)
    at workLoopSync (/Users/dogukantansuk/Projects/Tansuk/@tansuk/rott-ui/node_modules/react-test-renderer/cjs/react-test-renderer.development.js:10744:11)
    at renderRootSync (/Users/dogukantansuk/Projects/Tansuk/@tansuk/rott-ui/node_modules/react-test-renderer/cjs/react-test-renderer.development.js:10299:39)
    at performWorkOnRoot (/Users/dogukantansuk/Projects/Tansuk/@tansuk/rott-ui/node_modules/react-test-renderer/cjs/react-test-renderer.development.js:1879:7)
    at flushActQueue (/Users/dogukantansuk/Projects/Tansuk/@tansuk/rott-ui/node_modules/react/cjs/react.development.js:862:34)
    at Object.&lt;anonymous&gt;.process.env.NODE_ENV.exports.act (/Users/dogukantansuk/Projects/Tansuk/@tansuk/rott-ui/node_modules/react/cjs/react.development.js:1151:10)
    at actImplementation (/Users/dogukantansuk/Projects/Tansuk/@tansuk/rott-ui/node_modules/@testing-library/react-native/src/act.ts:31:25)
    at renderWithAct (/Users/dogukantansuk/Projects/Tansuk/@tansuk/rott-ui/node_modules/@testing-library/react-native/src/render-act.ts:13:11)
    at renderInternal (/Users/dogukantansuk/Projects/Tansuk/@tansuk/rott-ui/node_modules/@testing-library/react-native/src/render.tsx:69:33)
    at renderInternal (/Users/dogukantansuk/Projects/Tansuk/@tansuk/rott-ui/node_modules/@testing-library/react-native/src/render.tsx:44:10)
    at customRender (/Users/dogukantansuk/Projects/Tansuk/@tansuk/rott-ui/src/__tests__/utils/testUtils.ts:11:56)
    at Object.&lt;anonymous&gt; (/Users/dogukantansuk/Projects/Tansuk/@tansuk/rott-ui/src/features/Result/__tests__/ResultScreen.test.tsx:78:31)
    at Promise.then.completed (/Users/dogukantansuk/Projects/Tansuk/@tansuk/rott-ui/node_modules/jest-circus/build/utils.js:298:28)
    at new Promise (&lt;anonymous&gt;)
    at callAsyncCircusFn (/Users/dogukantansuk/Projects/Tansuk/@tansuk/rott-ui/node_modules/jest-circus/build/utils.js:231:10)
    at _callCircusTest (/Users/dogukantansuk/Projects/Tansuk/@tansuk/rott-ui/node_modules/jest-circus/build/run.js:316:40)
    at _runTest (/Users/dogukantansuk/Projects/Tansuk/@tansuk/rott-ui/node_modules/jest-circus/build/run.js:252:3)
    at _runTestsForDescribeBlock (/Users/dogukantansuk/Projects/Tansuk/@tansuk/rott-ui/node_modules/jest-circus/build/run.js:126:9)
    at _runTestsForDescribeBlock (/Users/dogukantansuk/Projects/Tansuk/@tansuk/rott-ui/node_modules/jest-circus/build/run.js:121:9)
    at run (/Users/dogukantansuk/Projects/Tansuk/@tansuk/rott-ui/node_modules/jest-circus/build/run.js:71:3)
    at runAndTransformResultsToJestFormat (/Users/dogukantansuk/Projects/Tansuk/@tansuk/rott-ui/node_modules/jest-circus/build/legacy-code-todo-rewrite/jestAdapterInit.js:122:21)
    at jestAdapter (/Users/dogukantansuk/Projects/Tansuk/@tansuk/rott-ui/node_modules/jest-circus/build/legacy-code-todo-rewrite/jestAdapter.js:79:19)
    at runTestInternal (/Users/dogukantansuk/Projects/Tansuk/@tansuk/rott-ui/node_modules/jest-runner/build/runTest.js:367:16)
    at runTest (/Users/dogukantansuk/Projects/Tansuk/@tansuk/rott-ui/node_modules/jest-runner/build/runTest.js:444:34)
    at Object.worker (/Users/dogukantansuk/Projects/Tansuk/@tansuk/rott-ui/node_modules/jest-runner/build/testWorker.js:106:12)</failure>
    </testcase>
    <testcase classname="ResultScreen Test description verildiğinde ekranda gözükmeli" name="ResultScreen Test description verildiğinde ekranda gözükmeli" time="0.001">
      <failure>TypeError: (0 , react_native_safe_area_context_1.useSafeArea) is not a function
    at Content (/Users/dogukantansuk/Projects/Tansuk/@tansuk/rott-ui/src/features/Content/components/Content.tsx:36:31)
    at Object.Component [as react-stack-bottom-frame] (/Users/dogukantansuk/Projects/Tansuk/@tansuk/rott-ui/node_modules/react-test-renderer/cjs/react-test-renderer.development.js:12679:20)
    at callComponentInDEV (/Users/dogukantansuk/Projects/Tansuk/@tansuk/rott-ui/node_modules/react-test-renderer/cjs/react-test-renderer.development.js:3622:25)
    at renderWithHooks (/Users/dogukantansuk/Projects/Tansuk/@tansuk/rott-ui/node_modules/react-test-renderer/cjs/react-test-renderer.development.js:5635:19)
    at updateFunctionComponent (/Users/dogukantansuk/Projects/Tansuk/@tansuk/rott-ui/node_modules/react-test-renderer/cjs/react-test-renderer.development.js:7086:18)
    at callback (/Users/dogukantansuk/Projects/Tansuk/@tansuk/rott-ui/node_modules/react-test-renderer/cjs/react-test-renderer.development.js:540:16)
    at runWithFiberInDEV (/Users/dogukantansuk/Projects/Tansuk/@tansuk/rott-ui/node_modules/react-test-renderer/cjs/react-test-renderer.development.js:10925:22)
    at performUnitOfWork (/Users/dogukantansuk/Projects/Tansuk/@tansuk/rott-ui/node_modules/react-test-renderer/cjs/react-test-renderer.development.js:10763:41)
    at workLoopSync (/Users/dogukantansuk/Projects/Tansuk/@tansuk/rott-ui/node_modules/react-test-renderer/cjs/react-test-renderer.development.js:10744:11)
    at renderRootSync (/Users/dogukantansuk/Projects/Tansuk/@tansuk/rott-ui/node_modules/react-test-renderer/cjs/react-test-renderer.development.js:10299:39)
    at performWorkOnRoot (/Users/dogukantansuk/Projects/Tansuk/@tansuk/rott-ui/node_modules/react-test-renderer/cjs/react-test-renderer.development.js:1879:7)
    at flushActQueue (/Users/dogukantansuk/Projects/Tansuk/@tansuk/rott-ui/node_modules/react/cjs/react.development.js:862:34)
    at Object.&lt;anonymous&gt;.process.env.NODE_ENV.exports.act (/Users/dogukantansuk/Projects/Tansuk/@tansuk/rott-ui/node_modules/react/cjs/react.development.js:1151:10)
    at actImplementation (/Users/dogukantansuk/Projects/Tansuk/@tansuk/rott-ui/node_modules/@testing-library/react-native/src/act.ts:31:25)
    at renderWithAct (/Users/dogukantansuk/Projects/Tansuk/@tansuk/rott-ui/node_modules/@testing-library/react-native/src/render-act.ts:13:11)
    at renderInternal (/Users/dogukantansuk/Projects/Tansuk/@tansuk/rott-ui/node_modules/@testing-library/react-native/src/render.tsx:69:33)
    at renderInternal (/Users/dogukantansuk/Projects/Tansuk/@tansuk/rott-ui/node_modules/@testing-library/react-native/src/render.tsx:44:10)
    at customRender (/Users/dogukantansuk/Projects/Tansuk/@tansuk/rott-ui/src/__tests__/utils/testUtils.ts:11:56)
    at Object.&lt;anonymous&gt; (/Users/dogukantansuk/Projects/Tansuk/@tansuk/rott-ui/src/features/Result/__tests__/ResultScreen.test.tsx:105:31)
    at Promise.then.completed (/Users/dogukantansuk/Projects/Tansuk/@tansuk/rott-ui/node_modules/jest-circus/build/utils.js:298:28)
    at new Promise (&lt;anonymous&gt;)
    at callAsyncCircusFn (/Users/dogukantansuk/Projects/Tansuk/@tansuk/rott-ui/node_modules/jest-circus/build/utils.js:231:10)
    at _callCircusTest (/Users/dogukantansuk/Projects/Tansuk/@tansuk/rott-ui/node_modules/jest-circus/build/run.js:316:40)
    at _runTest (/Users/dogukantansuk/Projects/Tansuk/@tansuk/rott-ui/node_modules/jest-circus/build/run.js:252:3)
    at _runTestsForDescribeBlock (/Users/dogukantansuk/Projects/Tansuk/@tansuk/rott-ui/node_modules/jest-circus/build/run.js:126:9)
    at _runTestsForDescribeBlock (/Users/dogukantansuk/Projects/Tansuk/@tansuk/rott-ui/node_modules/jest-circus/build/run.js:121:9)
    at run (/Users/dogukantansuk/Projects/Tansuk/@tansuk/rott-ui/node_modules/jest-circus/build/run.js:71:3)
    at runAndTransformResultsToJestFormat (/Users/dogukantansuk/Projects/Tansuk/@tansuk/rott-ui/node_modules/jest-circus/build/legacy-code-todo-rewrite/jestAdapterInit.js:122:21)
    at jestAdapter (/Users/dogukantansuk/Projects/Tansuk/@tansuk/rott-ui/node_modules/jest-circus/build/legacy-code-todo-rewrite/jestAdapter.js:79:19)
    at runTestInternal (/Users/dogukantansuk/Projects/Tansuk/@tansuk/rott-ui/node_modules/jest-runner/build/runTest.js:367:16)
    at runTest (/Users/dogukantansuk/Projects/Tansuk/@tansuk/rott-ui/node_modules/jest-runner/build/runTest.js:444:34)
    at Object.worker (/Users/dogukantansuk/Projects/Tansuk/@tansuk/rott-ui/node_modules/jest-runner/build/testWorker.js:106:12)</failure>
    </testcase>
    <testcase classname="ResultScreen Test actions verildiğinde actions listesi ekranda gözükmeli" name="ResultScreen Test actions verildiğinde actions listesi ekranda gözükmeli" time="0.006">
      <failure>TypeError: (0 , react_native_safe_area_context_1.useSafeArea) is not a function
    at Content (/Users/dogukantansuk/Projects/Tansuk/@tansuk/rott-ui/src/features/Content/components/Content.tsx:36:31)
    at Object.Component [as react-stack-bottom-frame] (/Users/dogukantansuk/Projects/Tansuk/@tansuk/rott-ui/node_modules/react-test-renderer/cjs/react-test-renderer.development.js:12679:20)
    at callComponentInDEV (/Users/dogukantansuk/Projects/Tansuk/@tansuk/rott-ui/node_modules/react-test-renderer/cjs/react-test-renderer.development.js:3622:25)
    at renderWithHooks (/Users/dogukantansuk/Projects/Tansuk/@tansuk/rott-ui/node_modules/react-test-renderer/cjs/react-test-renderer.development.js:5635:19)
    at updateFunctionComponent (/Users/dogukantansuk/Projects/Tansuk/@tansuk/rott-ui/node_modules/react-test-renderer/cjs/react-test-renderer.development.js:7086:18)
    at callback (/Users/dogukantansuk/Projects/Tansuk/@tansuk/rott-ui/node_modules/react-test-renderer/cjs/react-test-renderer.development.js:540:16)
    at runWithFiberInDEV (/Users/dogukantansuk/Projects/Tansuk/@tansuk/rott-ui/node_modules/react-test-renderer/cjs/react-test-renderer.development.js:10925:22)
    at performUnitOfWork (/Users/dogukantansuk/Projects/Tansuk/@tansuk/rott-ui/node_modules/react-test-renderer/cjs/react-test-renderer.development.js:10763:41)
    at workLoopSync (/Users/dogukantansuk/Projects/Tansuk/@tansuk/rott-ui/node_modules/react-test-renderer/cjs/react-test-renderer.development.js:10744:11)
    at renderRootSync (/Users/dogukantansuk/Projects/Tansuk/@tansuk/rott-ui/node_modules/react-test-renderer/cjs/react-test-renderer.development.js:10299:39)
    at performWorkOnRoot (/Users/dogukantansuk/Projects/Tansuk/@tansuk/rott-ui/node_modules/react-test-renderer/cjs/react-test-renderer.development.js:1879:7)
    at flushActQueue (/Users/dogukantansuk/Projects/Tansuk/@tansuk/rott-ui/node_modules/react/cjs/react.development.js:862:34)
    at Object.&lt;anonymous&gt;.process.env.NODE_ENV.exports.act (/Users/dogukantansuk/Projects/Tansuk/@tansuk/rott-ui/node_modules/react/cjs/react.development.js:1151:10)
    at actImplementation (/Users/dogukantansuk/Projects/Tansuk/@tansuk/rott-ui/node_modules/@testing-library/react-native/src/act.ts:31:25)
    at renderWithAct (/Users/dogukantansuk/Projects/Tansuk/@tansuk/rott-ui/node_modules/@testing-library/react-native/src/render-act.ts:13:11)
    at renderInternal (/Users/dogukantansuk/Projects/Tansuk/@tansuk/rott-ui/node_modules/@testing-library/react-native/src/render.tsx:69:33)
    at renderInternal (/Users/dogukantansuk/Projects/Tansuk/@tansuk/rott-ui/node_modules/@testing-library/react-native/src/render.tsx:44:10)
    at customRender (/Users/dogukantansuk/Projects/Tansuk/@tansuk/rott-ui/src/__tests__/utils/testUtils.ts:11:56)
    at Object.&lt;anonymous&gt; (/Users/dogukantansuk/Projects/Tansuk/@tansuk/rott-ui/src/features/Result/__tests__/ResultScreen.test.tsx:134:33)
    at Promise.then.completed (/Users/dogukantansuk/Projects/Tansuk/@tansuk/rott-ui/node_modules/jest-circus/build/utils.js:298:28)
    at new Promise (&lt;anonymous&gt;)
    at callAsyncCircusFn (/Users/dogukantansuk/Projects/Tansuk/@tansuk/rott-ui/node_modules/jest-circus/build/utils.js:231:10)
    at _callCircusTest (/Users/dogukantansuk/Projects/Tansuk/@tansuk/rott-ui/node_modules/jest-circus/build/run.js:316:40)
    at _runTest (/Users/dogukantansuk/Projects/Tansuk/@tansuk/rott-ui/node_modules/jest-circus/build/run.js:252:3)
    at _runTestsForDescribeBlock (/Users/dogukantansuk/Projects/Tansuk/@tansuk/rott-ui/node_modules/jest-circus/build/run.js:126:9)
    at _runTestsForDescribeBlock (/Users/dogukantansuk/Projects/Tansuk/@tansuk/rott-ui/node_modules/jest-circus/build/run.js:121:9)
    at run (/Users/dogukantansuk/Projects/Tansuk/@tansuk/rott-ui/node_modules/jest-circus/build/run.js:71:3)
    at runAndTransformResultsToJestFormat (/Users/dogukantansuk/Projects/Tansuk/@tansuk/rott-ui/node_modules/jest-circus/build/legacy-code-todo-rewrite/jestAdapterInit.js:122:21)
    at jestAdapter (/Users/dogukantansuk/Projects/Tansuk/@tansuk/rott-ui/node_modules/jest-circus/build/legacy-code-todo-rewrite/jestAdapter.js:79:19)
    at runTestInternal (/Users/dogukantansuk/Projects/Tansuk/@tansuk/rott-ui/node_modules/jest-runner/build/runTest.js:367:16)
    at runTest (/Users/dogukantansuk/Projects/Tansuk/@tansuk/rott-ui/node_modules/jest-runner/build/runTest.js:444:34)
    at Object.worker (/Users/dogukantansuk/Projects/Tansuk/@tansuk/rott-ui/node_modules/jest-runner/build/testWorker.js:106:12)</failure>
    </testcase>
    <testcase classname="ResultScreen Test action verildiğinde action testID ile ekranda olmalı" name="ResultScreen Test action verildiğinde action testID ile ekranda olmalı" time="0.003">
      <failure>TypeError: (0 , react_native_safe_area_context_1.useSafeArea) is not a function
    at Content (/Users/dogukantansuk/Projects/Tansuk/@tansuk/rott-ui/src/features/Content/components/Content.tsx:36:31)
    at Object.Component [as react-stack-bottom-frame] (/Users/dogukantansuk/Projects/Tansuk/@tansuk/rott-ui/node_modules/react-test-renderer/cjs/react-test-renderer.development.js:12679:20)
    at callComponentInDEV (/Users/dogukantansuk/Projects/Tansuk/@tansuk/rott-ui/node_modules/react-test-renderer/cjs/react-test-renderer.development.js:3622:25)
    at renderWithHooks (/Users/dogukantansuk/Projects/Tansuk/@tansuk/rott-ui/node_modules/react-test-renderer/cjs/react-test-renderer.development.js:5635:19)
    at updateFunctionComponent (/Users/dogukantansuk/Projects/Tansuk/@tansuk/rott-ui/node_modules/react-test-renderer/cjs/react-test-renderer.development.js:7086:18)
    at callback (/Users/dogukantansuk/Projects/Tansuk/@tansuk/rott-ui/node_modules/react-test-renderer/cjs/react-test-renderer.development.js:540:16)
    at runWithFiberInDEV (/Users/dogukantansuk/Projects/Tansuk/@tansuk/rott-ui/node_modules/react-test-renderer/cjs/react-test-renderer.development.js:10925:22)
    at performUnitOfWork (/Users/dogukantansuk/Projects/Tansuk/@tansuk/rott-ui/node_modules/react-test-renderer/cjs/react-test-renderer.development.js:10763:41)
    at workLoopSync (/Users/dogukantansuk/Projects/Tansuk/@tansuk/rott-ui/node_modules/react-test-renderer/cjs/react-test-renderer.development.js:10744:11)
    at renderRootSync (/Users/dogukantansuk/Projects/Tansuk/@tansuk/rott-ui/node_modules/react-test-renderer/cjs/react-test-renderer.development.js:10299:39)
    at performWorkOnRoot (/Users/dogukantansuk/Projects/Tansuk/@tansuk/rott-ui/node_modules/react-test-renderer/cjs/react-test-renderer.development.js:1879:7)
    at flushActQueue (/Users/dogukantansuk/Projects/Tansuk/@tansuk/rott-ui/node_modules/react/cjs/react.development.js:862:34)
    at Object.&lt;anonymous&gt;.process.env.NODE_ENV.exports.act (/Users/dogukantansuk/Projects/Tansuk/@tansuk/rott-ui/node_modules/react/cjs/react.development.js:1151:10)
    at actImplementation (/Users/dogukantansuk/Projects/Tansuk/@tansuk/rott-ui/node_modules/@testing-library/react-native/src/act.ts:31:25)
    at renderWithAct (/Users/dogukantansuk/Projects/Tansuk/@tansuk/rott-ui/node_modules/@testing-library/react-native/src/render-act.ts:13:11)
    at renderInternal (/Users/dogukantansuk/Projects/Tansuk/@tansuk/rott-ui/node_modules/@testing-library/react-native/src/render.tsx:69:33)
    at renderInternal (/Users/dogukantansuk/Projects/Tansuk/@tansuk/rott-ui/node_modules/@testing-library/react-native/src/render.tsx:44:10)
    at customRender (/Users/dogukantansuk/Projects/Tansuk/@tansuk/rott-ui/src/__tests__/utils/testUtils.ts:11:56)
    at Object.&lt;anonymous&gt; (/Users/dogukantansuk/Projects/Tansuk/@tansuk/rott-ui/src/features/Result/__tests__/ResultScreen.test.tsx:157:33)
    at Promise.then.completed (/Users/dogukantansuk/Projects/Tansuk/@tansuk/rott-ui/node_modules/jest-circus/build/utils.js:298:28)
    at new Promise (&lt;anonymous&gt;)
    at callAsyncCircusFn (/Users/dogukantansuk/Projects/Tansuk/@tansuk/rott-ui/node_modules/jest-circus/build/utils.js:231:10)
    at _callCircusTest (/Users/dogukantansuk/Projects/Tansuk/@tansuk/rott-ui/node_modules/jest-circus/build/run.js:316:40)
    at _runTest (/Users/dogukantansuk/Projects/Tansuk/@tansuk/rott-ui/node_modules/jest-circus/build/run.js:252:3)
    at _runTestsForDescribeBlock (/Users/dogukantansuk/Projects/Tansuk/@tansuk/rott-ui/node_modules/jest-circus/build/run.js:126:9)
    at _runTestsForDescribeBlock (/Users/dogukantansuk/Projects/Tansuk/@tansuk/rott-ui/node_modules/jest-circus/build/run.js:121:9)
    at run (/Users/dogukantansuk/Projects/Tansuk/@tansuk/rott-ui/node_modules/jest-circus/build/run.js:71:3)
    at runAndTransformResultsToJestFormat (/Users/dogukantansuk/Projects/Tansuk/@tansuk/rott-ui/node_modules/jest-circus/build/legacy-code-todo-rewrite/jestAdapterInit.js:122:21)
    at jestAdapter (/Users/dogukantansuk/Projects/Tansuk/@tansuk/rott-ui/node_modules/jest-circus/build/legacy-code-todo-rewrite/jestAdapter.js:79:19)
    at runTestInternal (/Users/dogukantansuk/Projects/Tansuk/@tansuk/rott-ui/node_modules/jest-runner/build/runTest.js:367:16)
    at runTest (/Users/dogukantansuk/Projects/Tansuk/@tansuk/rott-ui/node_modules/jest-runner/build/runTest.js:444:34)
    at Object.worker (/Users/dogukantansuk/Projects/Tansuk/@tansuk/rott-ui/node_modules/jest-runner/build/testWorker.js:106:12)</failure>
    </testcase>
  </testsuite>
  <testsuite name="Plate Number Input -&gt; Custom Input" errors="0" failures="2" skipped="0" timestamp="2025-08-04T18:37:30" time="7.143" tests="5">
    <testcase classname="Plate Number Input -&gt; Custom Input plate number input ilk render anında snapshot ile eşleşmeli" name="Plate Number Input -&gt; Custom Input plate number input ilk render anında snapshot ile eşleşmeli" time="0.061">
    </testcase>
    <testcase classname="Plate Number Input -&gt; Custom Input plate number input numeric karakterleri ve buyuk karakterleri kabul etmeli" name="Plate Number Input -&gt; Custom Input plate number input numeric karakterleri ve buyuk karakterleri kabul etmeli" time="0.004">
      <failure>Error: expect(jest.fn()).toHaveBeenCalledWith(...expected)

Expected: &quot;D123&quot;
Received: &quot;ABCD123&quot;

Number of calls: 1
    at Object.&lt;anonymous&gt; (/Users/dogukantansuk/Projects/Tansuk/@tansuk/rott-ui/src/features/Input/__tests__/PlateNumberInput.test.tsx:26:30)
    at Promise.then.completed (/Users/dogukantansuk/Projects/Tansuk/@tansuk/rott-ui/node_modules/jest-circus/build/utils.js:298:28)
    at new Promise (&lt;anonymous&gt;)
    at callAsyncCircusFn (/Users/dogukantansuk/Projects/Tansuk/@tansuk/rott-ui/node_modules/jest-circus/build/utils.js:231:10)
    at _callCircusTest (/Users/dogukantansuk/Projects/Tansuk/@tansuk/rott-ui/node_modules/jest-circus/build/run.js:316:40)
    at _runTest (/Users/dogukantansuk/Projects/Tansuk/@tansuk/rott-ui/node_modules/jest-circus/build/run.js:252:3)
    at _runTestsForDescribeBlock (/Users/dogukantansuk/Projects/Tansuk/@tansuk/rott-ui/node_modules/jest-circus/build/run.js:126:9)
    at _runTestsForDescribeBlock (/Users/dogukantansuk/Projects/Tansuk/@tansuk/rott-ui/node_modules/jest-circus/build/run.js:121:9)
    at run (/Users/dogukantansuk/Projects/Tansuk/@tansuk/rott-ui/node_modules/jest-circus/build/run.js:71:3)
    at runAndTransformResultsToJestFormat (/Users/dogukantansuk/Projects/Tansuk/@tansuk/rott-ui/node_modules/jest-circus/build/legacy-code-todo-rewrite/jestAdapterInit.js:122:21)
    at jestAdapter (/Users/dogukantansuk/Projects/Tansuk/@tansuk/rott-ui/node_modules/jest-circus/build/legacy-code-todo-rewrite/jestAdapter.js:79:19)
    at runTestInternal (/Users/dogukantansuk/Projects/Tansuk/@tansuk/rott-ui/node_modules/jest-runner/build/runTest.js:367:16)
    at runTest (/Users/dogukantansuk/Projects/Tansuk/@tansuk/rott-ui/node_modules/jest-runner/build/runTest.js:444:34)
    at Object.worker (/Users/dogukantansuk/Projects/Tansuk/@tansuk/rott-ui/node_modules/jest-runner/build/testWorker.js:106:12)</failure>
    </testcase>
    <testcase classname="Plate Number Input -&gt; Custom Input plate number input küçük harf ve özel karakter kabul etmemeli" name="Plate Number Input -&gt; Custom Input plate number input küçük harf ve özel karakter kabul etmemeli" time="0.008">
    </testcase>
    <testcase classname="Plate Number Input -&gt; Custom Input plate number input render olduğu zaman klavye default olarak ekranda görülmeli" name="Plate Number Input -&gt; Custom Input plate number input render olduğu zaman klavye default olarak ekranda görülmeli" time="0.002">
    </testcase>
    <testcase classname="Plate Number Input -&gt; Custom Input kopyalanan plate number yapıştırıldığında bosluklar trimlenmeli ve buyuk harf kabul etmeli" name="Plate Number Input -&gt; Custom Input kopyalanan plate number yapıştırıldığında bosluklar trimlenmeli ve buyuk harf kabul etmeli" time="0.003">
      <failure>Error: expect(jest.fn()).toHaveBeenCalledWith(...expected)

Expected: &quot;A1234&quot;
Received: &quot;ABC1234&quot;

Number of calls: 1
    at Object.&lt;anonymous&gt; (/Users/dogukantansuk/Projects/Tansuk/@tansuk/rott-ui/src/features/Input/__tests__/PlateNumberInput.test.tsx:69:30)</failure>
    </testcase>
  </testsuite>
  <testsuite name="Select Input -&gt; Custom Input" errors="0" failures="16" skipped="0" timestamp="2025-08-04T18:37:30" time="7.271" tests="16">
    <testcase classname="Select Input -&gt; Custom Input ilk render anında snapshot ile eşleşmeli" name="Select Input -&gt; Custom Input ilk render anında snapshot ile eşleşmeli" time="0.214">
      <failure>Error: Element type is invalid: expected a string (for built-in components) or a class/function (for composite components) but got: undefined. You likely forgot to export your component from the file it&apos;s defined in, or you might have mixed up default and named imports.

Check the render method of `Icon`.
    at Error (/Users/dogukantansuk/Projects/Tansuk/@tansuk/rott-ui/node_modules/react-test-renderer/cjs/react-test-renderer.development.js:11889:28)
    at createFiberFromTypeAndProps (/Users/dogukantansuk/Projects/Tansuk/@tansuk/rott-ui/node_modules/react-test-renderer/cjs/react-test-renderer.development.js:11903:14)
    at createFiberFromElement (/Users/dogukantansuk/Projects/Tansuk/@tansuk/rott-ui/node_modules/react-test-renderer/cjs/react-test-renderer.development.js:3203:31)
    at reconcileChildFibersImpl (/Users/dogukantansuk/Projects/Tansuk/@tansuk/rott-ui/node_modules/react-test-renderer/cjs/react-test-renderer.development.js:3380:33)
    at mountChildFibers (/Users/dogukantansuk/Projects/Tansuk/@tansuk/rott-ui/node_modules/react-test-renderer/cjs/react-test-renderer.development.js:5361:13)
    at reconcileChildren (/Users/dogukantansuk/Projects/Tansuk/@tansuk/rott-ui/node_modules/react-test-renderer/cjs/react-test-renderer.development.js:7163:13)
    at callback (/Users/dogukantansuk/Projects/Tansuk/@tansuk/rott-ui/node_modules/react-test-renderer/cjs/react-test-renderer.development.js:540:16)
    at runWithFiberInDEV (/Users/dogukantansuk/Projects/Tansuk/@tansuk/rott-ui/node_modules/react-test-renderer/cjs/react-test-renderer.development.js:10925:22)
    at performUnitOfWork (/Users/dogukantansuk/Projects/Tansuk/@tansuk/rott-ui/node_modules/react-test-renderer/cjs/react-test-renderer.development.js:10763:41)
    at workLoopSync (/Users/dogukantansuk/Projects/Tansuk/@tansuk/rott-ui/node_modules/react-test-renderer/cjs/react-test-renderer.development.js:10744:11)
    at renderRootSync (/Users/dogukantansuk/Projects/Tansuk/@tansuk/rott-ui/node_modules/react-test-renderer/cjs/react-test-renderer.development.js:10299:39)
    at performWorkOnRoot (/Users/dogukantansuk/Projects/Tansuk/@tansuk/rott-ui/node_modules/react-test-renderer/cjs/react-test-renderer.development.js:1879:7)
    at flushActQueue (/Users/dogukantansuk/Projects/Tansuk/@tansuk/rott-ui/node_modules/react/cjs/react.development.js:862:34)
    at Object.&lt;anonymous&gt;.process.env.NODE_ENV.exports.act (/Users/dogukantansuk/Projects/Tansuk/@tansuk/rott-ui/node_modules/react/cjs/react.development.js:1151:10)
    at actImplementation (/Users/dogukantansuk/Projects/Tansuk/@tansuk/rott-ui/node_modules/@testing-library/react-native/src/act.ts:31:25)
    at renderWithAct (/Users/dogukantansuk/Projects/Tansuk/@tansuk/rott-ui/node_modules/@testing-library/react-native/src/render-act.ts:13:11)
    at renderInternal (/Users/dogukantansuk/Projects/Tansuk/@tansuk/rott-ui/node_modules/@testing-library/react-native/src/render.tsx:69:33)
    at renderInternal (/Users/dogukantansuk/Projects/Tansuk/@tansuk/rott-ui/node_modules/@testing-library/react-native/src/render.tsx:44:10)
    at customRender (/Users/dogukantansuk/Projects/Tansuk/@tansuk/rott-ui/src/__tests__/utils/testUtils.ts:11:56)
    at Object.&lt;anonymous&gt; (/Users/dogukantansuk/Projects/Tansuk/@tansuk/rott-ui/src/features/Input/__tests__/SelectInput.test.tsx:42:28)
    at Promise.then.completed (/Users/dogukantansuk/Projects/Tansuk/@tansuk/rott-ui/node_modules/jest-circus/build/utils.js:298:28)
    at new Promise (&lt;anonymous&gt;)
    at callAsyncCircusFn (/Users/dogukantansuk/Projects/Tansuk/@tansuk/rott-ui/node_modules/jest-circus/build/utils.js:231:10)
    at _callCircusTest (/Users/dogukantansuk/Projects/Tansuk/@tansuk/rott-ui/node_modules/jest-circus/build/run.js:316:40)
    at processTicksAndRejections (node:internal/process/task_queues:105:5)
    at _runTest (/Users/dogukantansuk/Projects/Tansuk/@tansuk/rott-ui/node_modules/jest-circus/build/run.js:252:3)
    at _runTestsForDescribeBlock (/Users/dogukantansuk/Projects/Tansuk/@tansuk/rott-ui/node_modules/jest-circus/build/run.js:126:9)
    at _runTestsForDescribeBlock (/Users/dogukantansuk/Projects/Tansuk/@tansuk/rott-ui/node_modules/jest-circus/build/run.js:121:9)
    at run (/Users/dogukantansuk/Projects/Tansuk/@tansuk/rott-ui/node_modules/jest-circus/build/run.js:71:3)
    at runAndTransformResultsToJestFormat (/Users/dogukantansuk/Projects/Tansuk/@tansuk/rott-ui/node_modules/jest-circus/build/legacy-code-todo-rewrite/jestAdapterInit.js:122:21)
    at jestAdapter (/Users/dogukantansuk/Projects/Tansuk/@tansuk/rott-ui/node_modules/jest-circus/build/legacy-code-todo-rewrite/jestAdapter.js:79:19)
    at runTestInternal (/Users/dogukantansuk/Projects/Tansuk/@tansuk/rott-ui/node_modules/jest-runner/build/runTest.js:367:16)
    at runTest (/Users/dogukantansuk/Projects/Tansuk/@tansuk/rott-ui/node_modules/jest-runner/build/runTest.js:444:34)
    at Object.worker (/Users/dogukantansuk/Projects/Tansuk/@tansuk/rott-ui/node_modules/jest-runner/build/testWorker.js:106:12)</failure>
    </testcase>
    <testcase classname="Select Input -&gt; Custom Input select inputa tıklandığında input modal olarak açılmalı" name="Select Input -&gt; Custom Input select inputa tıklandığında input modal olarak açılmalı" time="0.002">
      <failure>Error: Element type is invalid: expected a string (for built-in components) or a class/function (for composite components) but got: undefined. You likely forgot to export your component from the file it&apos;s defined in, or you might have mixed up default and named imports.

Check the render method of `Icon`.
    at Error (/Users/dogukantansuk/Projects/Tansuk/@tansuk/rott-ui/node_modules/react-test-renderer/cjs/react-test-renderer.development.js:11889:28)
    at createFiberFromTypeAndProps (/Users/dogukantansuk/Projects/Tansuk/@tansuk/rott-ui/node_modules/react-test-renderer/cjs/react-test-renderer.development.js:11903:14)
    at createFiberFromElement (/Users/dogukantansuk/Projects/Tansuk/@tansuk/rott-ui/node_modules/react-test-renderer/cjs/react-test-renderer.development.js:3203:31)
    at reconcileChildFibersImpl (/Users/dogukantansuk/Projects/Tansuk/@tansuk/rott-ui/node_modules/react-test-renderer/cjs/react-test-renderer.development.js:3380:33)
    at mountChildFibers (/Users/dogukantansuk/Projects/Tansuk/@tansuk/rott-ui/node_modules/react-test-renderer/cjs/react-test-renderer.development.js:5361:13)
    at reconcileChildren (/Users/dogukantansuk/Projects/Tansuk/@tansuk/rott-ui/node_modules/react-test-renderer/cjs/react-test-renderer.development.js:7163:13)
    at callback (/Users/dogukantansuk/Projects/Tansuk/@tansuk/rott-ui/node_modules/react-test-renderer/cjs/react-test-renderer.development.js:540:16)
    at runWithFiberInDEV (/Users/dogukantansuk/Projects/Tansuk/@tansuk/rott-ui/node_modules/react-test-renderer/cjs/react-test-renderer.development.js:10925:22)
    at performUnitOfWork (/Users/dogukantansuk/Projects/Tansuk/@tansuk/rott-ui/node_modules/react-test-renderer/cjs/react-test-renderer.development.js:10763:41)
    at workLoopSync (/Users/dogukantansuk/Projects/Tansuk/@tansuk/rott-ui/node_modules/react-test-renderer/cjs/react-test-renderer.development.js:10744:11)
    at renderRootSync (/Users/dogukantansuk/Projects/Tansuk/@tansuk/rott-ui/node_modules/react-test-renderer/cjs/react-test-renderer.development.js:10299:39)
    at performWorkOnRoot (/Users/dogukantansuk/Projects/Tansuk/@tansuk/rott-ui/node_modules/react-test-renderer/cjs/react-test-renderer.development.js:1879:7)
    at flushActQueue (/Users/dogukantansuk/Projects/Tansuk/@tansuk/rott-ui/node_modules/react/cjs/react.development.js:862:34)
    at Object.&lt;anonymous&gt;.process.env.NODE_ENV.exports.act (/Users/dogukantansuk/Projects/Tansuk/@tansuk/rott-ui/node_modules/react/cjs/react.development.js:1151:10)
    at actImplementation (/Users/dogukantansuk/Projects/Tansuk/@tansuk/rott-ui/node_modules/@testing-library/react-native/src/act.ts:31:25)
    at renderWithAct (/Users/dogukantansuk/Projects/Tansuk/@tansuk/rott-ui/node_modules/@testing-library/react-native/src/render-act.ts:13:11)
    at renderInternal (/Users/dogukantansuk/Projects/Tansuk/@tansuk/rott-ui/node_modules/@testing-library/react-native/src/render.tsx:69:33)
    at renderInternal (/Users/dogukantansuk/Projects/Tansuk/@tansuk/rott-ui/node_modules/@testing-library/react-native/src/render.tsx:44:10)
    at customRender (/Users/dogukantansuk/Projects/Tansuk/@tansuk/rott-ui/src/__tests__/utils/testUtils.ts:11:56)
    at Object.&lt;anonymous&gt; (/Users/dogukantansuk/Projects/Tansuk/@tansuk/rott-ui/src/features/Input/__tests__/SelectInput.test.tsx:53:33)
    at Promise.then.completed (/Users/dogukantansuk/Projects/Tansuk/@tansuk/rott-ui/node_modules/jest-circus/build/utils.js:298:28)
    at new Promise (&lt;anonymous&gt;)
    at callAsyncCircusFn (/Users/dogukantansuk/Projects/Tansuk/@tansuk/rott-ui/node_modules/jest-circus/build/utils.js:231:10)
    at _callCircusTest (/Users/dogukantansuk/Projects/Tansuk/@tansuk/rott-ui/node_modules/jest-circus/build/run.js:316:40)
    at _runTest (/Users/dogukantansuk/Projects/Tansuk/@tansuk/rott-ui/node_modules/jest-circus/build/run.js:252:3)
    at _runTestsForDescribeBlock (/Users/dogukantansuk/Projects/Tansuk/@tansuk/rott-ui/node_modules/jest-circus/build/run.js:126:9)
    at _runTestsForDescribeBlock (/Users/dogukantansuk/Projects/Tansuk/@tansuk/rott-ui/node_modules/jest-circus/build/run.js:121:9)
    at run (/Users/dogukantansuk/Projects/Tansuk/@tansuk/rott-ui/node_modules/jest-circus/build/run.js:71:3)
    at runAndTransformResultsToJestFormat (/Users/dogukantansuk/Projects/Tansuk/@tansuk/rott-ui/node_modules/jest-circus/build/legacy-code-todo-rewrite/jestAdapterInit.js:122:21)
    at jestAdapter (/Users/dogukantansuk/Projects/Tansuk/@tansuk/rott-ui/node_modules/jest-circus/build/legacy-code-todo-rewrite/jestAdapter.js:79:19)
    at runTestInternal (/Users/dogukantansuk/Projects/Tansuk/@tansuk/rott-ui/node_modules/jest-runner/build/runTest.js:367:16)
    at runTest (/Users/dogukantansuk/Projects/Tansuk/@tansuk/rott-ui/node_modules/jest-runner/build/runTest.js:444:34)
    at Object.worker (/Users/dogukantansuk/Projects/Tansuk/@tansuk/rott-ui/node_modules/jest-runner/build/testWorker.js:106:12)</failure>
    </testcase>
    <testcase classname="Select Input -&gt; Custom Input select input secildigi zaman listenin ekranda gorunur olmali" name="Select Input -&gt; Custom Input select input secildigi zaman listenin ekranda gorunur olmali" time="0.006">
      <failure>Error: Element type is invalid: expected a string (for built-in components) or a class/function (for composite components) but got: undefined. You likely forgot to export your component from the file it&apos;s defined in, or you might have mixed up default and named imports.

Check the render method of `Icon`.
    at Error (/Users/dogukantansuk/Projects/Tansuk/@tansuk/rott-ui/node_modules/react-test-renderer/cjs/react-test-renderer.development.js:11889:28)
    at createFiberFromTypeAndProps (/Users/dogukantansuk/Projects/Tansuk/@tansuk/rott-ui/node_modules/react-test-renderer/cjs/react-test-renderer.development.js:11903:14)
    at createFiberFromElement (/Users/dogukantansuk/Projects/Tansuk/@tansuk/rott-ui/node_modules/react-test-renderer/cjs/react-test-renderer.development.js:3203:31)
    at reconcileChildFibersImpl (/Users/dogukantansuk/Projects/Tansuk/@tansuk/rott-ui/node_modules/react-test-renderer/cjs/react-test-renderer.development.js:3380:33)
    at mountChildFibers (/Users/dogukantansuk/Projects/Tansuk/@tansuk/rott-ui/node_modules/react-test-renderer/cjs/react-test-renderer.development.js:5361:13)
    at reconcileChildren (/Users/dogukantansuk/Projects/Tansuk/@tansuk/rott-ui/node_modules/react-test-renderer/cjs/react-test-renderer.development.js:7163:13)
    at callback (/Users/dogukantansuk/Projects/Tansuk/@tansuk/rott-ui/node_modules/react-test-renderer/cjs/react-test-renderer.development.js:540:16)
    at runWithFiberInDEV (/Users/dogukantansuk/Projects/Tansuk/@tansuk/rott-ui/node_modules/react-test-renderer/cjs/react-test-renderer.development.js:10925:22)
    at performUnitOfWork (/Users/dogukantansuk/Projects/Tansuk/@tansuk/rott-ui/node_modules/react-test-renderer/cjs/react-test-renderer.development.js:10763:41)
    at workLoopSync (/Users/dogukantansuk/Projects/Tansuk/@tansuk/rott-ui/node_modules/react-test-renderer/cjs/react-test-renderer.development.js:10744:11)
    at renderRootSync (/Users/dogukantansuk/Projects/Tansuk/@tansuk/rott-ui/node_modules/react-test-renderer/cjs/react-test-renderer.development.js:10299:39)
    at performWorkOnRoot (/Users/dogukantansuk/Projects/Tansuk/@tansuk/rott-ui/node_modules/react-test-renderer/cjs/react-test-renderer.development.js:1879:7)
    at flushActQueue (/Users/dogukantansuk/Projects/Tansuk/@tansuk/rott-ui/node_modules/react/cjs/react.development.js:862:34)
    at Object.&lt;anonymous&gt;.process.env.NODE_ENV.exports.act (/Users/dogukantansuk/Projects/Tansuk/@tansuk/rott-ui/node_modules/react/cjs/react.development.js:1151:10)
    at actImplementation (/Users/dogukantansuk/Projects/Tansuk/@tansuk/rott-ui/node_modules/@testing-library/react-native/src/act.ts:31:25)
    at renderWithAct (/Users/dogukantansuk/Projects/Tansuk/@tansuk/rott-ui/node_modules/@testing-library/react-native/src/render-act.ts:13:11)
    at renderInternal (/Users/dogukantansuk/Projects/Tansuk/@tansuk/rott-ui/node_modules/@testing-library/react-native/src/render.tsx:69:33)
    at renderInternal (/Users/dogukantansuk/Projects/Tansuk/@tansuk/rott-ui/node_modules/@testing-library/react-native/src/render.tsx:44:10)
    at customRender (/Users/dogukantansuk/Projects/Tansuk/@tansuk/rott-ui/src/__tests__/utils/testUtils.ts:11:56)
    at Object.&lt;anonymous&gt; (/Users/dogukantansuk/Projects/Tansuk/@tansuk/rott-ui/src/features/Input/__tests__/SelectInput.test.tsx:69:33)
    at Promise.then.completed (/Users/dogukantansuk/Projects/Tansuk/@tansuk/rott-ui/node_modules/jest-circus/build/utils.js:298:28)
    at new Promise (&lt;anonymous&gt;)
    at callAsyncCircusFn (/Users/dogukantansuk/Projects/Tansuk/@tansuk/rott-ui/node_modules/jest-circus/build/utils.js:231:10)
    at _callCircusTest (/Users/dogukantansuk/Projects/Tansuk/@tansuk/rott-ui/node_modules/jest-circus/build/run.js:316:40)
    at _runTest (/Users/dogukantansuk/Projects/Tansuk/@tansuk/rott-ui/node_modules/jest-circus/build/run.js:252:3)
    at _runTestsForDescribeBlock (/Users/dogukantansuk/Projects/Tansuk/@tansuk/rott-ui/node_modules/jest-circus/build/run.js:126:9)
    at _runTestsForDescribeBlock (/Users/dogukantansuk/Projects/Tansuk/@tansuk/rott-ui/node_modules/jest-circus/build/run.js:121:9)
    at run (/Users/dogukantansuk/Projects/Tansuk/@tansuk/rott-ui/node_modules/jest-circus/build/run.js:71:3)
    at runAndTransformResultsToJestFormat (/Users/dogukantansuk/Projects/Tansuk/@tansuk/rott-ui/node_modules/jest-circus/build/legacy-code-todo-rewrite/jestAdapterInit.js:122:21)
    at jestAdapter (/Users/dogukantansuk/Projects/Tansuk/@tansuk/rott-ui/node_modules/jest-circus/build/legacy-code-todo-rewrite/jestAdapter.js:79:19)
    at runTestInternal (/Users/dogukantansuk/Projects/Tansuk/@tansuk/rott-ui/node_modules/jest-runner/build/runTest.js:367:16)
    at runTest (/Users/dogukantansuk/Projects/Tansuk/@tansuk/rott-ui/node_modules/jest-runner/build/runTest.js:444:34)
    at Object.worker (/Users/dogukantansuk/Projects/Tansuk/@tansuk/rott-ui/node_modules/jest-runner/build/testWorker.js:106:12)</failure>
    </testcase>
    <testcase classname="Select Input -&gt; Custom Input default value verildiginde varsayilan deger duzgun sekilde almali" name="Select Input -&gt; Custom Input default value verildiginde varsayilan deger duzgun sekilde almali" time="0.007">
      <failure>Error: Element type is invalid: expected a string (for built-in components) or a class/function (for composite components) but got: undefined. You likely forgot to export your component from the file it&apos;s defined in, or you might have mixed up default and named imports.

Check the render method of `Icon`.
    at Error (/Users/dogukantansuk/Projects/Tansuk/@tansuk/rott-ui/node_modules/react-test-renderer/cjs/react-test-renderer.development.js:11889:28)
    at createFiberFromTypeAndProps (/Users/dogukantansuk/Projects/Tansuk/@tansuk/rott-ui/node_modules/react-test-renderer/cjs/react-test-renderer.development.js:11903:14)
    at createFiberFromElement (/Users/dogukantansuk/Projects/Tansuk/@tansuk/rott-ui/node_modules/react-test-renderer/cjs/react-test-renderer.development.js:3203:31)
    at reconcileChildFibersImpl (/Users/dogukantansuk/Projects/Tansuk/@tansuk/rott-ui/node_modules/react-test-renderer/cjs/react-test-renderer.development.js:3380:33)
    at mountChildFibers (/Users/dogukantansuk/Projects/Tansuk/@tansuk/rott-ui/node_modules/react-test-renderer/cjs/react-test-renderer.development.js:5361:13)
    at reconcileChildren (/Users/dogukantansuk/Projects/Tansuk/@tansuk/rott-ui/node_modules/react-test-renderer/cjs/react-test-renderer.development.js:7163:13)
    at callback (/Users/dogukantansuk/Projects/Tansuk/@tansuk/rott-ui/node_modules/react-test-renderer/cjs/react-test-renderer.development.js:540:16)
    at runWithFiberInDEV (/Users/dogukantansuk/Projects/Tansuk/@tansuk/rott-ui/node_modules/react-test-renderer/cjs/react-test-renderer.development.js:10925:22)
    at performUnitOfWork (/Users/dogukantansuk/Projects/Tansuk/@tansuk/rott-ui/node_modules/react-test-renderer/cjs/react-test-renderer.development.js:10763:41)
    at workLoopSync (/Users/dogukantansuk/Projects/Tansuk/@tansuk/rott-ui/node_modules/react-test-renderer/cjs/react-test-renderer.development.js:10744:11)
    at renderRootSync (/Users/dogukantansuk/Projects/Tansuk/@tansuk/rott-ui/node_modules/react-test-renderer/cjs/react-test-renderer.development.js:10299:39)
    at performWorkOnRoot (/Users/dogukantansuk/Projects/Tansuk/@tansuk/rott-ui/node_modules/react-test-renderer/cjs/react-test-renderer.development.js:1879:7)
    at flushActQueue (/Users/dogukantansuk/Projects/Tansuk/@tansuk/rott-ui/node_modules/react/cjs/react.development.js:862:34)
    at Object.&lt;anonymous&gt;.process.env.NODE_ENV.exports.act (/Users/dogukantansuk/Projects/Tansuk/@tansuk/rott-ui/node_modules/react/cjs/react.development.js:1151:10)
    at actImplementation (/Users/dogukantansuk/Projects/Tansuk/@tansuk/rott-ui/node_modules/@testing-library/react-native/src/act.ts:31:25)
    at renderWithAct (/Users/dogukantansuk/Projects/Tansuk/@tansuk/rott-ui/node_modules/@testing-library/react-native/src/render-act.ts:13:11)
    at renderInternal (/Users/dogukantansuk/Projects/Tansuk/@tansuk/rott-ui/node_modules/@testing-library/react-native/src/render.tsx:69:33)
    at renderInternal (/Users/dogukantansuk/Projects/Tansuk/@tansuk/rott-ui/node_modules/@testing-library/react-native/src/render.tsx:44:10)
    at customRender (/Users/dogukantansuk/Projects/Tansuk/@tansuk/rott-ui/src/__tests__/utils/testUtils.ts:11:56)
    at Object.&lt;anonymous&gt; (/Users/dogukantansuk/Projects/Tansuk/@tansuk/rott-ui/src/features/Input/__tests__/SelectInput.test.tsx:90:33)
    at Promise.then.completed (/Users/dogukantansuk/Projects/Tansuk/@tansuk/rott-ui/node_modules/jest-circus/build/utils.js:298:28)
    at new Promise (&lt;anonymous&gt;)
    at callAsyncCircusFn (/Users/dogukantansuk/Projects/Tansuk/@tansuk/rott-ui/node_modules/jest-circus/build/utils.js:231:10)
    at _callCircusTest (/Users/dogukantansuk/Projects/Tansuk/@tansuk/rott-ui/node_modules/jest-circus/build/run.js:316:40)
    at _runTest (/Users/dogukantansuk/Projects/Tansuk/@tansuk/rott-ui/node_modules/jest-circus/build/run.js:252:3)
    at _runTestsForDescribeBlock (/Users/dogukantansuk/Projects/Tansuk/@tansuk/rott-ui/node_modules/jest-circus/build/run.js:126:9)
    at _runTestsForDescribeBlock (/Users/dogukantansuk/Projects/Tansuk/@tansuk/rott-ui/node_modules/jest-circus/build/run.js:121:9)
    at run (/Users/dogukantansuk/Projects/Tansuk/@tansuk/rott-ui/node_modules/jest-circus/build/run.js:71:3)
    at runAndTransformResultsToJestFormat (/Users/dogukantansuk/Projects/Tansuk/@tansuk/rott-ui/node_modules/jest-circus/build/legacy-code-todo-rewrite/jestAdapterInit.js:122:21)
    at jestAdapter (/Users/dogukantansuk/Projects/Tansuk/@tansuk/rott-ui/node_modules/jest-circus/build/legacy-code-todo-rewrite/jestAdapter.js:79:19)
    at runTestInternal (/Users/dogukantansuk/Projects/Tansuk/@tansuk/rott-ui/node_modules/jest-runner/build/runTest.js:367:16)
    at runTest (/Users/dogukantansuk/Projects/Tansuk/@tansuk/rott-ui/node_modules/jest-runner/build/runTest.js:444:34)
    at Object.worker (/Users/dogukantansuk/Projects/Tansuk/@tansuk/rott-ui/node_modules/jest-runner/build/testWorker.js:106:12)</failure>
    </testcase>
    <testcase classname="Select Input -&gt; Custom Input secim yapildiginda deger dogru sekilde atanmali" name="Select Input -&gt; Custom Input secim yapildiginda deger dogru sekilde atanmali" time="0.008">
      <failure>Error: Element type is invalid: expected a string (for built-in components) or a class/function (for composite components) but got: undefined. You likely forgot to export your component from the file it&apos;s defined in, or you might have mixed up default and named imports.

Check the render method of `Icon`.
    at Error (/Users/dogukantansuk/Projects/Tansuk/@tansuk/rott-ui/node_modules/react-test-renderer/cjs/react-test-renderer.development.js:11889:28)
    at createFiberFromTypeAndProps (/Users/dogukantansuk/Projects/Tansuk/@tansuk/rott-ui/node_modules/react-test-renderer/cjs/react-test-renderer.development.js:11903:14)
    at createFiberFromElement (/Users/dogukantansuk/Projects/Tansuk/@tansuk/rott-ui/node_modules/react-test-renderer/cjs/react-test-renderer.development.js:3203:31)
    at reconcileChildFibersImpl (/Users/dogukantansuk/Projects/Tansuk/@tansuk/rott-ui/node_modules/react-test-renderer/cjs/react-test-renderer.development.js:3380:33)
    at mountChildFibers (/Users/dogukantansuk/Projects/Tansuk/@tansuk/rott-ui/node_modules/react-test-renderer/cjs/react-test-renderer.development.js:5361:13)
    at reconcileChildren (/Users/dogukantansuk/Projects/Tansuk/@tansuk/rott-ui/node_modules/react-test-renderer/cjs/react-test-renderer.development.js:7163:13)
    at callback (/Users/dogukantansuk/Projects/Tansuk/@tansuk/rott-ui/node_modules/react-test-renderer/cjs/react-test-renderer.development.js:540:16)
    at runWithFiberInDEV (/Users/dogukantansuk/Projects/Tansuk/@tansuk/rott-ui/node_modules/react-test-renderer/cjs/react-test-renderer.development.js:10925:22)
    at performUnitOfWork (/Users/dogukantansuk/Projects/Tansuk/@tansuk/rott-ui/node_modules/react-test-renderer/cjs/react-test-renderer.development.js:10763:41)
    at workLoopSync (/Users/dogukantansuk/Projects/Tansuk/@tansuk/rott-ui/node_modules/react-test-renderer/cjs/react-test-renderer.development.js:10744:11)
    at renderRootSync (/Users/dogukantansuk/Projects/Tansuk/@tansuk/rott-ui/node_modules/react-test-renderer/cjs/react-test-renderer.development.js:10299:39)
    at performWorkOnRoot (/Users/dogukantansuk/Projects/Tansuk/@tansuk/rott-ui/node_modules/react-test-renderer/cjs/react-test-renderer.development.js:1879:7)
    at flushActQueue (/Users/dogukantansuk/Projects/Tansuk/@tansuk/rott-ui/node_modules/react/cjs/react.development.js:862:34)
    at Object.&lt;anonymous&gt;.process.env.NODE_ENV.exports.act (/Users/dogukantansuk/Projects/Tansuk/@tansuk/rott-ui/node_modules/react/cjs/react.development.js:1151:10)
    at actImplementation (/Users/dogukantansuk/Projects/Tansuk/@tansuk/rott-ui/node_modules/@testing-library/react-native/src/act.ts:31:25)
    at renderWithAct (/Users/dogukantansuk/Projects/Tansuk/@tansuk/rott-ui/node_modules/@testing-library/react-native/src/render-act.ts:13:11)
    at renderInternal (/Users/dogukantansuk/Projects/Tansuk/@tansuk/rott-ui/node_modules/@testing-library/react-native/src/render.tsx:69:33)
    at renderInternal (/Users/dogukantansuk/Projects/Tansuk/@tansuk/rott-ui/node_modules/@testing-library/react-native/src/render.tsx:44:10)
    at customRender (/Users/dogukantansuk/Projects/Tansuk/@tansuk/rott-ui/src/__tests__/utils/testUtils.ts:11:56)
    at Object.&lt;anonymous&gt; (/Users/dogukantansuk/Projects/Tansuk/@tansuk/rott-ui/src/features/Input/__tests__/SelectInput.test.tsx:111:28)
    at Promise.then.completed (/Users/dogukantansuk/Projects/Tansuk/@tansuk/rott-ui/node_modules/jest-circus/build/utils.js:298:28)
    at new Promise (&lt;anonymous&gt;)
    at callAsyncCircusFn (/Users/dogukantansuk/Projects/Tansuk/@tansuk/rott-ui/node_modules/jest-circus/build/utils.js:231:10)
    at _callCircusTest (/Users/dogukantansuk/Projects/Tansuk/@tansuk/rott-ui/node_modules/jest-circus/build/run.js:316:40)
    at _runTest (/Users/dogukantansuk/Projects/Tansuk/@tansuk/rott-ui/node_modules/jest-circus/build/run.js:252:3)
    at _runTestsForDescribeBlock (/Users/dogukantansuk/Projects/Tansuk/@tansuk/rott-ui/node_modules/jest-circus/build/run.js:126:9)
    at _runTestsForDescribeBlock (/Users/dogukantansuk/Projects/Tansuk/@tansuk/rott-ui/node_modules/jest-circus/build/run.js:121:9)
    at run (/Users/dogukantansuk/Projects/Tansuk/@tansuk/rott-ui/node_modules/jest-circus/build/run.js:71:3)
    at runAndTransformResultsToJestFormat (/Users/dogukantansuk/Projects/Tansuk/@tansuk/rott-ui/node_modules/jest-circus/build/legacy-code-todo-rewrite/jestAdapterInit.js:122:21)
    at jestAdapter (/Users/dogukantansuk/Projects/Tansuk/@tansuk/rott-ui/node_modules/jest-circus/build/legacy-code-todo-rewrite/jestAdapter.js:79:19)
    at runTestInternal (/Users/dogukantansuk/Projects/Tansuk/@tansuk/rott-ui/node_modules/jest-runner/build/runTest.js:367:16)
    at runTest (/Users/dogukantansuk/Projects/Tansuk/@tansuk/rott-ui/node_modules/jest-runner/build/runTest.js:444:34)
    at Object.worker (/Users/dogukantansuk/Projects/Tansuk/@tansuk/rott-ui/node_modules/jest-runner/build/testWorker.js:106:12)</failure>
    </testcase>
    <testcase classname="Select Input -&gt; Custom Input searchable ozelligi aktif ise search inputu ekranda olmali" name="Select Input -&gt; Custom Input searchable ozelligi aktif ise search inputu ekranda olmali" time="0.003">
      <failure>Error: Element type is invalid: expected a string (for built-in components) or a class/function (for composite components) but got: undefined. You likely forgot to export your component from the file it&apos;s defined in, or you might have mixed up default and named imports.

Check the render method of `Icon`.
    at Error (/Users/dogukantansuk/Projects/Tansuk/@tansuk/rott-ui/node_modules/react-test-renderer/cjs/react-test-renderer.development.js:11889:28)
    at createFiberFromTypeAndProps (/Users/dogukantansuk/Projects/Tansuk/@tansuk/rott-ui/node_modules/react-test-renderer/cjs/react-test-renderer.development.js:11903:14)
    at createFiberFromElement (/Users/dogukantansuk/Projects/Tansuk/@tansuk/rott-ui/node_modules/react-test-renderer/cjs/react-test-renderer.development.js:3203:31)
    at reconcileChildFibersImpl (/Users/dogukantansuk/Projects/Tansuk/@tansuk/rott-ui/node_modules/react-test-renderer/cjs/react-test-renderer.development.js:3380:33)
    at mountChildFibers (/Users/dogukantansuk/Projects/Tansuk/@tansuk/rott-ui/node_modules/react-test-renderer/cjs/react-test-renderer.development.js:5361:13)
    at reconcileChildren (/Users/dogukantansuk/Projects/Tansuk/@tansuk/rott-ui/node_modules/react-test-renderer/cjs/react-test-renderer.development.js:7163:13)
    at callback (/Users/dogukantansuk/Projects/Tansuk/@tansuk/rott-ui/node_modules/react-test-renderer/cjs/react-test-renderer.development.js:540:16)
    at runWithFiberInDEV (/Users/dogukantansuk/Projects/Tansuk/@tansuk/rott-ui/node_modules/react-test-renderer/cjs/react-test-renderer.development.js:10925:22)
    at performUnitOfWork (/Users/dogukantansuk/Projects/Tansuk/@tansuk/rott-ui/node_modules/react-test-renderer/cjs/react-test-renderer.development.js:10763:41)
    at workLoopSync (/Users/dogukantansuk/Projects/Tansuk/@tansuk/rott-ui/node_modules/react-test-renderer/cjs/react-test-renderer.development.js:10744:11)
    at renderRootSync (/Users/dogukantansuk/Projects/Tansuk/@tansuk/rott-ui/node_modules/react-test-renderer/cjs/react-test-renderer.development.js:10299:39)
    at performWorkOnRoot (/Users/dogukantansuk/Projects/Tansuk/@tansuk/rott-ui/node_modules/react-test-renderer/cjs/react-test-renderer.development.js:1879:7)
    at flushActQueue (/Users/dogukantansuk/Projects/Tansuk/@tansuk/rott-ui/node_modules/react/cjs/react.development.js:862:34)
    at Object.&lt;anonymous&gt;.process.env.NODE_ENV.exports.act (/Users/dogukantansuk/Projects/Tansuk/@tansuk/rott-ui/node_modules/react/cjs/react.development.js:1151:10)
    at actImplementation (/Users/dogukantansuk/Projects/Tansuk/@tansuk/rott-ui/node_modules/@testing-library/react-native/src/act.ts:31:25)
    at renderWithAct (/Users/dogukantansuk/Projects/Tansuk/@tansuk/rott-ui/node_modules/@testing-library/react-native/src/render-act.ts:13:11)
    at renderInternal (/Users/dogukantansuk/Projects/Tansuk/@tansuk/rott-ui/node_modules/@testing-library/react-native/src/render.tsx:69:33)
    at renderInternal (/Users/dogukantansuk/Projects/Tansuk/@tansuk/rott-ui/node_modules/@testing-library/react-native/src/render.tsx:44:10)
    at customRender (/Users/dogukantansuk/Projects/Tansuk/@tansuk/rott-ui/src/__tests__/utils/testUtils.ts:11:56)
    at Object.&lt;anonymous&gt; (/Users/dogukantansuk/Projects/Tansuk/@tansuk/rott-ui/src/features/Input/__tests__/SelectInput.test.tsx:144:48)
    at Promise.then.completed (/Users/dogukantansuk/Projects/Tansuk/@tansuk/rott-ui/node_modules/jest-circus/build/utils.js:298:28)
    at new Promise (&lt;anonymous&gt;)
    at callAsyncCircusFn (/Users/dogukantansuk/Projects/Tansuk/@tansuk/rott-ui/node_modules/jest-circus/build/utils.js:231:10)
    at _callCircusTest (/Users/dogukantansuk/Projects/Tansuk/@tansuk/rott-ui/node_modules/jest-circus/build/run.js:316:40)
    at _runTest (/Users/dogukantansuk/Projects/Tansuk/@tansuk/rott-ui/node_modules/jest-circus/build/run.js:252:3)
    at _runTestsForDescribeBlock (/Users/dogukantansuk/Projects/Tansuk/@tansuk/rott-ui/node_modules/jest-circus/build/run.js:126:9)
    at _runTestsForDescribeBlock (/Users/dogukantansuk/Projects/Tansuk/@tansuk/rott-ui/node_modules/jest-circus/build/run.js:121:9)
    at run (/Users/dogukantansuk/Projects/Tansuk/@tansuk/rott-ui/node_modules/jest-circus/build/run.js:71:3)
    at runAndTransformResultsToJestFormat (/Users/dogukantansuk/Projects/Tansuk/@tansuk/rott-ui/node_modules/jest-circus/build/legacy-code-todo-rewrite/jestAdapterInit.js:122:21)
    at jestAdapter (/Users/dogukantansuk/Projects/Tansuk/@tansuk/rott-ui/node_modules/jest-circus/build/legacy-code-todo-rewrite/jestAdapter.js:79:19)
    at runTestInternal (/Users/dogukantansuk/Projects/Tansuk/@tansuk/rott-ui/node_modules/jest-runner/build/runTest.js:367:16)
    at runTest (/Users/dogukantansuk/Projects/Tansuk/@tansuk/rott-ui/node_modules/jest-runner/build/runTest.js:444:34)
    at Object.worker (/Users/dogukantansuk/Projects/Tansuk/@tansuk/rott-ui/node_modules/jest-runner/build/testWorker.js:106:12)</failure>
    </testcase>
    <testcase classname="Select Input -&gt; Custom Input arama islemi aktif degil ise arama inputu ekranda olmamali" name="Select Input -&gt; Custom Input arama islemi aktif degil ise arama inputu ekranda olmamali" time="0.014">
      <failure>Error: Element type is invalid: expected a string (for built-in components) or a class/function (for composite components) but got: undefined. You likely forgot to export your component from the file it&apos;s defined in, or you might have mixed up default and named imports.

Check the render method of `Icon`.
    at Error (/Users/dogukantansuk/Projects/Tansuk/@tansuk/rott-ui/node_modules/react-test-renderer/cjs/react-test-renderer.development.js:11889:28)
    at createFiberFromTypeAndProps (/Users/dogukantansuk/Projects/Tansuk/@tansuk/rott-ui/node_modules/react-test-renderer/cjs/react-test-renderer.development.js:11903:14)
    at createFiberFromElement (/Users/dogukantansuk/Projects/Tansuk/@tansuk/rott-ui/node_modules/react-test-renderer/cjs/react-test-renderer.development.js:3203:31)
    at reconcileChildFibersImpl (/Users/dogukantansuk/Projects/Tansuk/@tansuk/rott-ui/node_modules/react-test-renderer/cjs/react-test-renderer.development.js:3380:33)
    at mountChildFibers (/Users/dogukantansuk/Projects/Tansuk/@tansuk/rott-ui/node_modules/react-test-renderer/cjs/react-test-renderer.development.js:5361:13)
    at reconcileChildren (/Users/dogukantansuk/Projects/Tansuk/@tansuk/rott-ui/node_modules/react-test-renderer/cjs/react-test-renderer.development.js:7163:13)
    at callback (/Users/dogukantansuk/Projects/Tansuk/@tansuk/rott-ui/node_modules/react-test-renderer/cjs/react-test-renderer.development.js:540:16)
    at runWithFiberInDEV (/Users/dogukantansuk/Projects/Tansuk/@tansuk/rott-ui/node_modules/react-test-renderer/cjs/react-test-renderer.development.js:10925:22)
    at performUnitOfWork (/Users/dogukantansuk/Projects/Tansuk/@tansuk/rott-ui/node_modules/react-test-renderer/cjs/react-test-renderer.development.js:10763:41)
    at workLoopSync (/Users/dogukantansuk/Projects/Tansuk/@tansuk/rott-ui/node_modules/react-test-renderer/cjs/react-test-renderer.development.js:10744:11)
    at renderRootSync (/Users/dogukantansuk/Projects/Tansuk/@tansuk/rott-ui/node_modules/react-test-renderer/cjs/react-test-renderer.development.js:10299:39)
    at performWorkOnRoot (/Users/dogukantansuk/Projects/Tansuk/@tansuk/rott-ui/node_modules/react-test-renderer/cjs/react-test-renderer.development.js:1879:7)
    at flushActQueue (/Users/dogukantansuk/Projects/Tansuk/@tansuk/rott-ui/node_modules/react/cjs/react.development.js:862:34)
    at Object.&lt;anonymous&gt;.process.env.NODE_ENV.exports.act (/Users/dogukantansuk/Projects/Tansuk/@tansuk/rott-ui/node_modules/react/cjs/react.development.js:1151:10)
    at actImplementation (/Users/dogukantansuk/Projects/Tansuk/@tansuk/rott-ui/node_modules/@testing-library/react-native/src/act.ts:31:25)
    at renderWithAct (/Users/dogukantansuk/Projects/Tansuk/@tansuk/rott-ui/node_modules/@testing-library/react-native/src/render-act.ts:13:11)
    at renderInternal (/Users/dogukantansuk/Projects/Tansuk/@tansuk/rott-ui/node_modules/@testing-library/react-native/src/render.tsx:69:33)
    at renderInternal (/Users/dogukantansuk/Projects/Tansuk/@tansuk/rott-ui/node_modules/@testing-library/react-native/src/render.tsx:44:10)
    at customRender (/Users/dogukantansuk/Projects/Tansuk/@tansuk/rott-ui/src/__tests__/utils/testUtils.ts:11:56)
    at Object.&lt;anonymous&gt; (/Users/dogukantansuk/Projects/Tansuk/@tansuk/rott-ui/src/features/Input/__tests__/SelectInput.test.tsx:172:48)
    at Promise.then.completed (/Users/dogukantansuk/Projects/Tansuk/@tansuk/rott-ui/node_modules/jest-circus/build/utils.js:298:28)
    at new Promise (&lt;anonymous&gt;)
    at callAsyncCircusFn (/Users/dogukantansuk/Projects/Tansuk/@tansuk/rott-ui/node_modules/jest-circus/build/utils.js:231:10)
    at _callCircusTest (/Users/dogukantansuk/Projects/Tansuk/@tansuk/rott-ui/node_modules/jest-circus/build/run.js:316:40)
    at _runTest (/Users/dogukantansuk/Projects/Tansuk/@tansuk/rott-ui/node_modules/jest-circus/build/run.js:252:3)
    at _runTestsForDescribeBlock (/Users/dogukantansuk/Projects/Tansuk/@tansuk/rott-ui/node_modules/jest-circus/build/run.js:126:9)
    at _runTestsForDescribeBlock (/Users/dogukantansuk/Projects/Tansuk/@tansuk/rott-ui/node_modules/jest-circus/build/run.js:121:9)
    at run (/Users/dogukantansuk/Projects/Tansuk/@tansuk/rott-ui/node_modules/jest-circus/build/run.js:71:3)
    at runAndTransformResultsToJestFormat (/Users/dogukantansuk/Projects/Tansuk/@tansuk/rott-ui/node_modules/jest-circus/build/legacy-code-todo-rewrite/jestAdapterInit.js:122:21)
    at jestAdapter (/Users/dogukantansuk/Projects/Tansuk/@tansuk/rott-ui/node_modules/jest-circus/build/legacy-code-todo-rewrite/jestAdapter.js:79:19)
    at runTestInternal (/Users/dogukantansuk/Projects/Tansuk/@tansuk/rott-ui/node_modules/jest-runner/build/runTest.js:367:16)
    at runTest (/Users/dogukantansuk/Projects/Tansuk/@tansuk/rott-ui/node_modules/jest-runner/build/runTest.js:444:34)
    at Object.worker (/Users/dogukantansuk/Projects/Tansuk/@tansuk/rott-ui/node_modules/jest-runner/build/testWorker.js:106:12)</failure>
    </testcase>
    <testcase classname="Select Input -&gt; Custom Input arama islemi aktif ise arama inputu ekranda olmali" name="Select Input -&gt; Custom Input arama islemi aktif ise arama inputu ekranda olmali" time="0.019">
      <failure>Error: Element type is invalid: expected a string (for built-in components) or a class/function (for composite components) but got: undefined. You likely forgot to export your component from the file it&apos;s defined in, or you might have mixed up default and named imports.

Check the render method of `Icon`.
    at Error (/Users/dogukantansuk/Projects/Tansuk/@tansuk/rott-ui/node_modules/react-test-renderer/cjs/react-test-renderer.development.js:11889:28)
    at createFiberFromTypeAndProps (/Users/dogukantansuk/Projects/Tansuk/@tansuk/rott-ui/node_modules/react-test-renderer/cjs/react-test-renderer.development.js:11903:14)
    at createFiberFromElement (/Users/dogukantansuk/Projects/Tansuk/@tansuk/rott-ui/node_modules/react-test-renderer/cjs/react-test-renderer.development.js:3203:31)
    at reconcileChildFibersImpl (/Users/dogukantansuk/Projects/Tansuk/@tansuk/rott-ui/node_modules/react-test-renderer/cjs/react-test-renderer.development.js:3380:33)
    at mountChildFibers (/Users/dogukantansuk/Projects/Tansuk/@tansuk/rott-ui/node_modules/react-test-renderer/cjs/react-test-renderer.development.js:5361:13)
    at reconcileChildren (/Users/dogukantansuk/Projects/Tansuk/@tansuk/rott-ui/node_modules/react-test-renderer/cjs/react-test-renderer.development.js:7163:13)
    at callback (/Users/dogukantansuk/Projects/Tansuk/@tansuk/rott-ui/node_modules/react-test-renderer/cjs/react-test-renderer.development.js:540:16)
    at runWithFiberInDEV (/Users/dogukantansuk/Projects/Tansuk/@tansuk/rott-ui/node_modules/react-test-renderer/cjs/react-test-renderer.development.js:10925:22)
    at performUnitOfWork (/Users/dogukantansuk/Projects/Tansuk/@tansuk/rott-ui/node_modules/react-test-renderer/cjs/react-test-renderer.development.js:10763:41)
    at workLoopSync (/Users/dogukantansuk/Projects/Tansuk/@tansuk/rott-ui/node_modules/react-test-renderer/cjs/react-test-renderer.development.js:10744:11)
    at renderRootSync (/Users/dogukantansuk/Projects/Tansuk/@tansuk/rott-ui/node_modules/react-test-renderer/cjs/react-test-renderer.development.js:10299:39)
    at performWorkOnRoot (/Users/dogukantansuk/Projects/Tansuk/@tansuk/rott-ui/node_modules/react-test-renderer/cjs/react-test-renderer.development.js:1879:7)
    at flushActQueue (/Users/dogukantansuk/Projects/Tansuk/@tansuk/rott-ui/node_modules/react/cjs/react.development.js:862:34)
    at Object.&lt;anonymous&gt;.process.env.NODE_ENV.exports.act (/Users/dogukantansuk/Projects/Tansuk/@tansuk/rott-ui/node_modules/react/cjs/react.development.js:1151:10)
    at actImplementation (/Users/dogukantansuk/Projects/Tansuk/@tansuk/rott-ui/node_modules/@testing-library/react-native/src/act.ts:31:25)
    at renderWithAct (/Users/dogukantansuk/Projects/Tansuk/@tansuk/rott-ui/node_modules/@testing-library/react-native/src/render-act.ts:13:11)
    at renderInternal (/Users/dogukantansuk/Projects/Tansuk/@tansuk/rott-ui/node_modules/@testing-library/react-native/src/render.tsx:69:33)
    at renderInternal (/Users/dogukantansuk/Projects/Tansuk/@tansuk/rott-ui/node_modules/@testing-library/react-native/src/render.tsx:44:10)
    at customRender (/Users/dogukantansuk/Projects/Tansuk/@tansuk/rott-ui/src/__tests__/utils/testUtils.ts:11:56)
    at Object.&lt;anonymous&gt; (/Users/dogukantansuk/Projects/Tansuk/@tansuk/rott-ui/src/features/Input/__tests__/SelectInput.test.tsx:199:28)
    at Promise.then.completed (/Users/dogukantansuk/Projects/Tansuk/@tansuk/rott-ui/node_modules/jest-circus/build/utils.js:298:28)
    at new Promise (&lt;anonymous&gt;)
    at callAsyncCircusFn (/Users/dogukantansuk/Projects/Tansuk/@tansuk/rott-ui/node_modules/jest-circus/build/utils.js:231:10)
    at _callCircusTest (/Users/dogukantansuk/Projects/Tansuk/@tansuk/rott-ui/node_modules/jest-circus/build/run.js:316:40)
    at _runTest (/Users/dogukantansuk/Projects/Tansuk/@tansuk/rott-ui/node_modules/jest-circus/build/run.js:252:3)
    at _runTestsForDescribeBlock (/Users/dogukantansuk/Projects/Tansuk/@tansuk/rott-ui/node_modules/jest-circus/build/run.js:126:9)
    at _runTestsForDescribeBlock (/Users/dogukantansuk/Projects/Tansuk/@tansuk/rott-ui/node_modules/jest-circus/build/run.js:121:9)
    at run (/Users/dogukantansuk/Projects/Tansuk/@tansuk/rott-ui/node_modules/jest-circus/build/run.js:71:3)
    at runAndTransformResultsToJestFormat (/Users/dogukantansuk/Projects/Tansuk/@tansuk/rott-ui/node_modules/jest-circus/build/legacy-code-todo-rewrite/jestAdapterInit.js:122:21)
    at jestAdapter (/Users/dogukantansuk/Projects/Tansuk/@tansuk/rott-ui/node_modules/jest-circus/build/legacy-code-todo-rewrite/jestAdapter.js:79:19)
    at runTestInternal (/Users/dogukantansuk/Projects/Tansuk/@tansuk/rott-ui/node_modules/jest-runner/build/runTest.js:367:16)
    at runTest (/Users/dogukantansuk/Projects/Tansuk/@tansuk/rott-ui/node_modules/jest-runner/build/runTest.js:444:34)
    at Object.worker (/Users/dogukantansuk/Projects/Tansuk/@tansuk/rott-ui/node_modules/jest-runner/build/testWorker.js:106:12)</failure>
    </testcase>
    <testcase classname="Select Input -&gt; Custom Input arama islemi duzgun filtrelemeli" name="Select Input -&gt; Custom Input arama islemi duzgun filtrelemeli" time="0.003">
      <failure>Error: Element type is invalid: expected a string (for built-in components) or a class/function (for composite components) but got: undefined. You likely forgot to export your component from the file it&apos;s defined in, or you might have mixed up default and named imports.

Check the render method of `Icon`.
    at Error (/Users/dogukantansuk/Projects/Tansuk/@tansuk/rott-ui/node_modules/react-test-renderer/cjs/react-test-renderer.development.js:11889:28)
    at createFiberFromTypeAndProps (/Users/dogukantansuk/Projects/Tansuk/@tansuk/rott-ui/node_modules/react-test-renderer/cjs/react-test-renderer.development.js:11903:14)
    at createFiberFromElement (/Users/dogukantansuk/Projects/Tansuk/@tansuk/rott-ui/node_modules/react-test-renderer/cjs/react-test-renderer.development.js:3203:31)
    at reconcileChildFibersImpl (/Users/dogukantansuk/Projects/Tansuk/@tansuk/rott-ui/node_modules/react-test-renderer/cjs/react-test-renderer.development.js:3380:33)
    at mountChildFibers (/Users/dogukantansuk/Projects/Tansuk/@tansuk/rott-ui/node_modules/react-test-renderer/cjs/react-test-renderer.development.js:5361:13)
    at reconcileChildren (/Users/dogukantansuk/Projects/Tansuk/@tansuk/rott-ui/node_modules/react-test-renderer/cjs/react-test-renderer.development.js:7163:13)
    at callback (/Users/dogukantansuk/Projects/Tansuk/@tansuk/rott-ui/node_modules/react-test-renderer/cjs/react-test-renderer.development.js:540:16)
    at runWithFiberInDEV (/Users/dogukantansuk/Projects/Tansuk/@tansuk/rott-ui/node_modules/react-test-renderer/cjs/react-test-renderer.development.js:10925:22)
    at performUnitOfWork (/Users/dogukantansuk/Projects/Tansuk/@tansuk/rott-ui/node_modules/react-test-renderer/cjs/react-test-renderer.development.js:10763:41)
    at workLoopSync (/Users/dogukantansuk/Projects/Tansuk/@tansuk/rott-ui/node_modules/react-test-renderer/cjs/react-test-renderer.development.js:10744:11)
    at renderRootSync (/Users/dogukantansuk/Projects/Tansuk/@tansuk/rott-ui/node_modules/react-test-renderer/cjs/react-test-renderer.development.js:10299:39)
    at performWorkOnRoot (/Users/dogukantansuk/Projects/Tansuk/@tansuk/rott-ui/node_modules/react-test-renderer/cjs/react-test-renderer.development.js:1879:7)
    at flushActQueue (/Users/dogukantansuk/Projects/Tansuk/@tansuk/rott-ui/node_modules/react/cjs/react.development.js:862:34)
    at Object.&lt;anonymous&gt;.process.env.NODE_ENV.exports.act (/Users/dogukantansuk/Projects/Tansuk/@tansuk/rott-ui/node_modules/react/cjs/react.development.js:1151:10)
    at actImplementation (/Users/dogukantansuk/Projects/Tansuk/@tansuk/rott-ui/node_modules/@testing-library/react-native/src/act.ts:31:25)
    at renderWithAct (/Users/dogukantansuk/Projects/Tansuk/@tansuk/rott-ui/node_modules/@testing-library/react-native/src/render-act.ts:13:11)
    at renderInternal (/Users/dogukantansuk/Projects/Tansuk/@tansuk/rott-ui/node_modules/@testing-library/react-native/src/render.tsx:69:33)
    at renderInternal (/Users/dogukantansuk/Projects/Tansuk/@tansuk/rott-ui/node_modules/@testing-library/react-native/src/render.tsx:44:10)
    at customRender (/Users/dogukantansuk/Projects/Tansuk/@tansuk/rott-ui/src/__tests__/utils/testUtils.ts:11:56)
    at Object.&lt;anonymous&gt; (/Users/dogukantansuk/Projects/Tansuk/@tansuk/rott-ui/src/features/Input/__tests__/SelectInput.test.tsx:228:28)
    at Promise.then.completed (/Users/dogukantansuk/Projects/Tansuk/@tansuk/rott-ui/node_modules/jest-circus/build/utils.js:298:28)
    at new Promise (&lt;anonymous&gt;)
    at callAsyncCircusFn (/Users/dogukantansuk/Projects/Tansuk/@tansuk/rott-ui/node_modules/jest-circus/build/utils.js:231:10)
    at _callCircusTest (/Users/dogukantansuk/Projects/Tansuk/@tansuk/rott-ui/node_modules/jest-circus/build/run.js:316:40)
    at _runTest (/Users/dogukantansuk/Projects/Tansuk/@tansuk/rott-ui/node_modules/jest-circus/build/run.js:252:3)
    at _runTestsForDescribeBlock (/Users/dogukantansuk/Projects/Tansuk/@tansuk/rott-ui/node_modules/jest-circus/build/run.js:126:9)
    at _runTestsForDescribeBlock (/Users/dogukantansuk/Projects/Tansuk/@tansuk/rott-ui/node_modules/jest-circus/build/run.js:121:9)
    at run (/Users/dogukantansuk/Projects/Tansuk/@tansuk/rott-ui/node_modules/jest-circus/build/run.js:71:3)
    at runAndTransformResultsToJestFormat (/Users/dogukantansuk/Projects/Tansuk/@tansuk/rott-ui/node_modules/jest-circus/build/legacy-code-todo-rewrite/jestAdapterInit.js:122:21)
    at jestAdapter (/Users/dogukantansuk/Projects/Tansuk/@tansuk/rott-ui/node_modules/jest-circus/build/legacy-code-todo-rewrite/jestAdapter.js:79:19)
    at runTestInternal (/Users/dogukantansuk/Projects/Tansuk/@tansuk/rott-ui/node_modules/jest-runner/build/runTest.js:367:16)
    at runTest (/Users/dogukantansuk/Projects/Tansuk/@tansuk/rott-ui/node_modules/jest-runner/build/runTest.js:444:34)
[...]
    </testcase>
  </testsuite>
  <testsuite name="List -&gt; Custom Component" errors="0" failures="0" skipped="0" timestamp="2025-08-04T18:37:38" time="0.712" tests="4">
    <testcase classname="List -&gt; Custom Component list ilk render anında snapshot ile eşleşmeli" name="List -&gt; Custom Component list ilk render anında snapshot ile eşleşmeli" time="0.107">
    </testcase>
    <testcase classname="List -&gt; Custom Component separator item ekranda olmamalı" name="List -&gt; Custom Component separator item ekranda olmamalı" time="0.007">
    </testcase>
    <testcase classname="List -&gt; Custom Component list componenti elemanları doğru şekilde renderlamalı" name="List -&gt; Custom Component list componenti elemanları doğru şekilde renderlamalı" time="0.038">
    </testcase>
    <testcase classname="List -&gt; Custom Component list componenti eleman geldiğinde doğru renderlanmalı" name="List -&gt; Custom Component list componenti eleman geldiğinde doğru renderlanmalı" time="0.08">
    </testcase>
  </testsuite>
  <testsuite name="Numeric Input -&gt; Custom Input" errors="0" failures="0" skipped="0" timestamp="2025-08-04T18:37:38" time="0.77" tests="4">
    <testcase classname="Numeric Input -&gt; Custom Input numeric input ilk render anında snapshot ile eşleşmeli" name="Numeric Input -&gt; Custom Input numeric input ilk render anında snapshot ile eşleşmeli" time="0.057">
    </testcase>
    <testcase classname="Numeric Input -&gt; Custom Input numeric input sadece numeric karakterleri kabul etmeli" name="Numeric Input -&gt; Custom Input numeric input sadece numeric karakterleri kabul etmeli" time="0.084">
    </testcase>
    <testcase classname="Numeric Input -&gt; Custom Input numeric input harf ve özel karakter kabul etmemeli" name="Numeric Input -&gt; Custom Input numeric input harf ve özel karakter kabul etmemeli" time="0.009">
    </testcase>
    <testcase classname="Numeric Input -&gt; Custom Input input render olduğu zaman klavye olarak number-pad ekranda görülmeli" name="Numeric Input -&gt; Custom Input input render olduğu zaman klavye olarak number-pad ekranda görülmeli" time="0.006">
    </testcase>
  </testsuite>
  <testsuite name="Hooks -&gt; useTimer" errors="0" failures="0" skipped="0" timestamp="2025-08-04T18:37:38" time="0.653" tests="12">
    <testcase classname="Hooks -&gt; useTimer countdown timer azalan sekilde calismali" name="Hooks -&gt; useTimer countdown timer azalan sekilde calismali" time="0.074">
    </testcase>
    <testcase classname="Hooks -&gt; useTimer countdown timer tamamlandığında 0 olmalı" name="Hooks -&gt; useTimer countdown timer tamamlandığında 0 olmalı" time="0.105">
    </testcase>
    <testcase classname="Hooks -&gt; useTimer countdown timer calisirken stop olabilmeli" name="Hooks -&gt; useTimer countdown timer calisirken stop olabilmeli" time="0.004">
    </testcase>
    <testcase classname="Hooks -&gt; useTimer countdown timer calisirken reset olabilmeli" name="Hooks -&gt; useTimer countdown timer calisirken reset olabilmeli" time="0.006">
    </testcase>
    <testcase classname="Hooks -&gt; useTimer countdown timer calisirken restart olabilmeli" name="Hooks -&gt; useTimer countdown timer calisirken restart olabilmeli" time="0.049">
    </testcase>
    <testcase classname="Hooks -&gt; useTimer circle timer 0 olabilmeli" name="Hooks -&gt; useTimer circle timer 0 olabilmeli" time="0.016">
    </testcase>
    <testcase classname="Hooks -&gt; useTimer circle timer 0 oldugunda yeniden baslamali" name="Hooks -&gt; useTimer circle timer 0 oldugunda yeniden baslamali" time="0.006">
    </testcase>
    <testcase classname="Hooks -&gt; useTimer circle timer calisirken stop olabilmeli" name="Hooks -&gt; useTimer circle timer calisirken stop olabilmeli" time="0.007">
    </testcase>
    <testcase classname="Hooks -&gt; useTimer circle timer calisirken stop olmuşken tekrar start olabilmeli" name="Hooks -&gt; useTimer circle timer calisirken stop olmuşken tekrar start olabilmeli" time="0.013">
    </testcase>
    <testcase classname="Hooks -&gt; useTimer circle timer calisirken stop olmuşken tekrar restart olabilmeli" name="Hooks -&gt; useTimer circle timer calisirken stop olmuşken tekrar restart olabilmeli" time="0.113">
    </testcase>
    <testcase classname="Hooks -&gt; useTimer circle timer calisirken reset olabilmeli" name="Hooks -&gt; useTimer circle timer calisirken reset olabilmeli" time="0.053">
    </testcase>
    <testcase classname="Hooks -&gt; useTimer timer çalışırken app arka plana atıldığında doğru devam etmeli" name="Hooks -&gt; useTimer timer çalışırken app arka plana atıldığında doğru devam etmeli" time="0.007">
    </testcase>
  </testsuite>
  <testsuite name="Pin Password Input -&gt; Custom Input" errors="0" failures="0" skipped="0" timestamp="2025-08-04T18:37:38" time="0.759" tests="5">
    <testcase classname="Pin Password Input -&gt; Custom Input pin password input ilk render anında snapshot ile eşleşmeli" name="Pin Password Input -&gt; Custom Input pin password input ilk render anında snapshot ile eşleşmeli" time="0.041">
    </testcase>
    <testcase classname="Pin Password Input -&gt; Custom Input pin password input sadece numeric karakterleri kabul etmeli" name="Pin Password Input -&gt; Custom Input pin password input sadece numeric karakterleri kabul etmeli" time="0.005">
    </testcase>
    <testcase classname="Pin Password Input -&gt; Custom Input pin password input harf ve özel karakter kabul etmemeli" name="Pin Password Input -&gt; Custom Input pin password input harf ve özel karakter kabul etmemeli" time="0.054">
    </testcase>
    <testcase classname="Pin Password Input -&gt; Custom Input pin password input ilk renderlandiginda text gorunur olmamali" name="Pin Password Input -&gt; Custom Input pin password input ilk renderlandiginda text gorunur olmamali" time="0.002">
    </testcase>
    <testcase classname="Pin Password Input -&gt; Custom Input pin password input render olduğu zaman klavye olarak number-pad ekranda görülmeli" name="Pin Password Input -&gt; Custom Input pin password input render olduğu zaman klavye olarak number-pad ekranda görülmeli" time="0.123">
    </testcase>
  </testsuite>
  <testsuite name="CheckBox Input -&gt; Custom Input" errors="0" failures="0" skipped="0" timestamp="2025-08-04T18:37:38" time="0.753" tests="5">
    <testcase classname="CheckBox Input -&gt; Custom Input checkbox input ilk render anında snapshot ile eşleşmeli" name="CheckBox Input -&gt; Custom Input checkbox input ilk render anında snapshot ile eşleşmeli" time="0.048">
    </testcase>
    <testcase classname="CheckBox Input -&gt; Custom Input checkBox ilk renderlandığında unchecked olmalı" name="CheckBox Input -&gt; Custom Input checkBox ilk renderlandığında unchecked olmalı" time="0.002">
    </testcase>
    <testcase classname="CheckBox Input -&gt; Custom Input checkbox render olduğunda description string olarak verilmişse ekranda default label ile renderlanmalı" name="CheckBox Input -&gt; Custom Input checkbox render olduğunda description string olarak verilmişse ekranda default label ile renderlanmalı" time="0.003">
    </testcase>
    <testcase classname="CheckBox Input -&gt; Custom Input checkbox render olduğunda description React element olarak verilmişse default label ile renderlanmamalı" name="CheckBox Input -&gt; Custom Input checkbox render olduğunda description React element olarak verilmişse default label ile renderlanmamalı" time="0.002">
    </testcase>
    <testcase classname="CheckBox Input -&gt; Custom Input checkBox onPress methodu calismali" name="CheckBox Input -&gt; Custom Input checkBox onPress methodu calismali" time="0.003">
    </testcase>
  </testsuite>
  <testsuite name="ExpireDate Input -&gt; Custom Input" errors="0" failures="0" skipped="0" timestamp="2025-08-04T18:37:38" time="0.781" tests="7">
    <testcase classname="ExpireDate Input -&gt; Custom Input ilk render anında snapshot ile eşleşmeli" name="ExpireDate Input -&gt; Custom Input ilk render anında snapshot ile eşleşmeli" time="0.015">
    </testcase>
    <testcase classname="ExpireDate Input -&gt; Custom Input ilk renderlandiginda ilk renderlandiginda içerik boş olmalı" name="ExpireDate Input -&gt; Custom Input ilk renderlandiginda ilk renderlandiginda içerik boş olmalı" time="0.116">
    </testcase>
    <testcase classname="ExpireDate Input -&gt; Custom Input sadece numeric karakterleri kabul etmeli" name="ExpireDate Input -&gt; Custom Input sadece numeric karakterleri kabul etmeli" time="0.089">
    </testcase>
    <testcase classname="ExpireDate Input -&gt; Custom Input MMYY formatinda MM 12 den buyuk geldi is 12 ye MM yi 12 ye cevir" name="ExpireDate Input -&gt; Custom Input MMYY formatinda MM 12 den buyuk geldi is 12 ye MM yi 12 ye cevir" time="0.072">
    </testcase>
    <testcase classname="ExpireDate Input -&gt; Custom Input MMYY formatinda YY suanki tarihten kucuk geldi ise YY yi suanki tarihe cevir" name="ExpireDate Input -&gt; Custom Input MMYY formatinda YY suanki tarihten kucuk geldi ise YY yi suanki tarihe cevir" time="0.003">
    </testcase>
    <testcase classname="ExpireDate Input -&gt; Custom Input donen cevap MMYY seklinde olmali" name="ExpireDate Input -&gt; Custom Input donen cevap MMYY seklinde olmali" time="0.028">
    </testcase>
    <testcase classname="ExpireDate Input -&gt; Custom Input expire date input render olduğu zaman klavye olarak number-pad ekranda görülmeli" name="ExpireDate Input -&gt; Custom Input expire date input render olduğu zaman klavye olarak number-pad ekranda görülmeli" time="0.034">
    </testcase>
  </testsuite>
  <testsuite name="undefined" errors="0" failures="0" skipped="0" timestamp="2025-08-04T18:37:39" time="0.402" tests="0">
    <testcase classname=" write a test" name=" write a test" time="0">
    </testcase>
  </testsuite>
  <testsuite name="CreditCard Input -&gt; Custom Input" errors="0" failures="0" skipped="0" timestamp="2025-08-04T18:37:38" time="0.831" tests="5">
    <testcase classname="CreditCard Input -&gt; Custom Input ilk render anında snapshot ile eşleşmeli" name="CreditCard Input -&gt; Custom Input ilk render anında snapshot ile eşleşmeli" time="0.013">
    </testcase>
    <testcase classname="CreditCard Input -&gt; Custom Input girilen değer sadece numeric olarak kabul edilmeli" name="CreditCard Input -&gt; Custom Input girilen değer sadece numeric olarak kabul edilmeli" time="0.142">
    </testcase>
    <testcase classname="CreditCard Input -&gt; Custom Input credit card inputu girilen degeri maskesiz geri donmeli" name="CreditCard Input -&gt; Custom Input credit card inputu girilen degeri maskesiz geri donmeli" time="0.077">
    </testcase>
    <testcase classname="CreditCard Input -&gt; Custom Input girilen değer numaradan başka bir karakter içeriyorsa değer değişmemeli." name="CreditCard Input -&gt; Custom Input girilen değer numaradan başka bir karakter içeriyorsa değer değişmemeli." time="0.021">
    </testcase>
    <testcase classname="CreditCard Input -&gt; Custom Input credit card input render olduğu zaman klavye olarak number-pad ekranda görülmeli" name="CreditCard Input -&gt; Custom Input credit card input render olduğu zaman klavye olarak number-pad ekranda görülmeli" time="0.005">
    </testcase>
  </testsuite>
  <testsuite name="Default Input -&gt; Custom Input" errors="0" failures="0" skipped="0" timestamp="2025-08-04T18:37:38" time="1.052" tests="6">
    <testcase classname="Default Input -&gt; Custom Input ilk render anında snapshot ile eşleşmeli" name="Default Input -&gt; Custom Input ilk render anında snapshot ile eşleşmeli" time="0.107">
    </testcase>
    <testcase classname="Default Input -&gt; Custom Input verilen değeri olduğu gibi render etmeli" name="Default Input -&gt; Custom Input verilen değeri olduğu gibi render etmeli" time="0.008">
    </testcase>
    <testcase classname="Default Input -&gt; Custom Input belirlenen maksimum uzunluktan fazla girdi almamalı" name="Default Input -&gt; Custom Input belirlenen maksimum uzunluktan fazla girdi almamalı" time="0.296">
    </testcase>
    <testcase classname="Default Input -&gt; Custom Input kopyala/yapıştır yapıldığında maksimum uzunluğu geçmemeli" name="Default Input -&gt; Custom Input kopyala/yapıştır yapıldığında maksimum uzunluğu geçmemeli" time="0.004">
    </testcase>
    <testcase classname="Default Input -&gt; Custom Input sadece harf, nümerik karakter, boşluk, nokta, virgül, tire, eğik çizgi kabul etmeli" name="Default Input -&gt; Custom Input sadece harf, nümerik karakter, boşluk, nokta, virgül, tire, eğik çizgi kabul etmeli" time="0.034">
    </testcase>
    <testcase classname="Default Input -&gt; Custom Input readOnly durumunu desteklemeli" name="Default Input -&gt; Custom Input readOnly durumunu desteklemeli" time="0.004">
    </testcase>
  </testsuite>
  <testsuite name="Statement Input -&gt; Custom Input" errors="0" failures="0" skipped="0" timestamp="2025-08-04T18:37:38" time="1.14" tests="7">
    <testcase classname="Statement Input -&gt; Custom Input ilk render anında snapshot ile eşleşmeli" name="Statement Input -&gt; Custom Input ilk render anında snapshot ile eşleşmeli" time="0.25">
    </testcase>
    <testcase classname="Statement Input -&gt; Custom Input verilen değeri olduğu gibi render etmeli" name="Statement Input -&gt; Custom Input verilen değeri olduğu gibi render etmeli" time="0.228">
    </testcase>
    <testcase classname="Statement Input -&gt; Custom Input belirlenen maksimum uzunluktan fazla girdi almamalı" name="Statement Input -&gt; Custom Input belirlenen maksimum uzunluktan fazla girdi almamalı" time="0.099">
    </testcase>
    <testcase classname="Statement Input -&gt; Custom Input kopyala/yapıştır yapıldığında maksimum uzunluğu geçmemeli" name="Statement Input -&gt; Custom Input kopyala/yapıştır yapıldığında maksimum uzunluğu geçmemeli" time="0.006">
    </testcase>
    <testcase classname="Statement Input -&gt; Custom Input disabled durumunu desteklemeli" name="Statement Input -&gt; Custom Input disabled durumunu desteklemeli" time="0.011">
    </testcase>
    <testcase classname="Statement Input -&gt; Custom Input readOnly durumunu desteklemeli" name="Statement Input -&gt; Custom Input readOnly durumunu desteklemeli" time="0.004">
    </testcase>
    <testcase classname="Statement Input -&gt; Custom Input sadece harf, nümerik karakter, boşluk, nokta, virgül, tire, eğik çizgi kabul etmeli" name="Statement Input -&gt; Custom Input sadece harf, nümerik karakter, boşluk, nokta, virgül, tire, eğik çizgi kabul etmeli" time="0.024">
    </testcase>
  </testsuite>
  <testsuite name="Toggle -&gt; Custom Component" errors="0" failures="0" skipped="0" timestamp="2025-08-04T18:37:38" time="0.953" tests="5">
    <testcase classname="Toggle -&gt; Custom Component toggle ilk render anında snapshot ile eşleşmeli" name="Toggle -&gt; Custom Component toggle ilk render anında snapshot ile eşleşmeli" time="0.1">
    </testcase>
    <testcase classname="Toggle -&gt; Custom Component toggle default propslar ile render olmalı" name="Toggle -&gt; Custom Component toggle default propslar ile render olmalı" time="0.003">
    </testcase>
    <testcase classname="Toggle -&gt; Custom Component tıklandığında onToggleChange çağırılmalı" name="Toggle -&gt; Custom Component tıklandığında onToggleChange çağırılmalı" time="0.052">
    </testcase>
    <testcase classname="Toggle -&gt; Custom Component isOn özelliği değiştiğinde stil özellikleri değişmeli pasif ise" name="Toggle -&gt; Custom Component isOn özelliği değiştiğinde stil özellikleri değişmeli pasif ise" time="0.003">
    </testcase>
    <testcase classname="Toggle -&gt; Custom Component isOn özelliği değiştiğinde stil özellikleri değişmeli aktif ise" name="Toggle -&gt; Custom Component isOn özelliği değiştiğinde stil özellikleri değişmeli aktif ise" time="0.002">
    </testcase>
  </testsuite>
  <testsuite name="Image -&gt; Custom Component" errors="0" failures="0" skipped="0" timestamp="2025-08-04T18:37:39" time="0.518" tests="4">
    <testcase classname="Image -&gt; Custom Component image elementi snapshot ile eşleşmeli" name="Image -&gt; Custom Component image elementi snapshot ile eşleşmeli" time="0.006">
    </testcase>
    <testcase classname="Image -&gt; Custom Component image elementi renderlandığında gerçekten ekranda olmalı" name="Image -&gt; Custom Component image elementi renderlandığında gerçekten ekranda olmalı" time="0.003">
    </testcase>
    <testcase classname="Image -&gt; Custom Component image elementi verilen width ile renderlanmalı" name="Image -&gt; Custom Component image elementi verilen width ile renderlanmalı" time="0.001">
    </testcase>
    <testcase classname="Image -&gt; Custom Component image elementi verilen height ile renderlanmalı" name="Image -&gt; Custom Component image elementi verilen height ile renderlanmalı" time="0.001">
    </testcase>
  </testsuite>
  <testsuite name="Util -&gt; Translator" errors="0" failures="0" skipped="0" timestamp="2025-08-04T18:37:39" time="0.451" tests="6">
    <testcase classname="Util -&gt; Translator english dil snapshotı eşleşmeli" name="Util -&gt; Translator english dil snapshotı eşleşmeli" time="0">
    </testcase>
    <testcase classname="Util -&gt; Translator türkçe dil snapshotı eşleşmeli" name="Util -&gt; Translator türkçe dil snapshotı eşleşmeli" time="0.001">
    </testcase>
    <testcase classname="Util -&gt; Translator translator metoduna verilen geçerli değeri ekranda göstermeli" name="Util -&gt; Translator translator metoduna verilen geçerli değeri ekranda göstermeli" time="0">
    </testcase>
    <testcase classname="Util -&gt; Translator türkçe dil keyleri english dil keyleri ile eşleşmeli" name="Util -&gt; Translator türkçe dil keyleri english dil keyleri ile eşleşmeli" time="0.001">
    </testcase>
    <testcase classname="Util -&gt; Translator translator verilen key ile birlikte ekstra mesaj yazılması gerekiyorsa onu birleştirip dönmelidir." name="Util -&gt; Translator translator verilen key ile birlikte ekstra mesaj yazılması gerekiyorsa onu birleştirip dönmelidir." time="0.001">
    </testcase>
    <testcase classname="Util -&gt; FormatMessage formatMessage metoduna verilen geçerli değeri ekranda göstermeli" name="Util -&gt; FormatMessage formatMessage metoduna verilen geçerli değeri ekranda göstermeli" time="0">
    </testcase>
  </testsuite>
  <testsuite name="Skeleton -&gt; Custom Component" errors="0" failures="0" skipped="0" timestamp="2025-08-04T18:37:39" time="0.275" tests="6">
    <testcase classname="Skeleton -&gt; Custom Component skeleton snapshotı ile eşleşmeli" name="Skeleton -&gt; Custom Component skeleton snapshotı ile eşleşmeli" time="0.011">
    </testcase>
    <testcase classname="Skeleton -&gt; Custom Component item icerisinde cagirilan skeleton icin snapshot eslesmeli" name="Skeleton -&gt; Custom Component item icerisinde cagirilan skeleton icin snapshot eslesmeli" time="0.002">
    </testcase>
    <testcase classname="Skeleton -&gt; Custom Component skeleton skeletonShow true ise skeleton ekranda olmali" name="Skeleton -&gt; Custom Component skeleton skeletonShow true ise skeleton ekranda olmali" time="0.003">
    </testcase>
    <testcase classname="Skeleton -&gt; Custom Component skeleton skeletonShow true ise content ekranda olmamali" name="Skeleton -&gt; Custom Component skeleton skeletonShow true ise content ekranda olmamali" time="0.001">
    </testcase>
    <testcase classname="Skeleton -&gt; Custom Component skeleton skeletonShow false ise skeleton ekranda olmamali" name="Skeleton -&gt; Custom Component skeleton skeletonShow false ise skeleton ekranda olmamali" time="0.001">
    </testcase>
    <testcase classname="Skeleton -&gt; Custom Component skeleton skeletonShow false ise content ekranda olmali" name="Skeleton -&gt; Custom Component skeleton skeletonShow false ise content ekranda olmali" time="0.002">
    </testcase>
  </testsuite>
</testsuites>