<?xml version="1.0" encoding="UTF-8"?>
<testsuites name="jest tests" tests="311" failures="16" errors="0" time="40.352">
  <testsuite name="Util -&gt; Translator" errors="0" failures="0" skipped="0" timestamp="2025-07-11T11:44:11" time="19.423" tests="6">
    <testcase classname="Util -&gt; Translator english dil snapshotı eşleşmeli" name="Util -&gt; Translator english dil snapshotı eşleşmeli" time="0.012">
    </testcase>
    <testcase classname="Util -&gt; Translator türkçe dil snapshotı eşleşmeli" name="Util -&gt; Translator türkçe dil snapshotı eşleşmeli" time="0.023">
    </testcase>
    <testcase classname="Util -&gt; Translator translator metoduna verilen geçerli değeri ekranda göstermeli" name="Util -&gt; Translator translator metoduna verilen geçerli değeri ekranda göstermeli" time="0.001">
    </testcase>
    <testcase classname="Util -&gt; Translator türkçe dil keyleri english dil keyleri ile eşleşmeli" name="Util -&gt; Translator türkçe dil keyleri english dil keyleri ile eşleşmeli" time="0.003">
    </testcase>
    <testcase classname="Util -&gt; Translator translator verilen key ile birlikte ekstra mesaj yazılması gerekiyorsa onu birleştirip dönmelidir." name="Util -&gt; Translator translator verilen key ile birlikte ekstra mesaj yazılması gerekiyorsa onu birleştirip dönmelidir." time="0.002">
    </testcase>
    <testcase classname="Util -&gt; FormatMessage formatMessage metoduna verilen geçerli değeri ekranda göstermeli" name="Util -&gt; FormatMessage formatMessage metoduna verilen geçerli değeri ekranda göstermeli" time="0.001">
    </testcase>
  </testsuite>
  <testsuite name="AlertDialogComponent" errors="0" failures="1" skipped="0" timestamp="2025-07-11T11:44:11" time="19.616" tests="4">
    <testcase classname="AlertDialogComponent should match snapshot on first render" name="AlertDialogComponent should match snapshot on first render" time="0.239">
    </testcase>
    <testcase classname="AlertDialogComponent title ve text ekranda düzgün şekilde renderlanmalı" name="AlertDialogComponent title ve text ekranda düzgün şekilde renderlanmalı" time="0.058">
      <failure>Error: Found multiple elements with text: TEST.WITH.PARAM
    at Object.&lt;anonymous&gt; (/Users/dogukantansuk/Projects/Tansuk/@tansuk/rott-ui/src/features/AlertDialog/__tests__/AlertDialog.test.tsx:85:19)
    at Promise.then.completed (/Users/dogukantansuk/Projects/Tansuk/@tansuk/rott-ui/node_modules/jest-circus/build/utils.js:298:28)
    at new Promise (&lt;anonymous&gt;)
    at callAsyncCircusFn (/Users/dogukantansuk/Projects/Tansuk/@tansuk/rott-ui/node_modules/jest-circus/build/utils.js:231:10)
    at _callCircusTest (/Users/dogukantansuk/Projects/Tansuk/@tansuk/rott-ui/node_modules/jest-circus/build/run.js:316:40)
    at _runTest (/Users/dogukantansuk/Projects/Tansuk/@tansuk/rott-ui/node_modules/jest-circus/build/run.js:252:3)
    at _runTestsForDescribeBlock (/Users/dogukantansuk/Projects/Tansuk/@tansuk/rott-ui/node_modules/jest-circus/build/run.js:126:9)
    at _runTestsForDescribeBlock (/Users/dogukantansuk/Projects/Tansuk/@tansuk/rott-ui/node_modules/jest-circus/build/run.js:121:9)
    at run (/Users/dogukantansuk/Projects/Tansuk/@tansuk/rott-ui/node_modules/jest-circus/build/run.js:71:3)
    at runAndTransformResultsToJestFormat (/Users/dogukantansuk/Projects/Tansuk/@tansuk/rott-ui/node_modules/jest-circus/build/legacy-code-todo-rewrite/jestAdapterInit.js:122:21)
    at jestAdapter (/Users/dogukantansuk/Projects/Tansuk/@tansuk/rott-ui/node_modules/jest-circus/build/legacy-code-todo-rewrite/jestAdapter.js:79:19)
    at runTestInternal (/Users/dogukantansuk/Projects/Tansuk/@tansuk/rott-ui/node_modules/jest-runner/build/runTest.js:367:16)
    at runTest (/Users/dogukantansuk/Projects/Tansuk/@tansuk/rott-ui/node_modules/jest-runner/build/runTest.js:444:34)
    at Object.worker (/Users/dogukantansuk/Projects/Tansuk/@tansuk/rott-ui/node_modules/jest-runner/build/testWorker.js:106:12)</failure>
    </testcase>
    <testcase classname="AlertDialogComponent iki button tanımlı ise alert dialog doğru renderlanmalı" name="AlertDialogComponent iki button tanımlı ise alert dialog doğru renderlanmalı" time="0.038">
    </testcase>
    <testcase classname="AlertDialogComponent iki veya daha fazla button tanımlı ise alert dialog doğru renderlanmalı" name="AlertDialogComponent iki veya daha fazla button tanımlı ise alert dialog doğru renderlanmalı" time="0.014">
    </testcase>
  </testsuite>
  <testsuite name="Toggle -&gt; Custom Component" errors="0" failures="0" skipped="0" timestamp="2025-07-11T11:44:11" time="19.638" tests="5">
    <testcase classname="Toggle -&gt; Custom Component toggle ilk render anında snapshot ile eşleşmeli" name="Toggle -&gt; Custom Component toggle ilk render anında snapshot ile eşleşmeli" time="0.218">
    </testcase>
    <testcase classname="Toggle -&gt; Custom Component toggle default propslar ile render olmalı" name="Toggle -&gt; Custom Component toggle default propslar ile render olmalı" time="0.016">
    </testcase>
    <testcase classname="Toggle -&gt; Custom Component tıklandığında onToggleChange çağırılmalı" name="Toggle -&gt; Custom Component tıklandığında onToggleChange çağırılmalı" time="0.061">
    </testcase>
    <testcase classname="Toggle -&gt; Custom Component isOn özelliği değiştiğinde stil özellikleri değişmeli pasif ise" name="Toggle -&gt; Custom Component isOn özelliği değiştiğinde stil özellikleri değişmeli pasif ise" time="0.016">
    </testcase>
    <testcase classname="Toggle -&gt; Custom Component isOn özelliği değiştiğinde stil özellikleri değişmeli aktif ise" name="Toggle -&gt; Custom Component isOn özelliği değiştiğinde stil özellikleri değişmeli aktif ise" time="0.008">
    </testcase>
  </testsuite>
  <testsuite name="EmptyState -&gt; Custom Component" errors="0" failures="0" skipped="0" timestamp="2025-07-11T11:44:11" time="19.689" tests="5">
    <testcase classname="EmptyState -&gt; Custom Component ilk render anında snapshot ile eşleşmeli" name="EmptyState -&gt; Custom Component ilk render anında snapshot ile eşleşmeli" time="0.169">
    </testcase>
    <testcase classname="EmptyState -&gt; Custom Component name propertysi EMPTY ile başlamalı" name="EmptyState -&gt; Custom Component name propertysi EMPTY ile başlamalı" time="0.024">
    </testcase>
    <testcase classname="EmptyState -&gt; Custom Component description verilen değerler ile ekranda gözükmeli" name="EmptyState -&gt; Custom Component description verilen değerler ile ekranda gözükmeli" time="0.052">
    </testcase>
    <testcase classname="EmptyState -&gt; Custom Component description verilmediği zaman ekranda gözükmemeli" name="EmptyState -&gt; Custom Component description verilmediği zaman ekranda gözükmemeli" time="0.087">
    </testcase>
    <testcase classname="EmptyState -&gt; Custom Component description yerine ReactNode olarak verildiğindede ekranda gösterilmeli" name="EmptyState -&gt; Custom Component description yerine ReactNode olarak verildiğindede ekranda gösterilmeli" time="0.004">
    </testcase>
  </testsuite>
  <testsuite name="Header -&gt; Custom Component" errors="0" failures="0" skipped="0" timestamp="2025-07-11T11:44:11" time="19.671" tests="14">
    <testcase classname="Header -&gt; Custom Component yalnızca başlık çalışmalı ve snapshot eşleşmeli" name="Header -&gt; Custom Component yalnızca başlık çalışmalı ve snapshot eşleşmeli" time="0.236">
    </testcase>
    <testcase classname="Header -&gt; Custom Component verilen testId ekranda olmalı" name="Header -&gt; Custom Component verilen testId ekranda olmalı" time="0.032">
    </testcase>
    <testcase classname="Header -&gt; Custom Component yalnızca logo çalışmalı ve snapshot eşleşmeli" name="Header -&gt; Custom Component yalnızca logo çalışmalı ve snapshot eşleşmeli" time="0.012">
    </testcase>
    <testcase classname="Header -&gt; Custom Component başlık ve icon var ise sadece icon gorunmeli" name="Header -&gt; Custom Component başlık ve icon var ise sadece icon gorunmeli" time="0.004">
    </testcase>
    <testcase classname="Header -&gt; Custom Component leftIcon görüntülenmeli ve onPress Methodu Çalışmalı" name="Header -&gt; Custom Component leftIcon görüntülenmeli ve onPress Methodu Çalışmalı" time="0.041">
    </testcase>
    <testcase classname="Header -&gt; Custom Component leftIcon verilmediğinde ekranda gözükmemeli" name="Header -&gt; Custom Component leftIcon verilmediğinde ekranda gözükmemeli" time="0.004">
    </testcase>
    <testcase classname="Header -&gt; Custom Component leftIcon rounded özelliği verildiğinde border radius height ile aynı olmalı" name="Header -&gt; Custom Component leftIcon rounded özelliği verildiğinde border radius height ile aynı olmalı" time="0.003">
    </testcase>
    <testcase classname="Header -&gt; Custom Component leftElement görüntülenmeli" name="Header -&gt; Custom Component leftElement görüntülenmeli" time="0.002">
    </testcase>
    <testcase classname="Header -&gt; Custom Component rightIcon görüntülenmeli ve onPress Methodu Çalışmalı" name="Header -&gt; Custom Component rightIcon görüntülenmeli ve onPress Methodu Çalışmalı" time="0.01">
    </testcase>
    <testcase classname="Header -&gt; Custom Component rightIcon verilmediğinde ekranda gözükmemeli" name="Header -&gt; Custom Component rightIcon verilmediğinde ekranda gözükmemeli" time="0.005">
    </testcase>
    <testcase classname="Header -&gt; Custom Component right rounded özelliği verildiğinde border radius height ile aynı olmalı" name="Header -&gt; Custom Component right rounded özelliği verildiğinde border radius height ile aynı olmalı" time="0.043">
    </testcase>
    <testcase classname="Header -&gt; Custom Component rightElement görüntülenmeli" name="Header -&gt; Custom Component rightElement görüntülenmeli" time="0.035">
    </testcase>
    <testcase classname="Header -&gt; Custom Component rightIcon ve leftIcon verildiğinde, ekranda gözükmeli" name="Header -&gt; Custom Component rightIcon ve leftIcon verildiğinde, ekranda gözükmeli" time="0.008">
    </testcase>
    <testcase classname="Header -&gt; Custom Component children verildiğinde, ekranda gözükmeli" name="Header -&gt; Custom Component children verildiğinde, ekranda gözükmeli" time="0.006">
    </testcase>
  </testsuite>
  <testsuite name="Button -&gt; Custom Component" errors="0" failures="1" skipped="0" timestamp="2025-07-11T11:44:11" time="19.962" tests="21">
    <testcase classname="Button -&gt; Custom Component butonun snapshotı ile eşleşmeli" name="Button -&gt; Custom Component butonun snapshotı ile eşleşmeli" time="0.194">
    </testcase>
    <testcase classname="Button -&gt; Custom Component buton ekranda olmalı ancak loading iconu görünmemeli" name="Button -&gt; Custom Component buton ekranda olmalı ancak loading iconu görünmemeli" time="0.021">
    </testcase>
    <testcase classname="Button -&gt; Custom Component loading text ve loading icon ile buton render olmalı" name="Button -&gt; Custom Component loading text ve loading icon ile buton render olmalı" time="0.016">
    </testcase>
    <testcase classname="Button -&gt; Custom Component buton disableken tıklanamamlı" name="Button -&gt; Custom Component buton disableken tıklanamamlı" time="0.023">
    </testcase>
    <testcase classname="Button -&gt; Custom Component left icon propertysi verildiğinde ekranda doğru icon ile renderlanmalı" name="Button -&gt; Custom Component left icon propertysi verildiğinde ekranda doğru icon ile renderlanmalı" time="0.006">
    </testcase>
    <testcase classname="Button -&gt; Custom Component left image propertysi verildiğinde ekranda doğru image ile renderlanmalı" name="Button -&gt; Custom Component left image propertysi verildiğinde ekranda doğru image ile renderlanmalı" time="0.01">
    </testcase>
    <testcase classname="Button -&gt; Custom Component button loading durumundayken verilen left icon görünmemeli" name="Button -&gt; Custom Component button loading durumundayken verilen left icon görünmemeli" time="0.004">
    </testcase>
    <testcase classname="Button -&gt; Custom Component buton ekranda olmalı ve outline variantı ile renderlanmalı" name="Button -&gt; Custom Component buton ekranda olmalı ve outline variantı ile renderlanmalı" time="0.022">
      <failure>Error: expect(element).toHaveStyle()

- Expected
+ Received

- backgroundColor: transparent;
+ backgroundColor: primary-outline;
  borderColor: primary;
    at Object.&lt;anonymous&gt; (/Users/dogukantansuk/Projects/Tansuk/@tansuk/rott-ui/src/features/Button/__tests__/Button.test.tsx:122:27)
    at Promise.then.completed (/Users/dogukantansuk/Projects/Tansuk/@tansuk/rott-ui/node_modules/jest-circus/build/utils.js:298:28)
    at new Promise (&lt;anonymous&gt;)
    at callAsyncCircusFn (/Users/dogukantansuk/Projects/Tansuk/@tansuk/rott-ui/node_modules/jest-circus/build/utils.js:231:10)
    at _callCircusTest (/Users/dogukantansuk/Projects/Tansuk/@tansuk/rott-ui/node_modules/jest-circus/build/run.js:316:40)
    at _runTest (/Users/dogukantansuk/Projects/Tansuk/@tansuk/rott-ui/node_modules/jest-circus/build/run.js:252:3)
    at _runTestsForDescribeBlock (/Users/dogukantansuk/Projects/Tansuk/@tansuk/rott-ui/node_modules/jest-circus/build/run.js:126:9)
    at _runTestsForDescribeBlock (/Users/dogukantansuk/Projects/Tansuk/@tansuk/rott-ui/node_modules/jest-circus/build/run.js:121:9)
    at run (/Users/dogukantansuk/Projects/Tansuk/@tansuk/rott-ui/node_modules/jest-circus/build/run.js:71:3)
    at runAndTransformResultsToJestFormat (/Users/dogukantansuk/Projects/Tansuk/@tansuk/rott-ui/node_modules/jest-circus/build/legacy-code-todo-rewrite/jestAdapterInit.js:122:21)
    at jestAdapter (/Users/dogukantansuk/Projects/Tansuk/@tansuk/rott-ui/node_modules/jest-circus/build/legacy-code-todo-rewrite/jestAdapter.js:79:19)
    at runTestInternal (/Users/dogukantansuk/Projects/Tansuk/@tansuk/rott-ui/node_modules/jest-runner/build/runTest.js:367:16)
    at runTest (/Users/dogukantansuk/Projects/Tansuk/@tansuk/rott-ui/node_modules/jest-runner/build/runTest.js:444:34)
    at Object.worker (/Users/dogukantansuk/Projects/Tansuk/@tansuk/rott-ui/node_modules/jest-runner/build/testWorker.js:106:12)</failure>
    </testcase>
    <testcase classname="Button -&gt; Custom Component right icon propertysi verildiğinde ekranda doğru icon ile renderlanmalı" name="Button -&gt; Custom Component right icon propertysi verildiğinde ekranda doğru icon ile renderlanmalı" time="0.014">
    </testcase>
    <testcase classname="Button -&gt; Custom Component right image propertysi verildiğinde ekranda doğru image ile renderlanmalı" name="Button -&gt; Custom Component right image propertysi verildiğinde ekranda doğru image ile renderlanmalı" time="0.007">
    </testcase>
    <testcase classname="Button -&gt; Custom Component button loading durumundayken verilen right icon görünmemeli" name="Button -&gt; Custom Component button loading durumundayken verilen right icon görünmemeli" time="0.044">
    </testcase>
    <testcase classname="Button -&gt; Common UI Test Button marginTop propertysi aldığında styleları arasında marginTop ve verilen değer olmalıdır" name="Button -&gt; Common UI Test Button marginTop propertysi aldığında styleları arasında marginTop ve verilen değer olmalıdır" time="0.014">
    </testcase>
    <testcase classname="Button -&gt; Common UI Test Button marginBottom propertysi aldığında styleları arasında marginBottom ve verilen değer olmalıdır" name="Button -&gt; Common UI Test Button marginBottom propertysi aldığında styleları arasında marginBottom ve verilen değer olmalıdır" time="0.009">
    </testcase>
    <testcase classname="Button -&gt; Common UI Test Button marginLeft propertysi aldığında styleları arasında marginLeft ve verilen değer olmalıdır" name="Button -&gt; Common UI Test Button marginLeft propertysi aldığında styleları arasında marginLeft ve verilen değer olmalıdır" time="0.014">
    </testcase>
    <testcase classname="Button -&gt; Common UI Test Button marginRight propertysi aldığında styleları arasında marginRight ve verilen değer olmalıdır" name="Button -&gt; Common UI Test Button marginRight propertysi aldığında styleları arasında marginRight ve verilen değer olmalıdır" time="0.046">
    </testcase>
    <testcase classname="Button -&gt; Common UI Test Button paddingTop propertysi aldığında styleları arasında paddingTop ve verilen değer olmalıdır" name="Button -&gt; Common UI Test Button paddingTop propertysi aldığında styleları arasında paddingTop ve verilen değer olmalıdır" time="0.005">
    </testcase>
    <testcase classname="Button -&gt; Common UI Test Button paddingBottom propertysi aldığında styleları arasında paddingBottom ve verilen değer olmalıdır" name="Button -&gt; Common UI Test Button paddingBottom propertysi aldığında styleları arasında paddingBottom ve verilen değer olmalıdır" time="0.005">
    </testcase>
    <testcase classname="Button -&gt; Common UI Test Button paddingLeft propertysi aldığında styleları arasında paddingLeft ve verilen değer olmalıdır" name="Button -&gt; Common UI Test Button paddingLeft propertysi aldığında styleları arasında paddingLeft ve verilen değer olmalıdır" time="0.005">
    </testcase>
    <testcase classname="Button -&gt; Common UI Test Button paddingRight propertysi aldığında styleları arasında paddingRight ve verilen değer olmalıdır" name="Button -&gt; Common UI Test Button paddingRight propertysi aldığında styleları arasında paddingRight ve verilen değer olmalıdır" time="0.005">
    </testcase>
    <testcase classname="Button -&gt; Common UI Test Button paddingVertical propertysi aldığında styleları arasında paddingVertical ve verilen değer olmalıdır" name="Button -&gt; Common UI Test Button paddingVertical propertysi aldığında styleları arasında paddingVertical ve verilen değer olmalıdır" time="0.002">
    </testcase>
    <testcase classname="Button -&gt; Common UI Test Button paddingHorizontal propertysi aldığında styleları arasında paddingHorizontal ve verilen değer olmalıdır" name="Button -&gt; Common UI Test Button paddingHorizontal propertysi aldığında styleları arasında paddingHorizontal ve verilen değer olmalıdır" time="0.005">
    </testcase>
  </testsuite>
  <testsuite name="Password Input -&gt; Custom Input" errors="0" failures="1" skipped="0" timestamp="2025-07-11T11:44:11" time="20.004" tests="10">
    <testcase classname="Password Input -&gt; Custom Input password input ilk render anında snapshot ile eşleşmeli" name="Password Input -&gt; Custom Input password input ilk render anında snapshot ile eşleşmeli" time="0.155">
    </testcase>
    <testcase classname="Password Input -&gt; Custom Input password input sadece numeric karakterleri kabul etmeli" name="Password Input -&gt; Custom Input password input sadece numeric karakterleri kabul etmeli" time="0.043">
    </testcase>
    <testcase classname="Password Input -&gt; Custom Input password input harf ve özel karakter kabul etmemeli" name="Password Input -&gt; Custom Input password input harf ve özel karakter kabul etmemeli" time="0.017">
    </testcase>
    <testcase classname="Password Input -&gt; Custom Input input ilk renderlandiginda text gorunur olmamali" name="Password Input -&gt; Custom Input input ilk renderlandiginda text gorunur olmamali" time="0.005">
    </testcase>
    <testcase classname="Password Input -&gt; Custom Input input ilk renderlandiginda sifre goster iconu gorunmeli" name="Password Input -&gt; Custom Input input ilk renderlandiginda sifre goster iconu gorunmeli" time="0.21">
      <failure>Error: expect(received).toHaveProp()

received value must be a host element.
Received has type:  object
Received has value: {&quot;_fiber&quot;: {&quot;_debugHookTypes&quot;: null, &quot;_debugInfo&quot;: null, &quot;_debugNeedsRemount&quot;: false, &quot;_debugOwner&quot;: [FiberNode], &quot;actualDuration&quot;: -0, &quot;actualStartTime&quot;: 1752234271547, &quot;alternate&quot;: null, &quot;child&quot;: [FiberNode], &quot;childLanes&quot;: 0, &quot;deletions&quot;: null, &quot;dependencies&quot;: null, &quot;elementType&quot;: [Function Icon], &quot;flags&quot;: 1, &quot;index&quot;: 0, &quot;key&quot;: null, &quot;lanes&quot;: 0, &quot;memoizedProps&quot;: [Object], &quot;memoizedState&quot;: null, &quot;mode&quot;: 1, &quot;pendingProps&quot;: [Object], &quot;ref&quot;: null, &quot;refCleanup&quot;: null, &quot;return&quot;: [FiberNode], &quot;selfBaseDuration&quot;: -0, &quot;sibling&quot;: null, &quot;stateNode&quot;: null, &quot;subtreeFlags&quot;: 1, &quot;tag&quot;: 0, &quot;treeBaseDuration&quot;: -0, &quot;type&quot;: [Function Icon], &quot;updateQueue&quot;: null}}
    at __EXTERNAL_MATCHER_TRAP__ (/Users/dogukantansuk/Projects/Tansuk/@tansuk/rott-ui/node_modules/expect/build/index.js:325:30)
    at Object.throwingMatcher [as toHaveProp] (/Users/dogukantansuk/Projects/Tansuk/@tansuk/rott-ui/node_modules/expect/build/index.js:326:15)
    at Object.&lt;anonymous&gt; (/Users/dogukantansuk/Projects/Tansuk/@tansuk/rott-ui/src/features/Input/__tests__/PasswordInput.test.tsx:56:49)
    at Promise.then.completed (/Users/dogukantansuk/Projects/Tansuk/@tansuk/rott-ui/node_modules/jest-circus/build/utils.js:298:28)
    at new Promise (&lt;anonymous&gt;)
    at callAsyncCircusFn (/Users/dogukantansuk/Projects/Tansuk/@tansuk/rott-ui/node_modules/jest-circus/build/utils.js:231:10)
    at _callCircusTest (/Users/dogukantansuk/Projects/Tansuk/@tansuk/rott-ui/node_modules/jest-circus/build/run.js:316:40)
    at _runTest (/Users/dogukantansuk/Projects/Tansuk/@tansuk/rott-ui/node_modules/jest-circus/build/run.js:252:3)
    at _runTestsForDescribeBlock (/Users/dogukantansuk/Projects/Tansuk/@tansuk/rott-ui/node_modules/jest-circus/build/run.js:126:9)
    at _runTestsForDescribeBlock (/Users/dogukantansuk/Projects/Tansuk/@tansuk/rott-ui/node_modules/jest-circus/build/run.js:121:9)
    at run (/Users/dogukantansuk/Projects/Tansuk/@tansuk/rott-ui/node_modules/jest-circus/build/run.js:71:3)
    at runAndTransformResultsToJestFormat (/Users/dogukantansuk/Projects/Tansuk/@tansuk/rott-ui/node_modules/jest-circus/build/legacy-code-todo-rewrite/jestAdapterInit.js:122:21)
    at jestAdapter (/Users/dogukantansuk/Projects/Tansuk/@tansuk/rott-ui/node_modules/jest-circus/build/legacy-code-todo-rewrite/jestAdapter.js:79:19)
    at runTestInternal (/Users/dogukantansuk/Projects/Tansuk/@tansuk/rott-ui/node_modules/jest-runner/build/runTest.js:367:16)
    at runTest (/Users/dogukantansuk/Projects/Tansuk/@tansuk/rott-ui/node_modules/jest-runner/build/runTest.js:444:34)
    at Object.worker (/Users/dogukantansuk/Projects/Tansuk/@tansuk/rott-ui/node_modules/jest-runner/build/testWorker.js:106:12)</failure>
    </testcase>
    <testcase classname="Password Input -&gt; Custom Input input ilk renderlandiginda sifre goster iconuna tiklandiginda sifre gorunur olmali" name="Password Input -&gt; Custom Input input ilk renderlandiginda sifre goster iconuna tiklandiginda sifre gorunur olmali" time="0.007">
    </testcase>
    <testcase classname="Password Input -&gt; Custom Input input sifre gorunurken sifre gizle butonuna tiklandiginda sifre gizlenmeli" name="Password Input -&gt; Custom Input input sifre gorunurken sifre gizle butonuna tiklandiginda sifre gizlenmeli" time="0.01">
    </testcase>
    <testcase classname="Password Input -&gt; Custom Input input render olduğu zaman klavye olarak number-pad ekranda görülmeli" name="Password Input -&gt; Custom Input input render olduğu zaman klavye olarak number-pad ekranda görülmeli" time="0.003">
    </testcase>
    <testcase classname="Password Input -&gt; Custom Input IOS icin yapıştırma özelliği kapatılmalı" name="Password Input -&gt; Custom Input IOS icin yapıştırma özelliği kapatılmalı" time="0.008">
    </testcase>
    <testcase classname="Password Input -&gt; Custom Input Android icin yapıştırma özelliği kapatılmalı" name="Password Input -&gt; Custom Input Android icin yapıştırma özelliği kapatılmalı" time="0.004">
    </testcase>
  </testsuite>
  <testsuite name="Input -&gt; Custom Input" errors="0" failures="9" skipped="0" timestamp="2025-07-11T11:44:11" time="20.119" tests="9">
    <testcase classname="Input -&gt; Custom Input input ilk render anında snapshot ile eşleşmeli" name="Input -&gt; Custom Input input ilk render anında snapshot ile eşleşmeli" time="0.553">
      <failure>Error: Element type is invalid: expected a string (for built-in components) or a class/function (for composite components) but got: undefined. You likely forgot to export your component from the file it&apos;s defined in, or you might have mixed up default and named imports.
    at Error (/Users/dogukantansuk/Projects/Tansuk/@tansuk/rott-ui/node_modules/react-test-renderer/cjs/react-test-renderer.development.js:11889:28)
    at createFiberFromTypeAndProps (/Users/dogukantansuk/Projects/Tansuk/@tansuk/rott-ui/node_modules/react-test-renderer/cjs/react-test-renderer.development.js:11903:14)
    at createFiberFromElement (/Users/dogukantansuk/Projects/Tansuk/@tansuk/rott-ui/node_modules/react-test-renderer/cjs/react-test-renderer.development.js:3203:31)
    at reconcileChildFibersImpl (/Users/dogukantansuk/Projects/Tansuk/@tansuk/rott-ui/node_modules/react-test-renderer/cjs/react-test-renderer.development.js:3380:33)
    at mountChildFibers (/Users/dogukantansuk/Projects/Tansuk/@tansuk/rott-ui/node_modules/react-test-renderer/cjs/react-test-renderer.development.js:5361:13)
    at reconcileChildren (/Users/dogukantansuk/Projects/Tansuk/@tansuk/rott-ui/node_modules/react-test-renderer/cjs/react-test-renderer.development.js:5649:7)
    at updateFunctionComponent (/Users/dogukantansuk/Projects/Tansuk/@tansuk/rott-ui/node_modules/react-test-renderer/cjs/react-test-renderer.development.js:5488:14)
    at updateSimpleMemoComponent (/Users/dogukantansuk/Projects/Tansuk/@tansuk/rott-ui/node_modules/react-test-renderer/cjs/react-test-renderer.development.js:5421:13)
    at updateMemoComponent (/Users/dogukantansuk/Projects/Tansuk/@tansuk/rott-ui/node_modules/react-test-renderer/cjs/react-test-renderer.development.js:7285:18)
    at callback (/Users/dogukantansuk/Projects/Tansuk/@tansuk/rott-ui/node_modules/react-test-renderer/cjs/react-test-renderer.development.js:540:16)
    at runWithFiberInDEV (/Users/dogukantansuk/Projects/Tansuk/@tansuk/rott-ui/node_modules/react-test-renderer/cjs/react-test-renderer.development.js:10925:22)
    at performUnitOfWork (/Users/dogukantansuk/Projects/Tansuk/@tansuk/rott-ui/node_modules/react-test-renderer/cjs/react-test-renderer.development.js:10763:41)
    at workLoopSync (/Users/dogukantansuk/Projects/Tansuk/@tansuk/rott-ui/node_modules/react-test-renderer/cjs/react-test-renderer.development.js:10744:11)
    at renderRootSync (/Users/dogukantansuk/Projects/Tansuk/@tansuk/rott-ui/node_modules/react-test-renderer/cjs/react-test-renderer.development.js:10299:39)
    at performWorkOnRoot (/Users/dogukantansuk/Projects/Tansuk/@tansuk/rott-ui/node_modules/react-test-renderer/cjs/react-test-renderer.development.js:1879:7)
    at flushActQueue (/Users/dogukantansuk/Projects/Tansuk/@tansuk/rott-ui/node_modules/react/cjs/react.development.js:862:34)
    at Object.&lt;anonymous&gt;.process.env.NODE_ENV.exports.act (/Users/dogukantansuk/Projects/Tansuk/@tansuk/rott-ui/node_modules/react/cjs/react.development.js:1151:10)
    at actImplementation (/Users/dogukantansuk/Projects/Tansuk/@tansuk/rott-ui/node_modules/@testing-library/react-native/src/act.ts:31:25)
    at renderWithAct (/Users/dogukantansuk/Projects/Tansuk/@tansuk/rott-ui/node_modules/@testing-library/react-native/src/render-act.ts:13:11)
    at renderInternal (/Users/dogukantansuk/Projects/Tansuk/@tansuk/rott-ui/node_modules/@testing-library/react-native/src/render.tsx:69:33)
    at renderInternal (/Users/dogukantansuk/Projects/Tansuk/@tansuk/rott-ui/node_modules/@testing-library/react-native/src/render.tsx:44:10)
    at customRender (/Users/dogukantansuk/Projects/Tansuk/@tansuk/rott-ui/src/utils/testUtils.ts:10:56)
    at Object.&lt;anonymous&gt; (/Users/dogukantansuk/Projects/Tansuk/@tansuk/rott-ui/src/features/Input/__tests__/Input.test.tsx:16:33)
    at Promise.then.completed (/Users/dogukantansuk/Projects/Tansuk/@tansuk/rott-ui/node_modules/jest-circus/build/utils.js:298:28)
    at new Promise (&lt;anonymous&gt;)
    at callAsyncCircusFn (/Users/dogukantansuk/Projects/Tansuk/@tansuk/rott-ui/node_modules/jest-circus/build/utils.js:231:10)
    at _callCircusTest (/Users/dogukantansuk/Projects/Tansuk/@tansuk/rott-ui/node_modules/jest-circus/build/run.js:316:40)
    at processTicksAndRejections (node:internal/process/task_queues:105:5)
    at _runTest (/Users/dogukantansuk/Projects/Tansuk/@tansuk/rott-ui/node_modules/jest-circus/build/run.js:252:3)
    at _runTestsForDescribeBlock (/Users/dogukantansuk/Projects/Tansuk/@tansuk/rott-ui/node_modules/jest-circus/build/run.js:126:9)
    at _runTestsForDescribeBlock (/Users/dogukantansuk/Projects/Tansuk/@tansuk/rott-ui/node_modules/jest-circus/build/run.js:121:9)
    at run (/Users/dogukantansuk/Projects/Tansuk/@tansuk/rott-ui/node_modules/jest-circus/build/run.js:71:3)
    at runAndTransformResultsToJestFormat (/Users/dogukantansuk/Projects/Tansuk/@tansuk/rott-ui/node_modules/jest-circus/build/legacy-code-todo-rewrite/jestAdapterInit.js:122:21)
    at jestAdapter (/Users/dogukantansuk/Projects/Tansuk/@tansuk/rott-ui/node_modules/jest-circus/build/legacy-code-todo-rewrite/jestAdapter.js:79:19)
    at runTestInternal (/Users/dogukantansuk/Projects/Tansuk/@tansuk/rott-ui/node_modules/jest-runner/build/runTest.js:367:16)
    at runTest (/Users/dogukantansuk/Projects/Tansuk/@tansuk/rott-ui/node_modules/jest-runner/build/runTest.js:444:34)
    at Object.worker (/Users/dogukantansuk/Projects/Tansuk/@tansuk/rott-ui/node_modules/jest-runner/build/testWorker.js:106:12)</failure>
    </testcase>
    <testcase classname="Input -&gt; Custom Input input ile renderlanan label verilen text uppercase olarak ekranda görünmeli" name="Input -&gt; Custom Input input ile renderlanan label verilen text uppercase olarak ekranda görünmeli" time="0.006">
      <failure>Error: Element type is invalid: expected a string (for built-in components) or a class/function (for composite components) but got: undefined. You likely forgot to export your component from the file it&apos;s defined in, or you might have mixed up default and named imports.
    at Error (/Users/dogukantansuk/Projects/Tansuk/@tansuk/rott-ui/node_modules/react-test-renderer/cjs/react-test-renderer.development.js:11889:28)
    at createFiberFromTypeAndProps (/Users/dogukantansuk/Projects/Tansuk/@tansuk/rott-ui/node_modules/react-test-renderer/cjs/react-test-renderer.development.js:11903:14)
    at createFiberFromElement (/Users/dogukantansuk/Projects/Tansuk/@tansuk/rott-ui/node_modules/react-test-renderer/cjs/react-test-renderer.development.js:3203:31)
    at reconcileChildFibersImpl (/Users/dogukantansuk/Projects/Tansuk/@tansuk/rott-ui/node_modules/react-test-renderer/cjs/react-test-renderer.development.js:3380:33)
    at mountChildFibers (/Users/dogukantansuk/Projects/Tansuk/@tansuk/rott-ui/node_modules/react-test-renderer/cjs/react-test-renderer.development.js:5361:13)
    at reconcileChildren (/Users/dogukantansuk/Projects/Tansuk/@tansuk/rott-ui/node_modules/react-test-renderer/cjs/react-test-renderer.development.js:5649:7)
    at updateFunctionComponent (/Users/dogukantansuk/Projects/Tansuk/@tansuk/rott-ui/node_modules/react-test-renderer/cjs/react-test-renderer.development.js:5488:14)
    at updateSimpleMemoComponent (/Users/dogukantansuk/Projects/Tansuk/@tansuk/rott-ui/node_modules/react-test-renderer/cjs/react-test-renderer.development.js:5421:13)
    at updateMemoComponent (/Users/dogukantansuk/Projects/Tansuk/@tansuk/rott-ui/node_modules/react-test-renderer/cjs/react-test-renderer.development.js:7285:18)
    at callback (/Users/dogukantansuk/Projects/Tansuk/@tansuk/rott-ui/node_modules/react-test-renderer/cjs/react-test-renderer.development.js:540:16)
    at runWithFiberInDEV (/Users/dogukantansuk/Projects/Tansuk/@tansuk/rott-ui/node_modules/react-test-renderer/cjs/react-test-renderer.development.js:10925:22)
    at performUnitOfWork (/Users/dogukantansuk/Projects/Tansuk/@tansuk/rott-ui/node_modules/react-test-renderer/cjs/react-test-renderer.development.js:10763:41)
    at workLoopSync (/Users/dogukantansuk/Projects/Tansuk/@tansuk/rott-ui/node_modules/react-test-renderer/cjs/react-test-renderer.development.js:10744:11)
    at renderRootSync (/Users/dogukantansuk/Projects/Tansuk/@tansuk/rott-ui/node_modules/react-test-renderer/cjs/react-test-renderer.development.js:10299:39)
    at performWorkOnRoot (/Users/dogukantansuk/Projects/Tansuk/@tansuk/rott-ui/node_modules/react-test-renderer/cjs/react-test-renderer.development.js:1879:7)
    at flushActQueue (/Users/dogukantansuk/Projects/Tansuk/@tansuk/rott-ui/node_modules/react/cjs/react.development.js:862:34)
    at Object.&lt;anonymous&gt;.process.env.NODE_ENV.exports.act (/Users/dogukantansuk/Projects/Tansuk/@tansuk/rott-ui/node_modules/react/cjs/react.development.js:1151:10)
    at actImplementation (/Users/dogukantansuk/Projects/Tansuk/@tansuk/rott-ui/node_modules/@testing-library/react-native/src/act.ts:31:25)
    at renderWithAct (/Users/dogukantansuk/Projects/Tansuk/@tansuk/rott-ui/node_modules/@testing-library/react-native/src/render-act.ts:13:11)
    at renderInternal (/Users/dogukantansuk/Projects/Tansuk/@tansuk/rott-ui/node_modules/@testing-library/react-native/src/render.tsx:69:33)
    at renderInternal (/Users/dogukantansuk/Projects/Tansuk/@tansuk/rott-ui/node_modules/@testing-library/react-native/src/render.tsx:44:10)
    at customRender (/Users/dogukantansuk/Projects/Tansuk/@tansuk/rott-ui/src/utils/testUtils.ts:10:56)
    at Object.&lt;anonymous&gt; (/Users/dogukantansuk/Projects/Tansuk/@tansuk/rott-ui/src/features/Input/__tests__/Input.test.tsx:24:31)
    at Promise.then.completed (/Users/dogukantansuk/Projects/Tansuk/@tansuk/rott-ui/node_modules/jest-circus/build/utils.js:298:28)
    at new Promise (&lt;anonymous&gt;)
    at callAsyncCircusFn (/Users/dogukantansuk/Projects/Tansuk/@tansuk/rott-ui/node_modules/jest-circus/build/utils.js:231:10)
    at _callCircusTest (/Users/dogukantansuk/Projects/Tansuk/@tansuk/rott-ui/node_modules/jest-circus/build/run.js:316:40)
    at _runTest (/Users/dogukantansuk/Projects/Tansuk/@tansuk/rott-ui/node_modules/jest-circus/build/run.js:252:3)
    at _runTestsForDescribeBlock (/Users/dogukantansuk/Projects/Tansuk/@tansuk/rott-ui/node_modules/jest-circus/build/run.js:126:9)
    at _runTestsForDescribeBlock (/Users/dogukantansuk/Projects/Tansuk/@tansuk/rott-ui/node_modules/jest-circus/build/run.js:121:9)
    at run (/Users/dogukantansuk/Projects/Tansuk/@tansuk/rott-ui/node_modules/jest-circus/build/run.js:71:3)
    at runAndTransformResultsToJestFormat (/Users/dogukantansuk/Projects/Tansuk/@tansuk/rott-ui/node_modules/jest-circus/build/legacy-code-todo-rewrite/jestAdapterInit.js:122:21)
    at jestAdapter (/Users/dogukantansuk/Projects/Tansuk/@tansuk/rott-ui/node_modules/jest-circus/build/legacy-code-todo-rewrite/jestAdapter.js:79:19)
    at runTestInternal (/Users/dogukantansuk/Projects/Tansuk/@tansuk/rott-ui/node_modules/jest-runner/build/runTest.js:367:16)
    at runTest (/Users/dogukantansuk/Projects/Tansuk/@tansuk/rott-ui/node_modules/jest-runner/build/runTest.js:444:34)
    at Object.worker (/Users/dogukantansuk/Projects/Tansuk/@tansuk/rott-ui/node_modules/jest-runner/build/testWorker.js:106:12)</failure>
    </testcase>
    <testcase classname="Input -&gt; Custom Input input ile renderlanan label text verilmediğinde ekranda görünmemeli" name="Input -&gt; Custom Input input ile renderlanan label text verilmediğinde ekranda görünmemeli" time="0.004">
      <failure>Error: Element type is invalid: expected a string (for built-in components) or a class/function (for composite components) but got: undefined. You likely forgot to export your component from the file it&apos;s defined in, or you might have mixed up default and named imports.
    at Error (/Users/dogukantansuk/Projects/Tansuk/@tansuk/rott-ui/node_modules/react-test-renderer/cjs/react-test-renderer.development.js:11889:28)
    at createFiberFromTypeAndProps (/Users/dogukantansuk/Projects/Tansuk/@tansuk/rott-ui/node_modules/react-test-renderer/cjs/react-test-renderer.development.js:11903:14)
    at createFiberFromElement (/Users/dogukantansuk/Projects/Tansuk/@tansuk/rott-ui/node_modules/react-test-renderer/cjs/react-test-renderer.development.js:3203:31)
    at reconcileChildFibersImpl (/Users/dogukantansuk/Projects/Tansuk/@tansuk/rott-ui/node_modules/react-test-renderer/cjs/react-test-renderer.development.js:3380:33)
    at mountChildFibers (/Users/dogukantansuk/Projects/Tansuk/@tansuk/rott-ui/node_modules/react-test-renderer/cjs/react-test-renderer.development.js:5361:13)
    at reconcileChildren (/Users/dogukantansuk/Projects/Tansuk/@tansuk/rott-ui/node_modules/react-test-renderer/cjs/react-test-renderer.development.js:5649:7)
    at updateFunctionComponent (/Users/dogukantansuk/Projects/Tansuk/@tansuk/rott-ui/node_modules/react-test-renderer/cjs/react-test-renderer.development.js:5488:14)
    at updateSimpleMemoComponent (/Users/dogukantansuk/Projects/Tansuk/@tansuk/rott-ui/node_modules/react-test-renderer/cjs/react-test-renderer.development.js:5421:13)
    at updateMemoComponent (/Users/dogukantansuk/Projects/Tansuk/@tansuk/rott-ui/node_modules/react-test-renderer/cjs/react-test-renderer.development.js:7285:18)
    at callback (/Users/dogukantansuk/Projects/Tansuk/@tansuk/rott-ui/node_modules/react-test-renderer/cjs/react-test-renderer.development.js:540:16)
    at runWithFiberInDEV (/Users/dogukantansuk/Projects/Tansuk/@tansuk/rott-ui/node_modules/react-test-renderer/cjs/react-test-renderer.development.js:10925:22)
    at performUnitOfWork (/Users/dogukantansuk/Projects/Tansuk/@tansuk/rott-ui/node_modules/react-test-renderer/cjs/react-test-renderer.development.js:10763:41)
    at workLoopSync (/Users/dogukantansuk/Projects/Tansuk/@tansuk/rott-ui/node_modules/react-test-renderer/cjs/react-test-renderer.development.js:10744:11)
    at renderRootSync (/Users/dogukantansuk/Projects/Tansuk/@tansuk/rott-ui/node_modules/react-test-renderer/cjs/react-test-renderer.development.js:10299:39)
    at performWorkOnRoot (/Users/dogukantansuk/Projects/Tansuk/@tansuk/rott-ui/node_modules/react-test-renderer/cjs/react-test-renderer.development.js:1879:7)
    at flushActQueue (/Users/dogukantansuk/Projects/Tansuk/@tansuk/rott-ui/node_modules/react/cjs/react.development.js:862:34)
    at Object.&lt;anonymous&gt;.process.env.NODE_ENV.exports.act (/Users/dogukantansuk/Projects/Tansuk/@tansuk/rott-ui/node_modules/react/cjs/react.development.js:1151:10)
    at actImplementation (/Users/dogukantansuk/Projects/Tansuk/@tansuk/rott-ui/node_modules/@testing-library/react-native/src/act.ts:31:25)
    at renderWithAct (/Users/dogukantansuk/Projects/Tansuk/@tansuk/rott-ui/node_modules/@testing-library/react-native/src/render-act.ts:13:11)
    at renderInternal (/Users/dogukantansuk/Projects/Tansuk/@tansuk/rott-ui/node_modules/@testing-library/react-native/src/render.tsx:69:33)
    at renderInternal (/Users/dogukantansuk/Projects/Tansuk/@tansuk/rott-ui/node_modules/@testing-library/react-native/src/render.tsx:44:10)
    at customRender (/Users/dogukantansuk/Projects/Tansuk/@tansuk/rott-ui/src/utils/testUtils.ts:10:56)
    at Object.&lt;anonymous&gt; (/Users/dogukantansuk/Projects/Tansuk/@tansuk/rott-ui/src/features/Input/__tests__/Input.test.tsx:32:35)
    at Promise.then.completed (/Users/dogukantansuk/Projects/Tansuk/@tansuk/rott-ui/node_modules/jest-circus/build/utils.js:298:28)
    at new Promise (&lt;anonymous&gt;)
    at callAsyncCircusFn (/Users/dogukantansuk/Projects/Tansuk/@tansuk/rott-ui/node_modules/jest-circus/build/utils.js:231:10)
    at _callCircusTest (/Users/dogukantansuk/Projects/Tansuk/@tansuk/rott-ui/node_modules/jest-circus/build/run.js:316:40)
    at _runTest (/Users/dogukantansuk/Projects/Tansuk/@tansuk/rott-ui/node_modules/jest-circus/build/run.js:252:3)
    at _runTestsForDescribeBlock (/Users/dogukantansuk/Projects/Tansuk/@tansuk/rott-ui/node_modules/jest-circus/build/run.js:126:9)
    at _runTestsForDescribeBlock (/Users/dogukantansuk/Projects/Tansuk/@tansuk/rott-ui/node_modules/jest-circus/build/run.js:121:9)
    at run (/Users/dogukantansuk/Projects/Tansuk/@tansuk/rott-ui/node_modules/jest-circus/build/run.js:71:3)
    at runAndTransformResultsToJestFormat (/Users/dogukantansuk/Projects/Tansuk/@tansuk/rott-ui/node_modules/jest-circus/build/legacy-code-todo-rewrite/jestAdapterInit.js:122:21)
    at jestAdapter (/Users/dogukantansuk/Projects/Tansuk/@tansuk/rott-ui/node_modules/jest-circus/build/legacy-code-todo-rewrite/jestAdapter.js:79:19)
    at runTestInternal (/Users/dogukantansuk/Projects/Tansuk/@tansuk/rott-ui/node_modules/jest-runner/build/runTest.js:367:16)
    at runTest (/Users/dogukantansuk/Projects/Tansuk/@tansuk/rott-ui/node_modules/jest-runner/build/runTest.js:444:34)
    at Object.worker (/Users/dogukantansuk/Projects/Tansuk/@tansuk/rott-ui/node_modules/jest-runner/build/testWorker.js:106:12)</failure>
    </testcase>
    <testcase classname="Input -&gt; Custom Input kullanıcı verilen placeholder değerini ekranda görmeli" name="Input -&gt; Custom Input kullanıcı verilen placeholder değerini ekranda görmeli" time="0.001">
      <failure>Error: Element type is invalid: expected a string (for built-in components) or a class/function (for composite components) but got: undefined. You likely forgot to export your component from the file it&apos;s defined in, or you might have mixed up default and named imports.
    at Error (/Users/dogukantansuk/Projects/Tansuk/@tansuk/rott-ui/node_modules/react-test-renderer/cjs/react-test-renderer.development.js:11889:28)
    at createFiberFromTypeAndProps (/Users/dogukantansuk/Projects/Tansuk/@tansuk/rott-ui/node_modules/react-test-renderer/cjs/react-test-renderer.development.js:11903:14)
    at createFiberFromElement (/Users/dogukantansuk/Projects/Tansuk/@tansuk/rott-ui/node_modules/react-test-renderer/cjs/react-test-renderer.development.js:3203:31)
    at reconcileChildFibersImpl (/Users/dogukantansuk/Projects/Tansuk/@tansuk/rott-ui/node_modules/react-test-renderer/cjs/react-test-renderer.development.js:3380:33)
    at mountChildFibers (/Users/dogukantansuk/Projects/Tansuk/@tansuk/rott-ui/node_modules/react-test-renderer/cjs/react-test-renderer.development.js:5361:13)
    at reconcileChildren (/Users/dogukantansuk/Projects/Tansuk/@tansuk/rott-ui/node_modules/react-test-renderer/cjs/react-test-renderer.development.js:5649:7)
    at updateFunctionComponent (/Users/dogukantansuk/Projects/Tansuk/@tansuk/rott-ui/node_modules/react-test-renderer/cjs/react-test-renderer.development.js:5488:14)
    at updateSimpleMemoComponent (/Users/dogukantansuk/Projects/Tansuk/@tansuk/rott-ui/node_modules/react-test-renderer/cjs/react-test-renderer.development.js:5421:13)
    at updateMemoComponent (/Users/dogukantansuk/Projects/Tansuk/@tansuk/rott-ui/node_modules/react-test-renderer/cjs/react-test-renderer.development.js:7285:18)
    at callback (/Users/dogukantansuk/Projects/Tansuk/@tansuk/rott-ui/node_modules/react-test-renderer/cjs/react-test-renderer.development.js:540:16)
    at runWithFiberInDEV (/Users/dogukantansuk/Projects/Tansuk/@tansuk/rott-ui/node_modules/react-test-renderer/cjs/react-test-renderer.development.js:10925:22)
    at performUnitOfWork (/Users/dogukantansuk/Projects/Tansuk/@tansuk/rott-ui/node_modules/react-test-renderer/cjs/react-test-renderer.development.js:10763:41)
    at workLoopSync (/Users/dogukantansuk/Projects/Tansuk/@tansuk/rott-ui/node_modules/react-test-renderer/cjs/react-test-renderer.development.js:10744:11)
    at renderRootSync (/Users/dogukantansuk/Projects/Tansuk/@tansuk/rott-ui/node_modules/react-test-renderer/cjs/react-test-renderer.development.js:10299:39)
    at performWorkOnRoot (/Users/dogukantansuk/Projects/Tansuk/@tansuk/rott-ui/node_modules/react-test-renderer/cjs/react-test-renderer.development.js:1879:7)
    at flushActQueue (/Users/dogukantansuk/Projects/Tansuk/@tansuk/rott-ui/node_modules/react/cjs/react.development.js:862:34)
    at Object.&lt;anonymous&gt;.process.env.NODE_ENV.exports.act (/Users/dogukantansuk/Projects/Tansuk/@tansuk/rott-ui/node_modules/react/cjs/react.development.js:1151:10)
    at actImplementation (/Users/dogukantansuk/Projects/Tansuk/@tansuk/rott-ui/node_modules/@testing-library/react-native/src/act.ts:31:25)
    at renderWithAct (/Users/dogukantansuk/Projects/Tansuk/@tansuk/rott-ui/node_modules/@testing-library/react-native/src/render-act.ts:13:11)
    at renderInternal (/Users/dogukantansuk/Projects/Tansuk/@tansuk/rott-ui/node_modules/@testing-library/react-native/src/render.tsx:69:33)
    at renderInternal (/Users/dogukantansuk/Projects/Tansuk/@tansuk/rott-ui/node_modules/@testing-library/react-native/src/render.tsx:44:10)
    at customRender (/Users/dogukantansuk/Projects/Tansuk/@tansuk/rott-ui/src/utils/testUtils.ts:10:56)
    at Object.&lt;anonymous&gt; (/Users/dogukantansuk/Projects/Tansuk/@tansuk/rott-ui/src/features/Input/__tests__/Input.test.tsx:40:33)
    at Promise.then.completed (/Users/dogukantansuk/Projects/Tansuk/@tansuk/rott-ui/node_modules/jest-circus/build/utils.js:298:28)
    at new Promise (&lt;anonymous&gt;)
    at callAsyncCircusFn (/Users/dogukantansuk/Projects/Tansuk/@tansuk/rott-ui/node_modules/jest-circus/build/utils.js:231:10)
    at _callCircusTest (/Users/dogukantansuk/Projects/Tansuk/@tansuk/rott-ui/node_modules/jest-circus/build/run.js:316:40)
    at _runTest (/Users/dogukantansuk/Projects/Tansuk/@tansuk/rott-ui/node_modules/jest-circus/build/run.js:252:3)
    at _runTestsForDescribeBlock (/Users/dogukantansuk/Projects/Tansuk/@tansuk/rott-ui/node_modules/jest-circus/build/run.js:126:9)
    at _runTestsForDescribeBlock (/Users/dogukantansuk/Projects/Tansuk/@tansuk/rott-ui/node_modules/jest-circus/build/run.js:121:9)
    at run (/Users/dogukantansuk/Projects/Tansuk/@tansuk/rott-ui/node_modules/jest-circus/build/run.js:71:3)
    at runAndTransformResultsToJestFormat (/Users/dogukantansuk/Projects/Tansuk/@tansuk/rott-ui/node_modules/jest-circus/build/legacy-code-todo-rewrite/jestAdapterInit.js:122:21)
    at jestAdapter (/Users/dogukantansuk/Projects/Tansuk/@tansuk/rott-ui/node_modules/jest-circus/build/legacy-code-todo-rewrite/jestAdapter.js:79:19)
    at runTestInternal (/Users/dogukantansuk/Projects/Tansuk/@tansuk/rott-ui/node_modules/jest-runner/build/runTest.js:367:16)
    at runTest (/Users/dogukantansuk/Projects/Tansuk/@tansuk/rott-ui/node_modules/jest-runner/build/runTest.js:444:34)
    at Object.worker (/Users/dogukantansuk/Projects/Tansuk/@tansuk/rott-ui/node_modules/jest-runner/build/testWorker.js:106:12)</failure>
    </testcase>
    <testcase classname="Input -&gt; Custom Input kullanıcı placeholder verilmezse default olarak title ile aynı değeri görmeli" name="Input -&gt; Custom Input kullanıcı placeholder verilmezse default olarak title ile aynı değeri görmeli" time="0.004">
      <failure>Error: Element type is invalid: expected a string (for built-in components) or a class/function (for composite components) but got: undefined. You likely forgot to export your component from the file it&apos;s defined in, or you might have mixed up default and named imports.
    at Error (/Users/dogukantansuk/Projects/Tansuk/@tansuk/rott-ui/node_modules/react-test-renderer/cjs/react-test-renderer.development.js:11889:28)
    at createFiberFromTypeAndProps (/Users/dogukantansuk/Projects/Tansuk/@tansuk/rott-ui/node_modules/react-test-renderer/cjs/react-test-renderer.development.js:11903:14)
    at createFiberFromElement (/Users/dogukantansuk/Projects/Tansuk/@tansuk/rott-ui/node_modules/react-test-renderer/cjs/react-test-renderer.development.js:3203:31)
    at reconcileChildFibersImpl (/Users/dogukantansuk/Projects/Tansuk/@tansuk/rott-ui/node_modules/react-test-renderer/cjs/react-test-renderer.development.js:3380:33)
    at mountChildFibers (/Users/dogukantansuk/Projects/Tansuk/@tansuk/rott-ui/node_modules/react-test-renderer/cjs/react-test-renderer.development.js:5361:13)
    at reconcileChildren (/Users/dogukantansuk/Projects/Tansuk/@tansuk/rott-ui/node_modules/react-test-renderer/cjs/react-test-renderer.development.js:5649:7)
    at updateFunctionComponent (/Users/dogukantansuk/Projects/Tansuk/@tansuk/rott-ui/node_modules/react-test-renderer/cjs/react-test-renderer.development.js:5488:14)
    at updateSimpleMemoComponent (/Users/dogukantansuk/Projects/Tansuk/@tansuk/rott-ui/node_modules/react-test-renderer/cjs/react-test-renderer.development.js:5421:13)
    at updateMemoComponent (/Users/dogukantansuk/Projects/Tansuk/@tansuk/rott-ui/node_modules/react-test-renderer/cjs/react-test-renderer.development.js:7285:18)
    at callback (/Users/dogukantansuk/Projects/Tansuk/@tansuk/rott-ui/node_modules/react-test-renderer/cjs/react-test-renderer.development.js:540:16)
    at runWithFiberInDEV (/Users/dogukantansuk/Projects/Tansuk/@tansuk/rott-ui/node_modules/react-test-renderer/cjs/react-test-renderer.development.js:10925:22)
    at performUnitOfWork (/Users/dogukantansuk/Projects/Tansuk/@tansuk/rott-ui/node_modules/react-test-renderer/cjs/react-test-renderer.development.js:10763:41)
    at workLoopSync (/Users/dogukantansuk/Projects/Tansuk/@tansuk/rott-ui/node_modules/react-test-renderer/cjs/react-test-renderer.development.js:10744:11)
    at renderRootSync (/Users/dogukantansuk/Projects/Tansuk/@tansuk/rott-ui/node_modules/react-test-renderer/cjs/react-test-renderer.development.js:10299:39)
    at performWorkOnRoot (/Users/dogukantansuk/Projects/Tansuk/@tansuk/rott-ui/node_modules/react-test-renderer/cjs/react-test-renderer.development.js:1879:7)
    at flushActQueue (/Users/dogukantansuk/Projects/Tansuk/@tansuk/rott-ui/node_modules/react/cjs/react.development.js:862:34)
    at Object.&lt;anonymous&gt;.process.env.NODE_ENV.exports.act (/Users/dogukantansuk/Projects/Tansuk/@tansuk/rott-ui/node_modules/react/cjs/react.development.js:1151:10)
    at actImplementation (/Users/dogukantansuk/Projects/Tansuk/@tansuk/rott-ui/node_modules/@testing-library/react-native/src/act.ts:31:25)
    at renderWithAct (/Users/dogukantansuk/Projects/Tansuk/@tansuk/rott-ui/node_modules/@testing-library/react-native/src/render-act.ts:13:11)
    at renderInternal (/Users/dogukantansuk/Projects/Tansuk/@tansuk/rott-ui/node_modules/@testing-library/react-native/src/render.tsx:69:33)
    at renderInternal (/Users/dogukantansuk/Projects/Tansuk/@tansuk/rott-ui/node_modules/@testing-library/react-native/src/render.tsx:44:10)
    at customRender (/Users/dogukantansuk/Projects/Tansuk/@tansuk/rott-ui/src/utils/testUtils.ts:10:56)
    at Object.&lt;anonymous&gt; (/Users/dogukantansuk/Projects/Tansuk/@tansuk/rott-ui/src/features/Input/__tests__/Input.test.tsx:50:33)
    at Promise.then.completed (/Users/dogukantansuk/Projects/Tansuk/@tansuk/rott-ui/node_modules/jest-circus/build/utils.js:298:28)
    at new Promise (&lt;anonymous&gt;)
    at callAsyncCircusFn (/Users/dogukantansuk/Projects/Tansuk/@tansuk/rott-ui/node_modules/jest-circus/build/utils.js:231:10)
    at _callCircusTest (/Users/dogukantansuk/Projects/Tansuk/@tansuk/rott-ui/node_modules/jest-circus/build/run.js:316:40)
    at _runTest (/Users/dogukantansuk/Projects/Tansuk/@tansuk/rott-ui/node_modules/jest-circus/build/run.js:252:3)
    at _runTestsForDescribeBlock (/Users/dogukantansuk/Projects/Tansuk/@tansuk/rott-ui/node_modules/jest-circus/build/run.js:126:9)
    at _runTestsForDescribeBlock (/Users/dogukantansuk/Projects/Tansuk/@tansuk/rott-ui/node_modules/jest-circus/build/run.js:121:9)
    at run (/Users/dogukantansuk/Projects/Tansuk/@tansuk/rott-ui/node_modules/jest-circus/build/run.js:71:3)
    at runAndTransformResultsToJestFormat (/Users/dogukantansuk/Projects/Tansuk/@tansuk/rott-ui/node_modules/jest-circus/build/legacy-code-todo-rewrite/jestAdapterInit.js:122:21)
    at jestAdapter (/Users/dogukantansuk/Projects/Tansuk/@tansuk/rott-ui/node_modules/jest-circus/build/legacy-code-todo-rewrite/jestAdapter.js:79:19)
    at runTestInternal (/Users/dogukantansuk/Projects/Tansuk/@tansuk/rott-ui/node_modules/jest-runner/build/runTest.js:367:16)
    at runTest (/Users/dogukantansuk/Projects/Tansuk/@tansuk/rott-ui/node_modules/jest-runner/build/runTest.js:444:34)
    at Object.worker (/Users/dogukantansuk/Projects/Tansuk/@tansuk/rott-ui/node_modules/jest-runner/build/testWorker.js:106:12)</failure>
    </testcase>
    <testcase classname="Input -&gt; Custom Input verilen input type ekranda doğru şekilde render edilmeli" name="Input -&gt; Custom Input verilen input type ekranda doğru şekilde render edilmeli" time="0.008">
      <failure>Error: Element type is invalid: expected a string (for built-in components) or a class/function (for composite components) but got: undefined. You likely forgot to export your component from the file it&apos;s defined in, or you might have mixed up default and named imports.
    at Error (/Users/dogukantansuk/Projects/Tansuk/@tansuk/rott-ui/node_modules/react-test-renderer/cjs/react-test-renderer.development.js:11889:28)
    at createFiberFromTypeAndProps (/Users/dogukantansuk/Projects/Tansuk/@tansuk/rott-ui/node_modules/react-test-renderer/cjs/react-test-renderer.development.js:11903:14)
    at createFiberFromElement (/Users/dogukantansuk/Projects/Tansuk/@tansuk/rott-ui/node_modules/react-test-renderer/cjs/react-test-renderer.development.js:3203:31)
    at reconcileChildFibersImpl (/Users/dogukantansuk/Projects/Tansuk/@tansuk/rott-ui/node_modules/react-test-renderer/cjs/react-test-renderer.development.js:3380:33)
    at mountChildFibers (/Users/dogukantansuk/Projects/Tansuk/@tansuk/rott-ui/node_modules/react-test-renderer/cjs/react-test-renderer.development.js:5361:13)
    at reconcileChildren (/Users/dogukantansuk/Projects/Tansuk/@tansuk/rott-ui/node_modules/react-test-renderer/cjs/react-test-renderer.development.js:5649:7)
    at updateFunctionComponent (/Users/dogukantansuk/Projects/Tansuk/@tansuk/rott-ui/node_modules/react-test-renderer/cjs/react-test-renderer.development.js:5488:14)
    at updateSimpleMemoComponent (/Users/dogukantansuk/Projects/Tansuk/@tansuk/rott-ui/node_modules/react-test-renderer/cjs/react-test-renderer.development.js:5421:13)
    at updateMemoComponent (/Users/dogukantansuk/Projects/Tansuk/@tansuk/rott-ui/node_modules/react-test-renderer/cjs/react-test-renderer.development.js:7285:18)
    at callback (/Users/dogukantansuk/Projects/Tansuk/@tansuk/rott-ui/node_modules/react-test-renderer/cjs/react-test-renderer.development.js:540:16)
    at runWithFiberInDEV (/Users/dogukantansuk/Projects/Tansuk/@tansuk/rott-ui/node_modules/react-test-renderer/cjs/react-test-renderer.development.js:10925:22)
    at performUnitOfWork (/Users/dogukantansuk/Projects/Tansuk/@tansuk/rott-ui/node_modules/react-test-renderer/cjs/react-test-renderer.development.js:10763:41)
    at workLoopSync (/Users/dogukantansuk/Projects/Tansuk/@tansuk/rott-ui/node_modules/react-test-renderer/cjs/react-test-renderer.development.js:10744:11)
    at renderRootSync (/Users/dogukantansuk/Projects/Tansuk/@tansuk/rott-ui/node_modules/react-test-renderer/cjs/react-test-renderer.development.js:10299:39)
    at performWorkOnRoot (/Users/dogukantansuk/Projects/Tansuk/@tansuk/rott-ui/node_modules/react-test-renderer/cjs/react-test-renderer.development.js:1879:7)
    at flushActQueue (/Users/dogukantansuk/Projects/Tansuk/@tansuk/rott-ui/node_modules/react/cjs/react.development.js:862:34)
    at Object.&lt;anonymous&gt;.process.env.NODE_ENV.exports.act (/Users/dogukantansuk/Projects/Tansuk/@tansuk/rott-ui/node_modules/react/cjs/react.development.js:1151:10)
    at actImplementation (/Users/dogukantansuk/Projects/Tansuk/@tansuk/rott-ui/node_modules/@testing-library/react-native/src/act.ts:31:25)
    at renderWithAct (/Users/dogukantansuk/Projects/Tansuk/@tansuk/rott-ui/node_modules/@testing-library/react-native/src/render-act.ts:13:11)
    at renderInternal (/Users/dogukantansuk/Projects/Tansuk/@tansuk/rott-ui/node_modules/@testing-library/react-native/src/render.tsx:69:33)
    at renderInternal (/Users/dogukantansuk/Projects/Tansuk/@tansuk/rott-ui/node_modules/@testing-library/react-native/src/render.tsx:44:10)
    at customRender (/Users/dogukantansuk/Projects/Tansuk/@tansuk/rott-ui/src/utils/testUtils.ts:10:56)
    at Object.&lt;anonymous&gt; (/Users/dogukantansuk/Projects/Tansuk/@tansuk/rott-ui/src/features/Input/__tests__/Input.test.tsx:65:43)
    at Promise.then.completed (/Users/dogukantansuk/Projects/Tansuk/@tansuk/rott-ui/node_modules/jest-circus/build/utils.js:298:28)
    at new Promise (&lt;anonymous&gt;)
    at callAsyncCircusFn (/Users/dogukantansuk/Projects/Tansuk/@tansuk/rott-ui/node_modules/jest-circus/build/utils.js:231:10)
    at _callCircusTest (/Users/dogukantansuk/Projects/Tansuk/@tansuk/rott-ui/node_modules/jest-circus/build/run.js:316:40)
    at _runTest (/Users/dogukantansuk/Projects/Tansuk/@tansuk/rott-ui/node_modules/jest-circus/build/run.js:252:3)
    at _runTestsForDescribeBlock (/Users/dogukantansuk/Projects/Tansuk/@tansuk/rott-ui/node_modules/jest-circus/build/run.js:126:9)
    at _runTestsForDescribeBlock (/Users/dogukantansuk/Projects/Tansuk/@tansuk/rott-ui/node_modules/jest-circus/build/run.js:121:9)
    at run (/Users/dogukantansuk/Projects/Tansuk/@tansuk/rott-ui/node_modules/jest-circus/build/run.js:71:3)
    at runAndTransformResultsToJestFormat (/Users/dogukantansuk/Projects/Tansuk/@tansuk/rott-ui/node_modules/jest-circus/build/legacy-code-todo-rewrite/jestAdapterInit.js:122:21)
    at jestAdapter (/Users/dogukantansuk/Projects/Tansuk/@tansuk/rott-ui/node_modules/jest-circus/build/legacy-code-todo-rewrite/jestAdapter.js:79:19)
    at runTestInternal (/Users/dogukantansuk/Projects/Tansuk/@tansuk/rott-ui/node_modules/jest-runner/build/runTest.js:367:16)
    at runTest (/Users/dogukantansuk/Projects/Tansuk/@tansuk/rott-ui/node_modules/jest-runner/build/runTest.js:444:34)
    at Object.worker (/Users/dogukantansuk/Projects/Tansuk/@tansuk/rott-ui/node_modules/jest-runner/build/testWorker.js:106:12)</failure>
    </testcase>
    <testcase classname="Input -&gt; Custom Input label description belirtilmis ise ekranda olmali" name="Input -&gt; Custom Input label description belirtilmis ise ekranda olmali" time="0.002">
      <failure>Error: Element type is invalid: expected a string (for built-in components) or a class/function (for composite components) but got: undefined. You likely forgot to export your component from the file it&apos;s defined in, or you might have mixed up default and named imports.
    at Error (/Users/dogukantansuk/Projects/Tansuk/@tansuk/rott-ui/node_modules/react-test-renderer/cjs/react-test-renderer.development.js:11889:28)
    at createFiberFromTypeAndProps (/Users/dogukantansuk/Projects/Tansuk/@tansuk/rott-ui/node_modules/react-test-renderer/cjs/react-test-renderer.development.js:11903:14)
    at createFiberFromElement (/Users/dogukantansuk/Projects/Tansuk/@tansuk/rott-ui/node_modules/react-test-renderer/cjs/react-test-renderer.development.js:3203:31)
    at reconcileChildFibersImpl (/Users/dogukantansuk/Projects/Tansuk/@tansuk/rott-ui/node_modules/react-test-renderer/cjs/react-test-renderer.development.js:3380:33)
    at mountChildFibers (/Users/dogukantansuk/Projects/Tansuk/@tansuk/rott-ui/node_modules/react-test-renderer/cjs/react-test-renderer.development.js:5361:13)
    at reconcileChildren (/Users/dogukantansuk/Projects/Tansuk/@tansuk/rott-ui/node_modules/react-test-renderer/cjs/react-test-renderer.development.js:5649:7)
    at updateFunctionComponent (/Users/dogukantansuk/Projects/Tansuk/@tansuk/rott-ui/node_modules/react-test-renderer/cjs/react-test-renderer.development.js:5488:14)
    at updateSimpleMemoComponent (/Users/dogukantansuk/Projects/Tansuk/@tansuk/rott-ui/node_modules/react-test-renderer/cjs/react-test-renderer.development.js:5421:13)
    at updateMemoComponent (/Users/dogukantansuk/Projects/Tansuk/@tansuk/rott-ui/node_modules/react-test-renderer/cjs/react-test-renderer.development.js:7285:18)
    at callback (/Users/dogukantansuk/Projects/Tansuk/@tansuk/rott-ui/node_modules/react-test-renderer/cjs/react-test-renderer.development.js:540:16)
    at runWithFiberInDEV (/Users/dogukantansuk/Projects/Tansuk/@tansuk/rott-ui/node_modules/react-test-renderer/cjs/react-test-renderer.development.js:10925:22)
    at performUnitOfWork (/Users/dogukantansuk/Projects/Tansuk/@tansuk/rott-ui/node_modules/react-test-renderer/cjs/react-test-renderer.development.js:10763:41)
    at workLoopSync (/Users/dogukantansuk/Projects/Tansuk/@tansuk/rott-ui/node_modules/react-test-renderer/cjs/react-test-renderer.development.js:10744:11)
    at renderRootSync (/Users/dogukantansuk/Projects/Tansuk/@tansuk/rott-ui/node_modules/react-test-renderer/cjs/react-test-renderer.development.js:10299:39)
    at performWorkOnRoot (/Users/dogukantansuk/Projects/Tansuk/@tansuk/rott-ui/node_modules/react-test-renderer/cjs/react-test-renderer.development.js:1879:7)
    at flushActQueue (/Users/dogukantansuk/Projects/Tansuk/@tansuk/rott-ui/node_modules/react/cjs/react.development.js:862:34)
    at Object.&lt;anonymous&gt;.process.env.NODE_ENV.exports.act (/Users/dogukantansuk/Projects/Tansuk/@tansuk/rott-ui/node_modules/react/cjs/react.development.js:1151:10)
    at actImplementation (/Users/dogukantansuk/Projects/Tansuk/@tansuk/rott-ui/node_modules/@testing-library/react-native/src/act.ts:31:25)
    at renderWithAct (/Users/dogukantansuk/Projects/Tansuk/@tansuk/rott-ui/node_modules/@testing-library/react-native/src/render-act.ts:13:11)
    at renderInternal (/Users/dogukantansuk/Projects/Tansuk/@tansuk/rott-ui/node_modules/@testing-library/react-native/src/render.tsx:69:33)
    at renderInternal (/Users/dogukantansuk/Projects/Tansuk/@tansuk/rott-ui/node_modules/@testing-library/react-native/src/render.tsx:44:10)
    at customRender (/Users/dogukantansuk/Projects/Tansuk/@tansuk/rott-ui/src/utils/testUtils.ts:10:56)
    at Object.&lt;anonymous&gt; (/Users/dogukantansuk/Projects/Tansuk/@tansuk/rott-ui/src/features/Input/__tests__/Input.test.tsx:78:33)
    at Promise.then.completed (/Users/dogukantansuk/Projects/Tansuk/@tansuk/rott-ui/node_modules/jest-circus/build/utils.js:298:28)
    at new Promise (&lt;anonymous&gt;)
    at callAsyncCircusFn (/Users/dogukantansuk/Projects/Tansuk/@tansuk/rott-ui/node_modules/jest-circus/build/utils.js:231:10)
    at _callCircusTest (/Users/dogukantansuk/Projects/Tansuk/@tansuk/rott-ui/node_modules/jest-circus/build/run.js:316:40)
    at _runTest (/Users/dogukantansuk/Projects/Tansuk/@tansuk/rott-ui/node_modules/jest-circus/build/run.js:252:3)
    at _runTestsForDescribeBlock (/Users/dogukantansuk/Projects/Tansuk/@tansuk/rott-ui/node_modules/jest-circus/build/run.js:126:9)
    at _runTestsForDescribeBlock (/Users/dogukantansuk/Projects/Tansuk/@tansuk/rott-ui/node_modules/jest-circus/build/run.js:121:9)
    at run (/Users/dogukantansuk/Projects/Tansuk/@tansuk/rott-ui/node_modules/jest-circus/build/run.js:71:3)
    at runAndTransformResultsToJestFormat (/Users/dogukantansuk/Projects/Tansuk/@tansuk/rott-ui/node_modules/jest-circus/build/legacy-code-todo-rewrite/jestAdapterInit.js:122:21)
    at jestAdapter (/Users/dogukantansuk/Projects/Tansuk/@tansuk/rott-ui/node_modules/jest-circus/build/legacy-code-todo-rewrite/jestAdapter.js:79:19)
    at runTestInternal (/Users/dogukantansuk/Projects/Tansuk/@tansuk/rott-ui/node_modules/jest-runner/build/runTest.js:367:16)
    at runTest (/Users/dogukantansuk/Projects/Tansuk/@tansuk/rott-ui/node_modules/jest-runner/build/runTest.js:444:34)
    at Object.worker (/Users/dogukantansuk/Projects/Tansuk/@tansuk/rott-ui/node_modules/jest-runner/build/testWorker.js:106:12)</failure>
    </testcase>
    <testcase classname="Input -&gt; Custom Input label icon belirtilmis ise ekranda renderlanmali" name="Input -&gt; Custom Input label icon belirtilmis ise ekranda renderlanmali" time="0.002">
      <failure>Error: Element type is invalid: expected a string (for built-in components) or a class/function (for composite components) but got: undefined. You likely forgot to export your component from the file it&apos;s defined in, or you might have mixed up default and named imports.
    at Error (/Users/dogukantansuk/Projects/Tansuk/@tansuk/rott-ui/node_modules/react-test-renderer/cjs/react-test-renderer.development.js:11889:28)
    at createFiberFromTypeAndProps (/Users/dogukantansuk/Projects/Tansuk/@tansuk/rott-ui/node_modules/react-test-renderer/cjs/react-test-renderer.development.js:11903:14)
    at createFiberFromElement (/Users/dogukantansuk/Projects/Tansuk/@tansuk/rott-ui/node_modules/react-test-renderer/cjs/react-test-renderer.development.js:3203:31)
    at reconcileChildFibersImpl (/Users/dogukantansuk/Projects/Tansuk/@tansuk/rott-ui/node_modules/react-test-renderer/cjs/react-test-renderer.development.js:3380:33)
    at mountChildFibers (/Users/dogukantansuk/Projects/Tansuk/@tansuk/rott-ui/node_modules/react-test-renderer/cjs/react-test-renderer.development.js:5361:13)
    at reconcileChildren (/Users/dogukantansuk/Projects/Tansuk/@tansuk/rott-ui/node_modules/react-test-renderer/cjs/react-test-renderer.development.js:5649:7)
    at updateFunctionComponent (/Users/dogukantansuk/Projects/Tansuk/@tansuk/rott-ui/node_modules/react-test-renderer/cjs/react-test-renderer.development.js:5488:14)
    at updateSimpleMemoComponent (/Users/dogukantansuk/Projects/Tansuk/@tansuk/rott-ui/node_modules/react-test-renderer/cjs/react-test-renderer.development.js:5421:13)
    at updateMemoComponent (/Users/dogukantansuk/Projects/Tansuk/@tansuk/rott-ui/node_modules/react-test-renderer/cjs/react-test-renderer.development.js:7285:18)
    at callback (/Users/dogukantansuk/Projects/Tansuk/@tansuk/rott-ui/node_modules/react-test-renderer/cjs/react-test-renderer.development.js:540:16)
    at runWithFiberInDEV (/Users/dogukantansuk/Projects/Tansuk/@tansuk/rott-ui/node_modules/react-test-renderer/cjs/react-test-renderer.development.js:10925:22)
    at performUnitOfWork (/Users/dogukantansuk/Projects/Tansuk/@tansuk/rott-ui/node_modules/react-test-renderer/cjs/react-test-renderer.development.js:10763:41)
    at workLoopSync (/Users/dogukantansuk/Projects/Tansuk/@tansuk/rott-ui/node_modules/react-test-renderer/cjs/react-test-renderer.development.js:10744:11)
    at renderRootSync (/Users/dogukantansuk/Projects/Tansuk/@tansuk/rott-ui/node_modules/react-test-renderer/cjs/react-test-renderer.development.js:10299:39)
    at performWorkOnRoot (/Users/dogukantansuk/Projects/Tansuk/@tansuk/rott-ui/node_modules/react-test-renderer/cjs/react-test-renderer.development.js:1879:7)
    at flushActQueue (/Users/dogukantansuk/Projects/Tansuk/@tansuk/rott-ui/node_modules/react/cjs/react.development.js:862:34)
    at Object.&lt;anonymous&gt;.process.env.NODE_ENV.exports.act (/Users/dogukantansuk/Projects/Tansuk/@tansuk/rott-ui/node_modules/react/cjs/react.development.js:1151:10)
    at actImplementation (/Users/dogukantansuk/Projects/Tansuk/@tansuk/rott-ui/node_modules/@testing-library/react-native/src/act.ts:31:25)
    at renderWithAct (/Users/dogukantansuk/Projects/Tansuk/@tansuk/rott-ui/node_modules/@testing-library/react-native/src/render-act.ts:13:11)
    at renderInternal (/Users/dogukantansuk/Projects/Tansuk/@tansuk/rott-ui/node_modules/@testing-library/react-native/src/render.tsx:69:33)
    at renderInternal (/Users/dogukantansuk/Projects/Tansuk/@tansuk/rott-ui/node_modules/@testing-library/react-native/src/render.tsx:44:10)
    at customRender (/Users/dogukantansuk/Projects/Tansuk/@tansuk/rott-ui/src/utils/testUtils.ts:10:56)
    at Object.&lt;anonymous&gt; (/Users/dogukantansuk/Projects/Tansuk/@tansuk/rott-ui/src/features/Input/__tests__/Input.test.tsx:96:33)
    at Promise.then.completed (/Users/dogukantansuk/Projects/Tansuk/@tansuk/rott-ui/node_modules/jest-circus/build/utils.js:298:28)
    at new Promise (&lt;anonymous&gt;)
    at callAsyncCircusFn (/Users/dogukantansuk/Projects/Tansuk/@tansuk/rott-ui/node_modules/jest-circus/build/utils.js:231:10)
    at _callCircusTest (/Users/dogukantansuk/Projects/Tansuk/@tansuk/rott-ui/node_modules/jest-circus/build/run.js:316:40)
    at _runTest (/Users/dogukantansuk/Projects/Tansuk/@tansuk/rott-ui/node_modules/jest-circus/build/run.js:252:3)
    at _runTestsForDescribeBlock (/Users/dogukantansuk/Projects/Tansuk/@tansuk/rott-ui/node_modules/jest-circus/build/run.js:126:9)
    at _runTestsForDescribeBlock (/Users/dogukantansuk/Projects/Tansuk/@tansuk/rott-ui/node_modules/jest-circus/build/run.js:121:9)
    at run (/Users/dogukantansuk/Projects/Tansuk/@tansuk/rott-ui/node_modules/jest-circus/build/run.js:71:3)
    at runAndTransformResultsToJestFormat (/Users/dogukantansuk/Projects/Tansuk/@tansuk/rott-ui/node_modules/jest-circus/build/legacy-code-todo-rewrite/jestAdapterInit.js:122:21)
    at jestAdapter (/Users/dogukantansuk/Projects/Tansuk/@tansuk/rott-ui/node_modules/jest-circus/build/legacy-code-todo-rewrite/jestAdapter.js:79:19)
    at runTestInternal (/Users/dogukantansuk/Projects/Tansuk/@tansuk/rott-ui/node_modules/jest-runner/build/runTest.js:367:16)
    at runTest (/Users/dogukantansuk/Projects/Tansuk/@tansuk/rott-ui/node_modules/jest-runner/build/runTest.js:444:34)
    at Object.worker (/Users/dogukantansuk/Projects/Tansuk/@tansuk/rott-ui/node_modules/jest-runner/build/testWorker.js:106:12)</failure>
    </testcase>
    <testcase classname="Input -&gt; Custom Input label icon belirtilmis onPress methodu calismali" name="Input -&gt; Custom Input label icon belirtilmis onPress methodu calismali" time="0.005">
      <failure>Error: Element type is invalid: expected a string (for built-in components) or a class/function (for composite components) but got: undefined. You likely forgot to export your component from the file it&apos;s defined in, or you might have mixed up default and named imports.
    at Error (/Users/dogukantansuk/Projects/Tansuk/@tansuk/rott-ui/node_modules/react-test-renderer/cjs/react-test-renderer.development.js:11889:28)
    at createFiberFromTypeAndProps (/Users/dogukantansuk/Projects/Tansuk/@tansuk/rott-ui/node_modules/react-test-renderer/cjs/react-test-renderer.development.js:11903:14)
    at createFiberFromElement (/Users/dogukantansuk/Projects/Tansuk/@tansuk/rott-ui/node_modules/react-test-renderer/cjs/react-test-renderer.development.js:3203:31)
    at reconcileChildFibersImpl (/Users/dogukantansuk/Projects/Tansuk/@tansuk/rott-ui/node_modules/react-test-renderer/cjs/react-test-renderer.development.js:3380:33)
    at mountChildFibers (/Users/dogukantansuk/Projects/Tansuk/@tansuk/rott-ui/node_modules/react-test-renderer/cjs/react-test-renderer.development.js:5361:13)
    at reconcileChildren (/Users/dogukantansuk/Projects/Tansuk/@tansuk/rott-ui/node_modules/react-test-renderer/cjs/react-test-renderer.development.js:5649:7)
    at updateFunctionComponent (/Users/dogukantansuk/Projects/Tansuk/@tansuk/rott-ui/node_modules/react-test-renderer/cjs/react-test-renderer.development.js:5488:14)
    at updateSimpleMemoComponent (/Users/dogukantansuk/Projects/Tansuk/@tansuk/rott-ui/node_modules/react-test-renderer/cjs/react-test-renderer.development.js:5421:13)
    at updateMemoComponent (/Users/dogukantansuk/Projects/Tansuk/@tansuk/rott-ui/node_modules/react-test-renderer/cjs/react-test-renderer.development.js:7285:18)
    at callback (/Users/dogukantansuk/Projects/Tansuk/@tansuk/rott-ui/node_modules/react-test-renderer/cjs/react-test-renderer.development.js:540:16)
    at runWithFiberInDEV (/Users/dogukantansuk/Projects/Tansuk/@tansuk/rott-ui/node_modules/react-test-renderer/cjs/react-test-renderer.development.js:10925:22)
    at performUnitOfWork (/Users/dogukantansuk/Projects/Tansuk/@tansuk/rott-ui/node_modules/react-test-renderer/cjs/react-test-renderer.development.js:10763:41)
    at workLoopSync (/Users/dogukantansuk/Projects/Tansuk/@tansuk/rott-ui/node_modules/react-test-renderer/cjs/react-test-renderer.development.js:10744:11)
    at renderRootSync (/Users/dogukantansuk/Projects/Tansuk/@tansuk/rott-ui/node_modules/react-test-renderer/cjs/react-test-renderer.development.js:10299:39)
    at performWorkOnRoot (/Users/dogukantansuk/Projects/Tansuk/@tansuk/rott-ui/node_modules/react-test-renderer/cjs/react-test-renderer.development.js:1879:7)
    at flushActQueue (/Users/dogukantansuk/Projects/Tansuk/@tansuk/rott-ui/node_modules/react/cjs/react.development.js:862:34)
    at Object.&lt;anonymous&gt;.process.env.NODE_ENV.exports.act (/Users/dogukantansuk/Projects/Tansuk/@tansuk/rott-ui/node_modules/react/cjs/react.development.js:1151:10)
    at actImplementation (/Users/dogukantansuk/Projects/Tansuk/@tansuk/rott-ui/node_modules/@testing-library/react-native/src/act.ts:31:25)
    at renderWithAct (/Users/dogukantansuk/Projects/Tansuk/@tansuk/rott-ui/node_modules/@testing-library/react-native/src/render-act.ts:13:11)
    at renderInternal (/Users/dogukantansuk/Projects/Tansuk/@tansuk/rott-ui/node_modules/@testing-library/react-native/src/render.tsx:69:33)
    at renderInternal (/Users/dogukantansuk/Projects/Tansuk/@tansuk/rott-ui/node_modules/@testing-library/react-native/src/render.tsx:44:10)
    at customRender (/Users/dogukantansuk/Projects/Tansuk/@tansuk/rott-ui/src/utils/testUtils.ts:10:56)
    at Object.&lt;anonymous&gt; (/Users/dogukantansuk/Projects/Tansuk/@tansuk/rott-ui/src/features/Input/__tests__/Input.test.tsx:120:33)
    at Promise.then.completed (/Users/dogukantansuk/Projects/Tansuk/@tansuk/rott-ui/node_modules/jest-circus/build/utils.js:298:28)
    at new Promise (&lt;anonymous&gt;)
    at callAsyncCircusFn (/Users/dogukantansuk/Projects/Tansuk/@tansuk/rott-ui/node_modules/jest-circus/build/utils.js:231:10)
    at _callCircusTest (/Users/dogukantansuk/Projects/Tansuk/@tansuk/rott-ui/node_modules/jest-circus/build/run.js:316:40)
    at _runTest (/Users/dogukantansuk/Projects/Tansuk/@tansuk/rott-ui/node_modules/jest-circus/build/run.js:252:3)
    at _runTestsForDescribeBlock (/Users/dogukantansuk/Projects/Tansuk/@tansuk/rott-ui/node_modules/jest-circus/build/run.js:126:9)
    at _runTestsForDescribeBlock (/Users/dogukantansuk/Projects/Tansuk/@tansuk/rott-ui/node_modules/jest-circus/build/run.js:121:9)
    at run (/Users/dogukantansuk/Projects/Tansuk/@tansuk/rott-ui/node_modules/jest-circus/build/run.js:71:3)
    at runAndTransformResultsToJestFormat (/Users/dogukantansuk/Projects/Tansuk/@tansuk/rott-ui/node_modules/jest-circus/build/legacy-code-todo-rewrite/jestAdapterInit.js:122:21)
    at jestAdapter (/Users/dogukantansuk/Projects/Tansuk/@tansuk/rott-ui/node_modules/jest-circus/build/legacy-code-todo-rewrite/jestAdapter.js:79:19)
    at runTestInternal (/Users/dogukantansuk/Projects/Tansuk/@tansuk/rott-ui/node_modules/jest-runner/build/runTest.js:367:16)
    at runTest (/Users/dogukantansuk/Projects/Tansuk/@tansuk/rott-ui/node_modules/jest-runner/build/runTest.js:444:34)
    at Object.worker (/Users/dogukantansuk/Projects/Tansuk/@tansuk/rott-ui/node_modules/jest-runner/build/testWorker.js:106:12)</failure>
    </testcase>
  </testsuite>
  <testsuite name="Modal -&gt; Custom Component" errors="0" failures="1" skipped="0" timestamp="2025-07-11T11:44:11" time="20.649" tests="12">
    <testcase classname="Modal -&gt; Custom Component modal ilk renderlandiginda snapshot ile eşleşmeli" name="Modal -&gt; Custom Component modal ilk renderlandiginda snapshot ile eşleşmeli" time="0.274">
    </testcase>
    <testcase classname="Modal -&gt; Custom Component modal visible değilken ekranda gözükmemeli" name="Modal -&gt; Custom Component modal visible değilken ekranda gözükmemeli" time="0.016">
    </testcase>
    <testcase classname="Modal -&gt; Custom Component custom header verildiğinde ekranda custom header olmalı" name="Modal -&gt; Custom Component custom header verildiğinde ekranda custom header olmalı" time="0.013">
    </testcase>
    <testcase classname="Modal -&gt; Custom Component modal kapatma butonu headerda olmalı" name="Modal -&gt; Custom Component modal kapatma butonu headerda olmalı" time="0.007">
    </testcase>
    <testcase classname="Modal -&gt; Custom Component modal header child elementi ekranda olmalı" name="Modal -&gt; Custom Component modal header child elementi ekranda olmalı" time="0.033">
    </testcase>
    <testcase classname="Modal -&gt; Custom Component modal kapatma butonuna tıklandığında modal kapanmalı" name="Modal -&gt; Custom Component modal kapatma butonuna tıklandığında modal kapanmalı" time="0.295">
    </testcase>
    <testcase classname="Modal -&gt; Custom Component modal tam ekran değilken container dışına tıklanırsa modal kapanmalı" name="Modal -&gt; Custom Component modal tam ekran değilken container dışına tıklanırsa modal kapanmalı" time="0.276">
    </testcase>
    <testcase classname="Modal -&gt; Custom Component panResponder headerda olmalı" name="Modal -&gt; Custom Component panResponder headerda olmalı" time="0.027">
    </testcase>
    <testcase classname="Modal -&gt; Custom Component panResponder headerda olmamalı" name="Modal -&gt; Custom Component panResponder headerda olmamalı" time="0.014">
    </testcase>
    <testcase classname="Modal -&gt; Custom Component panResponder header dışında olmalı" name="Modal -&gt; Custom Component panResponder header dışında olmalı" time="0.265">
      <failure>Error: expect(received).not.toHaveProp()

received value must be a host element.
Received has type:  object
Received has value: {&quot;_fiber&quot;: {&quot;_debugHookTypes&quot;: null, &quot;_debugInfo&quot;: null, &quot;_debugNeedsRemount&quot;: false, &quot;_debugOwner&quot;: [FiberNode], &quot;actualDuration&quot;: -0, &quot;actualStartTime&quot;: 1752234272106, &quot;alternate&quot;: null, &quot;child&quot;: [FiberNode], &quot;childLanes&quot;: 0, &quot;deletions&quot;: null, &quot;dependencies&quot;: null, &quot;elementType&quot;: [Function Icon], &quot;flags&quot;: 1, &quot;index&quot;: 0, &quot;key&quot;: null, &quot;lanes&quot;: 0, &quot;memoizedProps&quot;: [Object], &quot;memoizedState&quot;: null, &quot;mode&quot;: 1, &quot;pendingProps&quot;: [Object], &quot;ref&quot;: null, &quot;refCleanup&quot;: null, &quot;return&quot;: [FiberNode], &quot;selfBaseDuration&quot;: -0, &quot;sibling&quot;: null, &quot;stateNode&quot;: null, &quot;subtreeFlags&quot;: 1, &quot;tag&quot;: 0, &quot;treeBaseDuration&quot;: -0, &quot;type&quot;: [Function Icon], &quot;updateQueue&quot;: null}}
    at __EXTERNAL_MATCHER_TRAP__ (/Users/dogukantansuk/Projects/Tansuk/@tansuk/rott-ui/node_modules/expect/build/index.js:325:30)
    at Object.throwingMatcher [as toHaveProp] (/Users/dogukantansuk/Projects/Tansuk/@tansuk/rott-ui/node_modules/expect/build/index.js:326:15)
    at Object.&lt;anonymous&gt; (/Users/dogukantansuk/Projects/Tansuk/@tansuk/rott-ui/src/features/Modal/__tests__/Modal.test.tsx:182:53)
    at Promise.then.completed (/Users/dogukantansuk/Projects/Tansuk/@tansuk/rott-ui/node_modules/jest-circus/build/utils.js:298:28)
    at new Promise (&lt;anonymous&gt;)
    at callAsyncCircusFn (/Users/dogukantansuk/Projects/Tansuk/@tansuk/rott-ui/node_modules/jest-circus/build/utils.js:231:10)
    at _callCircusTest (/Users/dogukantansuk/Projects/Tansuk/@tansuk/rott-ui/node_modules/jest-circus/build/run.js:316:40)
    at _runTest (/Users/dogukantansuk/Projects/Tansuk/@tansuk/rott-ui/node_modules/jest-circus/build/run.js:252:3)
    at _runTestsForDescribeBlock (/Users/dogukantansuk/Projects/Tansuk/@tansuk/rott-ui/node_modules/jest-circus/build/run.js:126:9)
    at _runTestsForDescribeBlock (/Users/dogukantansuk/Projects/Tansuk/@tansuk/rott-ui/node_modules/jest-circus/build/run.js:121:9)
    at run (/Users/dogukantansuk/Projects/Tansuk/@tansuk/rott-ui/node_modules/jest-circus/build/run.js:71:3)
    at runAndTransformResultsToJestFormat (/Users/dogukantansuk/Projects/Tansuk/@tansuk/rott-ui/node_modules/jest-circus/build/legacy-code-todo-rewrite/jestAdapterInit.js:122:21)
    at jestAdapter (/Users/dogukantansuk/Projects/Tansuk/@tansuk/rott-ui/node_modules/jest-circus/build/legacy-code-todo-rewrite/jestAdapter.js:79:19)
    at runTestInternal (/Users/dogukantansuk/Projects/Tansuk/@tansuk/rott-ui/node_modules/jest-runner/build/runTest.js:367:16)
    at runTest (/Users/dogukantansuk/Projects/Tansuk/@tansuk/rott-ui/node_modules/jest-runner/build/runTest.js:444:34)
    at Object.worker (/Users/dogukantansuk/Projects/Tansuk/@tansuk/rott-ui/node_modules/jest-runner/build/testWorker.js:106:12)</failure>
    </testcase>
    <testcase classname="Modal -&gt; Custom Component modal fullscreen modunda panResponder ekranda olmamalı" name="Modal -&gt; Custom Component modal fullscreen modunda panResponder ekranda olmamalı" time="0.003">
    </testcase>
    <testcase classname="Modal -&gt; Custom Component modal verilen children elementi ekranda göstermeli" name="Modal -&gt; Custom Component modal verilen children elementi ekranda göstermeli" time="0.007">
    </testcase>
  </testsuite>
  <testsuite name="Date Input -&gt; Custom Input" errors="0" failures="1" skipped="0" timestamp="2025-07-11T11:44:11" time="20.706" tests="9">
    <testcase classname="Date Input -&gt; Custom Input ilk render anında snapshot ile eşleşmeli" name="Date Input -&gt; Custom Input ilk render anında snapshot ile eşleşmeli" time="0.213">
    </testcase>
    <testcase classname="Date Input -&gt; Custom Input date inputa tıklandığında input modal olarak açılmalı" name="Date Input -&gt; Custom Input date inputa tıklandığında input modal olarak açılmalı" time="0.036">
    </testcase>
    <testcase classname="Date Input -&gt; Custom Input date input allowClear propertysi almadıysa değer temizleme butonu ekranda gözükmemeli." name="Date Input -&gt; Custom Input date input allowClear propertysi almadıysa değer temizleme butonu ekranda gözükmemeli." time="0.021">
    </testcase>
    <testcase classname="Date Input -&gt; Custom Input date input allowClear propertysi aldıysa Temizle butonuna tıklandığında değer temizlenmeli." name="Date Input -&gt; Custom Input date input allowClear propertysi aldıysa Temizle butonuna tıklandığında değer temizlenmeli." time="0.513">
      <failure>Error: Objects are not valid as a React child (found: [object Date]). If you meant to render a collection of children, use an array instead.
    at Error (/Users/dogukantansuk/Projects/Tansuk/@tansuk/rott-ui/node_modules/react-test-renderer/cjs/react-test-renderer.development.js:2419:13)
    at throwOnInvalidObjectType (/Users/dogukantansuk/Projects/Tansuk/@tansuk/rott-ui/node_modules/react-test-renderer/cjs/react-test-renderer.development.js:3341:11)
    at reconcileChildFibersImpl (/Users/dogukantansuk/Projects/Tansuk/@tansuk/rott-ui/node_modules/react-test-renderer/cjs/react-test-renderer.development.js:3380:33)
    at mountChildFibers (/Users/dogukantansuk/Projects/Tansuk/@tansuk/rott-ui/node_modules/react-test-renderer/cjs/react-test-renderer.development.js:5361:13)
    at reconcileChildren (/Users/dogukantansuk/Projects/Tansuk/@tansuk/rott-ui/node_modules/react-test-renderer/cjs/react-test-renderer.development.js:7163:13)
    at callback (/Users/dogukantansuk/Projects/Tansuk/@tansuk/rott-ui/node_modules/react-test-renderer/cjs/react-test-renderer.development.js:540:16)
    at runWithFiberInDEV (/Users/dogukantansuk/Projects/Tansuk/@tansuk/rott-ui/node_modules/react-test-renderer/cjs/react-test-renderer.development.js:10925:22)
    at performUnitOfWork (/Users/dogukantansuk/Projects/Tansuk/@tansuk/rott-ui/node_modules/react-test-renderer/cjs/react-test-renderer.development.js:10763:41)
    at workLoopSync (/Users/dogukantansuk/Projects/Tansuk/@tansuk/rott-ui/node_modules/react-test-renderer/cjs/react-test-renderer.development.js:10744:11)
    at renderRootSync (/Users/dogukantansuk/Projects/Tansuk/@tansuk/rott-ui/node_modules/react-test-renderer/cjs/react-test-renderer.development.js:10299:39)
    at performWorkOnRoot (/Users/dogukantansuk/Projects/Tansuk/@tansuk/rott-ui/node_modules/react-test-renderer/cjs/react-test-renderer.development.js:1879:7)
    at flushActQueue (/Users/dogukantansuk/Projects/Tansuk/@tansuk/rott-ui/node_modules/react/cjs/react.development.js:862:34)
    at Object.&lt;anonymous&gt;.process.env.NODE_ENV.exports.act (/Users/dogukantansuk/Projects/Tansuk/@tansuk/rott-ui/node_modules/react/cjs/react.development.js:1151:10)
    at actImplementation (/Users/dogukantansuk/Projects/Tansuk/@tansuk/rott-ui/node_modules/@testing-library/react-native/src/act.ts:31:25)
    at renderWithAct (/Users/dogukantansuk/Projects/Tansuk/@tansuk/rott-ui/node_modules/@testing-library/react-native/src/render-act.ts:13:11)
    at renderInternal (/Users/dogukantansuk/Projects/Tansuk/@tansuk/rott-ui/node_modules/@testing-library/react-native/src/render.tsx:69:33)
    at renderInternal (/Users/dogukantansuk/Projects/Tansuk/@tansuk/rott-ui/node_modules/@testing-library/react-native/src/render.tsx:44:10)
    at customRender (/Users/dogukantansuk/Projects/Tansuk/@tansuk/rott-ui/src/utils/testUtils.ts:10:56)
    at Object.&lt;anonymous&gt; (/Users/dogukantansuk/Projects/Tansuk/@tansuk/rott-ui/src/features/Input/__tests__/DateInput.test.tsx:44:48)
    at Promise.then.completed (/Users/dogukantansuk/Projects/Tansuk/@tansuk/rott-ui/node_modules/jest-circus/build/utils.js:298:28)
    at new Promise (&lt;anonymous&gt;)
    at callAsyncCircusFn (/Users/dogukantansuk/Projects/Tansuk/@tansuk/rott-ui/node_modules/jest-circus/build/utils.js:231:10)
    at _callCircusTest (/Users/dogukantansuk/Projects/Tansuk/@tansuk/rott-ui/node_modules/jest-circus/build/run.js:316:40)
    at _runTest (/Users/dogukantansuk/Projects/Tansuk/@tansuk/rott-ui/node_modules/jest-circus/build/run.js:252:3)
    at _runTestsForDescribeBlock (/Users/dogukantansuk/Projects/Tansuk/@tansuk/rott-ui/node_modules/jest-circus/build/run.js:126:9)
    at _runTestsForDescribeBlock (/Users/dogukantansuk/Projects/Tansuk/@tansuk/rott-ui/node_modules/jest-circus/build/run.js:121:9)
    at run (/Users/dogukantansuk/Projects/Tansuk/@tansuk/rott-ui/node_modules/jest-circus/build/run.js:71:3)
    at runAndTransformResultsToJestFormat (/Users/dogukantansuk/Projects/Tansuk/@tansuk/rott-ui/node_modules/jest-circus/build/legacy-code-todo-rewrite/jestAdapterInit.js:122:21)
    at jestAdapter (/Users/dogukantansuk/Projects/Tansuk/@tansuk/rott-ui/node_modules/jest-circus/build/legacy-code-todo-rewrite/jestAdapter.js:79:19)
    at runTestInternal (/Users/dogukantansuk/Projects/Tansuk/@tansuk/rott-ui/node_modules/jest-runner/build/runTest.js:367:16)
    at runTest (/Users/dogukantansuk/Projects/Tansuk/@tansuk/rott-ui/node_modules/jest-runner/build/runTest.js:444:34)
    at Object.worker (/Users/dogukantansuk/Projects/Tansuk/@tansuk/rott-ui/node_modules/jest-runner/build/testWorker.js:106:12)</failure>
    </testcase>
    <testcase classname="Date Input -&gt; Custom Input date input mode date olarak renderlanmalı" name="Date Input -&gt; Custom Input date input mode date olarak renderlanmalı" time="0.015">
    </testcase>
    <testcase classname="Date Input -&gt; Custom Input date input mode time olarak renderlanmalı" name="Date Input -&gt; Custom Input date input mode time olarak renderlanmalı" time="0.035">
    </testcase>
    <testcase classname="Date Input -&gt; Custom Input date input mode datetime olarak renderlanmalı" name="Date Input -&gt; Custom Input date input mode datetime olarak renderlanmalı" time="0.024">
    </testcase>
    <testcase classname="Date Input -&gt; Custom Input minimum date verildikten sonra daha geçmiş bir gün seçilirse tanımlanan minimum date değer olarak atanmalı." name="Date Input -&gt; Custom Input minimum date verildikten sonra daha geçmiş bir gün seçilirse tanımlanan minimum date değer olarak atanmalı." time="0.034">
    </testcase>
    <testcase classname="Date Input -&gt; Custom Input maximum date verildikten sonra daha ileri bir gün seçilirse tanımlanan maximum date değer olarak atanmalı." name="Date Input -&gt; Custom Input maximum date verildikten sonra daha ileri bir gün seçilirse tanımlanan maximum date değer olarak atanmalı." time="0.011">
    </testcase>
  </testsuite>
  <testsuite name="Select Input -&gt; Custom Input" errors="0" failures="2" skipped="0" timestamp="2025-07-11T11:44:11" time="21.548" tests="16">
    <testcase classname="Select Input -&gt; Custom Input ilk render anında snapshot ile eşleşmeli" name="Select Input -&gt; Custom Input ilk render anında snapshot ile eşleşmeli" time="0.125">
    </testcase>
    <testcase classname="Select Input -&gt; Custom Input select inputa tıklandığında input modal olarak açılmalı" name="Select Input -&gt; Custom Input select inputa tıklandığında input modal olarak açılmalı" time="0.104">
    </testcase>
    <testcase classname="Select Input -&gt; Custom Input select input secildigi zaman listenin ekranda gorunur olmali" name="Select Input -&gt; Custom Input select input secildigi zaman listenin ekranda gorunur olmali" time="0.078">
      <failure>Error: expect(element).toHaveTextContent()

Expected element to have text content:
  Apple
Received:
  AppleSamsungHuaweiOppoRealmeLGVestelMotorolaPanasonicEricsonHTCASUSLenovo
    at /Users/dogukantansuk/Projects/Tansuk/@tansuk/rott-ui/src/features/Input/__tests__/SelectInput.test.tsx:82:27
    at Array.map (&lt;anonymous&gt;)
    at Object.&lt;anonymous&gt; (/Users/dogukantansuk/Projects/Tansuk/@tansuk/rott-ui/src/features/Input/__tests__/SelectInput.test.tsx:81:14)
    at Promise.then.completed (/Users/dogukantansuk/Projects/Tansuk/@tansuk/rott-ui/node_modules/jest-circus/build/utils.js:298:28)
    at new Promise (&lt;anonymous&gt;)
    at callAsyncCircusFn (/Users/dogukantansuk/Projects/Tansuk/@tansuk/rott-ui/node_modules/jest-circus/build/utils.js:231:10)
    at _callCircusTest (/Users/dogukantansuk/Projects/Tansuk/@tansuk/rott-ui/node_modules/jest-circus/build/run.js:316:40)
    at _runTest (/Users/dogukantansuk/Projects/Tansuk/@tansuk/rott-ui/node_modules/jest-circus/build/run.js:252:3)
    at _runTestsForDescribeBlock (/Users/dogukantansuk/Projects/Tansuk/@tansuk/rott-ui/node_modules/jest-circus/build/run.js:126:9)
    at _runTestsForDescribeBlock (/Users/dogukantansuk/Projects/Tansuk/@tansuk/rott-ui/node_modules/jest-circus/build/run.js:121:9)
    at run (/Users/dogukantansuk/Projects/Tansuk/@tansuk/rott-ui/node_modules/jest-circus/build/run.js:71:3)
    at runAndTransformResultsToJestFormat (/Users/dogukantansuk/Projects/Tansuk/@tansuk/rott-ui/node_modules/jest-circus/build/legacy-code-todo-rewrite/jestAdapterInit.js:122:21)
    at jestAdapter (/Users/dogukantansuk/Projects/Tansuk/@tansuk/rott-ui/node_modules/jest-circus/build/legacy-code-todo-rewrite/jestAdapter.js:79:19)
    at runTestInternal (/Users/dogukantansuk/Projects/Tansuk/@tansuk/rott-ui/node_modules/jest-runner/build/runTest.js:367:16)
    at runTest (/Users/dogukantansuk/Projects/Tansuk/@tansuk/rott-ui/node_modules/jest-runner/build/runTest.js:444:34)
    at Object.worker (/Users/dogukantansuk/Projects/Tansuk/@tansuk/rott-ui/node_modules/jest-runner/build/testWorker.js:106:12)</failure>
    </testcase>
    <testcase classname="Select Input -&gt; Custom Input default value verildiginde varsayilan deger duzgun sekilde almali" name="Select Input -&gt; Custom Input default value verildiginde varsayilan deger duzgun sekilde almali" time="0.062">
    </testcase>
    <testcase classname="Select Input -&gt; Custom Input secim yapildiginda deger dogru sekilde atanmali" name="Select Input -&gt; Custom Input secim yapildiginda deger dogru sekilde atanmali" time="0.043">
    </testcase>
    <testcase classname="Select Input -&gt; Custom Input searchable ozelligi aktif ise search inputu ekranda olmali" name="Select Input -&gt; Custom Input searchable ozelligi aktif ise search inputu ekranda olmali" time="0.046">
    </testcase>
    <testcase classname="Select Input -&gt; Custom Input arama islemi aktif degil ise arama inputu ekranda olmamali" name="Select Input -&gt; Custom Input arama islemi aktif degil ise arama inputu ekranda olmamali" time="0.025">
    </testcase>
    <testcase classname="Select Input -&gt; Custom Input arama islemi aktif ise arama inputu ekranda olmali" name="Select Input -&gt; Custom Input arama islemi aktif ise arama inputu ekranda olmali" time="0.071">
    </testcase>
    <testcase classname="Select Input -&gt; Custom Input arama islemi duzgun filtrelemeli" name="Select Input -&gt; Custom Input arama islemi duzgun filtrelemeli" time="0.043">
    </testcase>
    <testcase classname="Select Input -&gt; Custom Input arama islemi sonrasi secim yapildiysa secim duzgun islemeli" name="Select Input -&gt; Custom Input arama islemi sonrasi secim yapildiysa secim duzgun islemeli" time="0.054">
    </testcase>
    <testcase classname="Select Input -&gt; Custom Input arama icin herhangi bir text yazildi ise Clear Iconu ekranda olmali" name="Select Input -&gt; Custom Input arama icin herhangi bir text yazildi ise Clear Iconu ekranda olmali" time="0.047">
    </testcase>
    <testcase classname="Select Input -&gt; Custom Input clear iconuna tiklandiginda searchText icerigi temizlenmeli" name="Select Input -&gt; Custom Input clear iconuna tiklandiginda searchText icerigi temizlenmeli" time="0.113">
    </testcase>
    <testcase classname="Select Input -&gt; Custom Input clear iconu ile icerik temizlendiginde liste orjinal haline donmeli" name="Select Input -&gt; Custom Input clear iconu ile icerik temizlendiginde liste orjinal haline donmeli" time="0.081">
      <failure>Error: expect(element).toHaveTextContent()

Expected element to have text content:
  Apple
Received:
  AppleSamsungHuaweiOppoRealmeLGVestelMotorolaPanasonicEricsonHTCASUSLenovo
    at /Users/dogukantansuk/Projects/Tansuk/@tansuk/rott-ui/src/features/Input/__tests__/SelectInput.test.tsx:390:27
    at Array.map (&lt;anonymous&gt;)
    at Object.&lt;anonymous&gt; (/Users/dogukantansuk/Projects/Tansuk/@tansuk/rott-ui/src/features/Input/__tests__/SelectInput.test.tsx:389:27)
    at Promise.then.completed (/Users/dogukantansuk/Projects/Tansuk/@tansuk/rott-ui/node_modules/jest-circus/build/utils.js:298:28)
    at new Promise (&lt;anonymous&gt;)
    at callAsyncCircusFn (/Users/dogukantansuk/Projects/Tansuk/@tansuk/rott-ui/node_modules/jest-circus/build/utils.js:231:10)
    at _callCircusTest (/Users/dogukantansuk/Projects/Tansuk/@tansuk/rott-ui/node_modules/jest-circus/build/run.js:316:40)
    at _runTest (/Users/dogukantansuk/Projects/Tansuk/@tansuk/rott-ui/node_modules/jest-circus/build/run.js:252:3)
    at _runTestsForDescribeBlock (/Users/dogukantansuk/Projects/Tansuk/@tansuk/rott-ui/node_modules/jest-circus/build/run.js:126:9)
    at _runTestsForDescribeBlock (/Users/dogukantansuk/Projects/Tansuk/@tansuk/rott-ui/node_modules/jest-circus/build/run.js:121:9)
    at run (/Users/dogukantansuk/Projects/Tansuk/@tansuk/rott-ui/node_modules/jest-circus/build/run.js:71:3)
    at runAndTransformResultsToJestFormat (/Users/dogukantansuk/Projects/Tansuk/@tansuk/rott-ui/node_modules/jest-circus/build/legacy-code-todo-rewrite/jestAdapterInit.js:122:21)
    at jestAdapter (/Users/dogukantansuk/Projects/Tansuk/@tansuk/rott-ui/node_modules/jest-circus/build/legacy-code-todo-rewrite/jestAdapter.js:79:19)
    at runTestInternal (/Users/dogukantansuk/Projects/Tansuk/@tansuk/rott-ui/node_modules/jest-runner/build/runTest.js:367:16)
    at runTest (/Users/dogukantansuk/Projects/Tansuk/@tansuk/rott-ui/node_modules/jest-runner/build/runTest.js:444:34)
    at Object.worker (/Users/dogukantansuk/Projects/Tansuk/@tansuk/rott-ui/node_modules/jest-runner/build/testWorker.js:106:12)</failure>
    </testcase>
    <testcase classname="Select Input -&gt; Custom Input secim yapildiginda description parametresi var ise ekranda renderlanmali" name="Select Input -&gt; Custom Input secim yapildiginda description parametresi var ise ekranda renderlanmali" time="0.097">
    </testcase>
    <testcase classname="Select Input -&gt; Custom Input description propstan string deger aldiysa ekranda renderlanmali" name="Select Input -&gt; Custom Input description propstan string deger aldiysa ekranda renderlanmali" time="0.005">
    </testcase>
    <testcase classname="Select Input -&gt; Custom Input select input propstan ve list ten es zamanli description almis ise secim yokken props degeri secim var ise data degeri description olarak atanmali" name="Select Input -&gt; Custom Input select input propstan ve list ten es zamanli description almis ise secim yokken props degeri secim var ise data degeri description olarak atanmali" time="0.069">
    </testcase>
  </testsuite>
  <testsuite name="Timer -&gt; Custom Component" errors="0" failures="0" skipped="0" timestamp="2025-07-11T11:44:31" time="5.142" tests="2">
    <testcase classname="Timer -&gt; Custom Component timer ilk render anında snapshot ile eşleşmeli" name="Timer -&gt; Custom Component timer ilk render anında snapshot ile eşleşmeli" time="0.014">
    </testcase>
    <testcase classname="Timer -&gt; Custom Component verilen time doğru renderlanmalı" name="Timer -&gt; Custom Component verilen time doğru renderlanmalı" time="0.003">
    </testcase>
  </testsuite>
  <testsuite name="Pin Password Input -&gt; Custom Input" errors="0" failures="0" skipped="0" timestamp="2025-07-11T11:44:31" time="5.404" tests="5">
    <testcase classname="Pin Password Input -&gt; Custom Input pin password input ilk render anında snapshot ile eşleşmeli" name="Pin Password Input -&gt; Custom Input pin password input ilk render anında snapshot ile eşleşmeli" time="0.025">
    </testcase>
    <testcase classname="Pin Password Input -&gt; Custom Input pin password input sadece numeric karakterleri kabul etmeli" name="Pin Password Input -&gt; Custom Input pin password input sadece numeric karakterleri kabul etmeli" time="0.01">
    </testcase>
    <testcase classname="Pin Password Input -&gt; Custom Input pin password input harf ve özel karakter kabul etmemeli" name="Pin Password Input -&gt; Custom Input pin password input harf ve özel karakter kabul etmemeli" time="0.003">
    </testcase>
    <testcase classname="Pin Password Input -&gt; Custom Input pin password input ilk renderlandiginda text gorunur olmamali" name="Pin Password Input -&gt; Custom Input pin password input ilk renderlandiginda text gorunur olmamali" time="0.002">
    </testcase>
    <testcase classname="Pin Password Input -&gt; Custom Input pin password input render olduğu zaman klavye olarak number-pad ekranda görülmeli" name="Pin Password Input -&gt; Custom Input pin password input render olduğu zaman klavye olarak number-pad ekranda görülmeli" time="0.001">
    </testcase>
  </testsuite>
  <testsuite name="Content -&gt; Custom Component" errors="0" failures="0" skipped="0" timestamp="2025-07-11T11:44:32" time="4.782" tests="3">
    <testcase classname="Content -&gt; Custom Component ilk render anında snapshot ile eşleşmeli" name="Content -&gt; Custom Component ilk render anında snapshot ile eşleşmeli" time="0.075">
    </testcase>
    <testcase classname="Content -&gt; Custom Component keyboard avoiding view varsayilan ekranda olmamali" name="Content -&gt; Custom Component keyboard avoiding view varsayilan ekranda olmamali" time="0.009">
    </testcase>
    <testcase classname="Content -&gt; Custom Component keyboardAvoidingView verildiginde renderlanmali" name="Content -&gt; Custom Component keyboardAvoidingView verildiginde renderlanmali" time="0.003">
    </testcase>
  </testsuite>
  <testsuite name="CVC Input -&gt; Custom Input" errors="0" failures="0" skipped="0" timestamp="2025-07-11T11:44:31" time="5.591" tests="6">
    <testcase classname="CVC Input -&gt; Custom Input ilk render anında snapshot ile eşleşmeli" name="CVC Input -&gt; Custom Input ilk render anında snapshot ile eşleşmeli" time="0.076">
    </testcase>
    <testcase classname="CVC Input -&gt; Custom Input ilk renderlandiginda info iconu gorunmeli" name="CVC Input -&gt; Custom Input ilk renderlandiginda info iconu gorunmeli" time="0.01">
    </testcase>
    <testcase classname="CVC Input -&gt; Custom Input ilk renderlandiginda ilk renderlandiginda içerik boş olmalı" name="CVC Input -&gt; Custom Input ilk renderlandiginda ilk renderlandiginda içerik boş olmalı" time="0.007">
    </testcase>
    <testcase classname="CVC Input -&gt; Custom Input max karakter 3 olmali" name="CVC Input -&gt; Custom Input max karakter 3 olmali" time="0.007">
    </testcase>
    <testcase classname="CVC Input -&gt; Custom Input numerik olmalı" name="CVC Input -&gt; Custom Input numerik olmalı" time="0.004">
    </testcase>
    <testcase classname="CVC Input -&gt; Custom Input cvc input render olduğu zaman klavye olarak number-pad ekranda görülmeli" name="CVC Input -&gt; Custom Input cvc input render olduğu zaman klavye olarak number-pad ekranda görülmeli" time="0.002">
    </testcase>
  </testsuite>
  <testsuite name="Alert component" errors="0" failures="0" skipped="0" timestamp="2025-07-11T11:44:32" time="5.433" tests="7">
    <testcase classname="Alert component renderlandığında snapshot ile eşleşmeli" name="Alert component renderlandığında snapshot ile eşleşmeli" time="0.158">
    </testcase>
    <testcase classname="Alert component renderlandığında ekranda olmalı" name="Alert component renderlandığında ekranda olmalı" time="0.004">
    </testcase>
    <testcase classname="Alert component left icon ve text alanı olmalı" name="Alert component left icon ve text alanı olmalı" time="0.002">
    </testcase>
    <testcase classname="Alert component left icon ekranda olmamalı" name="Alert component left icon ekranda olmamalı" time="0.003">
    </testcase>
    <testcase classname="Alert component right icon ve text alanı olmalı" name="Alert component right icon ve text alanı olmalı" time="0.012">
    </testcase>
    <testcase classname="Alert component right icon ekranda olmamalı" name="Alert component right icon ekranda olmamalı" time="0.005">
    </testcase>
    <testcase classname="Alert component left ve right icon alanları olmalı" name="Alert component left ve right icon alanları olmalı" time="0.004">
    </testcase>
  </testsuite>
  <testsuite name="Common -&gt; Common Item Container" errors="0" failures="0" skipped="0" timestamp="2025-07-11T11:44:32" time="5.047" tests="2">
    <testcase classname="Common -&gt; Common Item Container common item container ilk renderlandığında snapshot ile eşleşmeli" name="Common -&gt; Common Item Container common item container ilk renderlandığında snapshot ile eşleşmeli" time="0.084">
    </testcase>
    <testcase classname="Common -&gt; Common Item Container common item container ilk renderlandığında children ekranda renderlanmali" name="Common -&gt; Common Item Container common item container ilk renderlandığında children ekranda renderlanmali" time="0.007">
    </testcase>
  </testsuite>
  <testsuite name="ActionMenu -&gt; Custom Component" errors="0" failures="0" skipped="0" timestamp="2025-07-11T11:44:31" time="6.398" tests="4">
    <testcase classname="ActionMenu -&gt; Custom Component ilk render anında snapshot ile eşleşmeli" name="ActionMenu -&gt; Custom Component ilk render anında snapshot ile eşleşmeli" time="0.273">
    </testcase>
    <testcase classname="ActionMenu -&gt; Custom Component verilen data renderlanmali" name="ActionMenu -&gt; Custom Component verilen data renderlanmali" time="0.021">
    </testcase>
    <testcase classname="ActionMenu -&gt; Custom Component verilen data actionlari calismali" name="ActionMenu -&gt; Custom Component verilen data actionlari calismali" time="0.015">
    </testcase>
    <testcase classname="ActionMenuHeader -&gt; Custom Component title ve subtitle ekranda düzgün şekilde renderlanmalı" name="ActionMenuHeader -&gt; Custom Component title ve subtitle ekranda düzgün şekilde renderlanmalı" time="0.005">
    </testcase>
  </testsuite>
  <testsuite name="Default Input -&gt; Custom Input" errors="0" failures="0" skipped="0" timestamp="2025-07-11T11:44:31" time="6.278" tests="6">
    <testcase classname="Default Input -&gt; Custom Input ilk render anında snapshot ile eşleşmeli" name="Default Input -&gt; Custom Input ilk render anında snapshot ile eşleşmeli" time="0.065">
    </testcase>
    <testcase classname="Default Input -&gt; Custom Input verilen değeri olduğu gibi render etmeli" name="Default Input -&gt; Custom Input verilen değeri olduğu gibi render etmeli" time="0.008">
    </testcase>
    <testcase classname="Default Input -&gt; Custom Input belirlenen maksimum uzunluktan fazla girdi almamalı" name="Default Input -&gt; Custom Input belirlenen maksimum uzunluktan fazla girdi almamalı" time="0.042">
    </testcase>
    <testcase classname="Default Input -&gt; Custom Input kopyala/yapıştır yapıldığında maksimum uzunluğu geçmemeli" name="Default Input -&gt; Custom Input kopyala/yapıştır yapıldığında maksimum uzunluğu geçmemeli" time="0.007">
    </testcase>
    <testcase classname="Default Input -&gt; Custom Input sadece harf, nümerik karakter, boşluk, nokta, virgül, tire, eğik çizgi kabul etmeli" name="Default Input -&gt; Custom Input sadece harf, nümerik karakter, boşluk, nokta, virgül, tire, eğik çizgi kabul etmeli" time="0.033">
    </testcase>
    <testcase classname="Default Input -&gt; Custom Input readOnly durumunu desteklemeli" name="Default Input -&gt; Custom Input readOnly durumunu desteklemeli" time="0.005">
    </testcase>
  </testsuite>
  <testsuite name="Statement Input -&gt; Custom Input" errors="0" failures="0" skipped="0" timestamp="2025-07-11T11:44:33" time="4.372" tests="7">
    <testcase classname="Statement Input -&gt; Custom Input ilk render anında snapshot ile eşleşmeli" name="Statement Input -&gt; Custom Input ilk render anında snapshot ile eşleşmeli" time="0.057">
    </testcase>
    <testcase classname="Statement Input -&gt; Custom Input verilen değeri olduğu gibi render etmeli" name="Statement Input -&gt; Custom Input verilen değeri olduğu gibi render etmeli" time="0.015">
    </testcase>
    <testcase classname="Statement Input -&gt; Custom Input belirlenen maksimum uzunluktan fazla girdi almamalı" name="Statement Input -&gt; Custom Input belirlenen maksimum uzunluktan fazla girdi almamalı" time="0.027">
    </testcase>
    <testcase classname="Statement Input -&gt; Custom Input kopyala/yapıştır yapıldığında maksimum uzunluğu geçmemeli" name="Statement Input -&gt; Custom Input kopyala/yapıştır yapıldığında maksimum uzunluğu geçmemeli" time="0.008">
    </testcase>
    <testcase classname="Statement Input -&gt; Custom Input disabled durumunu desteklemeli" name="Statement Input -&gt; Custom Input disabled durumunu desteklemeli" time="0.002">
    </testcase>
    <testcase classname="Statement Input -&gt; Custom Input readOnly durumunu desteklemeli" name="Statement Input -&gt; Custom Input readOnly durumunu desteklemeli" time="0.003">
    </testcase>
    <testcase classname="Statement Input -&gt; Custom Input sadece harf, nümerik karakter, boşluk, nokta, virgül, tire, eğik çizgi kabul etmeli" name="Statement Input -&gt; Custom Input sadece harf, nümerik karakter, boşluk, nokta, virgül, tire, eğik çizgi kabul etmeli" time="0.028">
    </testcase>
  </testsuite>
  <testsuite name="ResultScreen Test" errors="0" failures="0" skipped="0" timestamp="2025-07-11T11:44:31" time="7.404" tests="6">
    <testcase classname="ResultScreen Test ilk render anında snapshot ile eşleşmeli" name="ResultScreen Test ilk render anında snapshot ile eşleşmeli" time="0.367">
    </testcase>
    <testcase classname="ResultScreen Test ResultScreen renderlandığında container ekranda olmalı" name="ResultScreen Test ResultScreen renderlandığında container ekranda olmalı" time="0.183">
    </testcase>
    <testcase classname="ResultScreen Test title verildiğinde ekranda gözükmeli" name="ResultScreen Test title verildiğinde ekranda gözükmeli" time="0.195">
    </testcase>
    <testcase classname="ResultScreen Test description verildiğinde ekranda gözükmeli" name="ResultScreen Test description verildiğinde ekranda gözükmeli" time="0.226">
    </testcase>
    <testcase classname="ResultScreen Test actions verildiğinde actions listesi ekranda gözükmeli" name="ResultScreen Test actions verildiğinde actions listesi ekranda gözükmeli" time="0.287">
    </testcase>
    <testcase classname="ResultScreen Test action verildiğinde action testID ile ekranda olmalı" name="ResultScreen Test action verildiğinde action testID ile ekranda olmalı" time="0.142">
    </testcase>
  </testsuite>
  <testsuite name="Separator -&gt; Custom Component" errors="0" failures="0" skipped="0" timestamp="2025-07-11T11:44:36" time="4.046" tests="15">
    <testcase classname="Separator -&gt; Custom Component separator component render olmalı ve snapshot eşleşmeli" name="Separator -&gt; Custom Component separator component render olmalı ve snapshot eşleşmeli" time="0.034">
    </testcase>
    <testcase classname="Separator -&gt; Custom Component separator component default style ile render olmalı" name="Separator -&gt; Custom Component separator component default style ile render olmalı" time="0.005">
    </testcase>
    <testcase classname="Separator -&gt; Custom Component separator component horizontal render olmalı" name="Separator -&gt; Custom Component separator component horizontal render olmalı" time="0.004">
    </testcase>
    <testcase classname="Separator -&gt; Custom Component separator component vertical render olmalı" name="Separator -&gt; Custom Component separator component vertical render olmalı" time="0.004">
    </testcase>
    <testcase classname="Separator -&gt; Custom Component seperator verilen opacity ile render olmali" name="Separator -&gt; Custom Component seperator verilen opacity ile render olmali" time="0.005">
    </testcase>
    <testcase classname="Separator -&gt; Custom Component Separator -&gt; Common UI Test Separator marginTop propertysi aldığında styleları arasında marginTop ve verilen değer olmalıdır" name="Separator -&gt; Custom Component Separator -&gt; Common UI Test Separator marginTop propertysi aldığında styleları arasında marginTop ve verilen değer olmalıdır" time="0.005">
    </testcase>
    <testcase classname="Separator -&gt; Custom Component Separator -&gt; Common UI Test Separator marginBottom propertysi aldığında styleları arasında marginBottom ve verilen değer olmalıdır" name="Separator -&gt; Custom Component Separator -&gt; Common UI Test Separator marginBottom propertysi aldığında styleları arasında marginBottom ve verilen değer olmalıdır" time="0.01">
    </testcase>
    <testcase classname="Separator -&gt; Custom Component Separator -&gt; Common UI Test Separator marginLeft propertysi aldığında styleları arasında marginLeft ve verilen değer olmalıdır" name="Separator -&gt; Custom Component Separator -&gt; Common UI Test Separator marginLeft propertysi aldığında styleları arasında marginLeft ve verilen değer olmalıdır" time="0.003">
    </testcase>
    <testcase classname="Separator -&gt; Custom Component Separator -&gt; Common UI Test Separator marginRight propertysi aldığında styleları arasında marginRight ve verilen değer olmalıdır" name="Separator -&gt; Custom Component Separator -&gt; Common UI Test Separator marginRight propertysi aldığında styleları arasında marginRight ve verilen değer olmalıdır" time="0.002">
    </testcase>
    <testcase classname="Separator -&gt; Custom Component Separator -&gt; Common UI Test Separator paddingTop propertysi aldığında styleları arasında paddingTop ve verilen değer olmalıdır" name="Separator -&gt; Custom Component Separator -&gt; Common UI Test Separator paddingTop propertysi aldığında styleları arasında paddingTop ve verilen değer olmalıdır" time="0.007">
    </testcase>
    <testcase classname="Separator -&gt; Custom Component Separator -&gt; Common UI Test Separator paddingBottom propertysi aldığında styleları arasında paddingBottom ve verilen değer olmalıdır" name="Separator -&gt; Custom Component Separator -&gt; Common UI Test Separator paddingBottom propertysi aldığında styleları arasında paddingBottom ve verilen değer olmalıdır" time="0.012">
    </testcase>
    <testcase classname="Separator -&gt; Custom Component Separator -&gt; Common UI Test Separator paddingLeft propertysi aldığında styleları arasında paddingLeft ve verilen değer olmalıdır" name="Separator -&gt; Custom Component Separator -&gt; Common UI Test Separator paddingLeft propertysi aldığında styleları arasında paddingLeft ve verilen değer olmalıdır" time="0.001">
    </testcase>
    <testcase classname="Separator -&gt; Custom Component Separator -&gt; Common UI Test Separator paddingRight propertysi aldığında styleları arasında paddingRight ve verilen değer olmalıdır" name="Separator -&gt; Custom Component Separator -&gt; Common UI Test Separator paddingRight propertysi aldığında styleları arasında paddingRight ve verilen değer olmalıdır" time="0.004">
    </testcase>
    <testcase classname="Separator -&gt; Custom Component Separator -&gt; Common UI Test Separator paddingVertical propertysi aldığında styleları arasında paddingVertical ve verilen değer olmalıdır" name="Separator -&gt; Custom Component Separator -&gt; Common UI Test Separator paddingVertical propertysi aldığında styleları arasında paddingVertical ve verilen değer olmalıdır" time="0.007">
    </testcase>
    <testcase classname="Separator -&gt; Custom Component Separator -&gt; Common UI Test Separator paddingHorizontal propertysi aldığında styleları arasında paddingHorizontal ve verilen değer olmalıdır" name="Separator -&gt; Custom Component Separator -&gt; Common UI Test Separator paddingHorizontal propertysi aldığında styleları arasında paddingHorizontal ve verilen değer olmalıdır" time="0.001">
    </testcase>
  </testsuite>
  <testsuite name="Skeleton -&gt; Custom Component" errors="0" failures="0" skipped="0" timestamp="2025-07-11T11:44:36" time="4.238" tests="6">
    <testcase classname="Skeleton -&gt; Custom Component skeleton snapshotı ile eşleşmeli" name="Skeleton -&gt; Custom Component skeleton snapshotı ile eşleşmeli" time="0.051">
    </testcase>
    <testcase classname="Skeleton -&gt; Custom Component item icerisinde cagirilan skeleton icin snapshot eslesmeli" name="Skeleton -&gt; Custom Component item icerisinde cagirilan skeleton icin snapshot eslesmeli" time="0.015">
    </testcase>
    <testcase classname="Skeleton -&gt; Custom Component skeleton skeletonShow true ise skeleton ekranda olmali" name="Skeleton -&gt; Custom Component skeleton skeletonShow true ise skeleton ekranda olmali" time="0.007">
    </testcase>
    <testcase classname="Skeleton -&gt; Custom Component skeleton skeletonShow true ise content ekranda olmamali" name="Skeleton -&gt; Custom Component skeleton skeletonShow true ise content ekranda olmamali" time="0.002">
    </testcase>
    <testcase classname="Skeleton -&gt; Custom Component skeleton skeletonShow false ise skeleton ekranda olmamali" name="Skeleton -&gt; Custom Component skeleton skeletonShow false ise skeleton ekranda olmamali" time="0.004">
    </testcase>
    <testcase classname="Skeleton -&gt; Custom Component skeleton skeletonShow false ise content ekranda olmali" name="Skeleton -&gt; Custom Component skeleton skeletonShow false ise content ekranda olmali" time="0.003">
    </testcase>
  </testsuite>
  <testsuite name="Component -&gt; BottomMenu" errors="0" failures="0" skipped="0" timestamp="2025-07-11T11:44:37" time="4.589" tests="4">
    <testcase classname="Component -&gt; BottomMenu bottom menu componenti snapshotı ile eşleşmeli" name="Component -&gt; BottomMenu bottom menu componenti snapshotı ile eşleşmeli" time="0.078">
    </testcase>
    <testcase classname="Component -&gt; BottomMenu ekranda görülmeli" name="Component -&gt; BottomMenu ekranda görülmeli" time="0.025">
    </testcase>
    <testcase classname="Component -&gt; BottomMenu bottom menu componenti ekranda gözükmeli" name="Component -&gt; BottomMenu bottom menu componenti ekranda gözükmeli" time="0.013">
    </testcase>
    <testcase classname="Component -&gt; BottomMenu verilen menu item sayısı kadar bottom menu item componenti ekranda gözükmeli" name="Component -&gt; BottomMenu verilen menu item sayısı kadar bottom menu item componenti ekranda gözükmeli" time="0.005">
    </testcase>
  </testsuite>
  <testsuite name="CreditCard Input -&gt; Custom Input" errors="0" failures="0" skipped="0" timestamp="2025-07-11T11:44:37" time="4.926" tests="5">
    <testcase classname="CreditCard Input -&gt; Custom Input ilk render anında snapshot ile eşleşmeli" name="CreditCard Input -&gt; Custom Input ilk render anında snapshot ile eşleşmeli" time="0.075">
    </testcase>
    <testcase classname="CreditCard Input -&gt; Custom Input girilen değer sadece numeric olarak kabul edilmeli" name="CreditCard Input -&gt; Custom Input girilen değer sadece numeric olarak kabul edilmeli" time="0.012">
    </testcase>
    <testcase classname="CreditCard Input -&gt; Custom Input credit card inputu girilen degeri maskesiz geri donmeli" name="CreditCard Input -&gt; Custom Input credit card inputu girilen degeri maskesiz geri donmeli" time="0.011">
    </testcase>
    <testcase classname="CreditCard Input -&gt; Custom Input girilen değer numaradan başka bir karakter içeriyorsa değer değişmemeli." name="CreditCard Input -&gt; Custom Input girilen değer numaradan başka bir karakter içeriyorsa değer değişmemeli." time="0.007">
    </testcase>
    <testcase classname="CreditCard Input -&gt; Custom Input credit card input render olduğu zaman klavye olarak number-pad ekranda görülmeli" name="CreditCard Input -&gt; Custom Input credit card input render olduğu zaman klavye olarak number-pad ekranda görülmeli" time="0.005">
    </testcase>
  </testsuite>
  <testsuite name="Image -&gt; Custom Component" errors="0" failures="0" skipped="0" timestamp="2025-07-11T11:44:37" time="4.662" tests="4">
    <testcase classname="Image -&gt; Custom Component image elementi snapshot ile eşleşmeli" name="Image -&gt; Custom Component image elementi snapshot ile eşleşmeli" time="0.053">
    </testcase>
    <testcase classname="Image -&gt; Custom Component image elementi renderlandığında gerçekten ekranda olmalı" name="Image -&gt; Custom Component image elementi renderlandığında gerçekten ekranda olmalı" time="0.044">
    </testcase>
    <testcase classname="Image -&gt; Custom Component image elementi verilen width ile renderlanmalı" name="Image -&gt; Custom Component image elementi verilen width ile renderlanmalı" time="0.005">
    </testcase>
    <testcase classname="Image -&gt; Custom Component image elementi verilen height ile renderlanmalı" name="Image -&gt; Custom Component image elementi verilen height ile renderlanmalı" time="0.005">
    </testcase>
  </testsuite>
  <testsuite name="Notification -&gt; Custom Component" errors="0" failures="0" skipped="0" timestamp="2025-07-11T11:44:37" time="4.782" tests="6">
    <testcase classname="Notification -&gt; Custom Component notification ilk render anında snapshot ile eşleşmeli" name="Notification -&gt; Custom Component notification ilk render anında snapshot ile eşleşmeli" time="0.076">
    </testcase>
    <testcase classname="Notification -&gt; Custom Component notification yokken ekranda blur gözükmemeli" name="Notification -&gt; Custom Component notification yokken ekranda blur gözükmemeli" time="0.018">
    </testcase>
    <testcase classname="Notification -&gt; Custom Component bildirime tıklandığında onPress fonksiyonları çağırılmalı" name="Notification -&gt; Custom Component bildirime tıklandığında onPress fonksiyonları çağırılmalı" time="0.007">
    </testcase>
    <testcase classname="Notification -&gt; Custom Component title verilen değerler ile ekranda gözükmeli" name="Notification -&gt; Custom Component title verilen değerler ile ekranda gözükmeli" time="0.005">
    </testcase>
    <testcase classname="Notification -&gt; Custom Component description verilen değerler ile ekranda gözükmeli" name="Notification -&gt; Custom Component description verilen değerler ile ekranda gözükmeli" time="0.002">
    </testcase>
    <testcase classname="Notification -&gt; Custom Component description verilmediği zaman ekranda gözükmemeli" name="Notification -&gt; Custom Component description verilmediği zaman ekranda gözükmemeli" time="0.004">
    </testcase>
  </testsuite>
  <testsuite name="Tab -&gt; Custom Component" errors="0" failures="0" skipped="0" timestamp="2025-07-11T11:44:37" time="5.427" tests="14">
    <testcase classname="Tab -&gt; Custom Component Tab snapshotı ile eşleşmeli" name="Tab -&gt; Custom Component Tab snapshotı ile eşleşmeli" time="0.102">
    </testcase>
    <testcase classname="Tab -&gt; Custom Component Tab onPress calismali" name="Tab -&gt; Custom Component Tab onPress calismali" time="0.015">
    </testcase>
    <testcase classname="Tab -&gt; Custom Component Tab accessibility state degerlerinden selected olup olmadigi kontrol edilebilmeli" name="Tab -&gt; Custom Component Tab accessibility state degerlerinden selected olup olmadigi kontrol edilebilmeli" time="0.007">
    </testcase>
    <testcase classname="Tab -&gt; Custom Component Tab selected degistigi zaman AccessibilityState degerlerinden selected degeri degismeli" name="Tab -&gt; Custom Component Tab selected degistigi zaman AccessibilityState degerlerinden selected degeri degismeli" time="0.005">
    </testcase>
    <testcase classname="Tab -&gt; Common UI Test Tab marginTop propertysi aldığında styleları arasında marginTop ve verilen değer olmalıdır" name="Tab -&gt; Common UI Test Tab marginTop propertysi aldığında styleları arasında marginTop ve verilen değer olmalıdır" time="0.006">
    </testcase>
    <testcase classname="Tab -&gt; Common UI Test Tab marginBottom propertysi aldığında styleları arasında marginBottom ve verilen değer olmalıdır" name="Tab -&gt; Common UI Test Tab marginBottom propertysi aldığında styleları arasında marginBottom ve verilen değer olmalıdır" time="0.013">
    </testcase>
    <testcase classname="Tab -&gt; Common UI Test Tab marginLeft propertysi aldığında styleları arasında marginLeft ve verilen değer olmalıdır" name="Tab -&gt; Common UI Test Tab marginLeft propertysi aldığında styleları arasında marginLeft ve verilen değer olmalıdır" time="0.045">
    </testcase>
    <testcase classname="Tab -&gt; Common UI Test Tab marginRight propertysi aldığında styleları arasında marginRight ve verilen değer olmalıdır" name="Tab -&gt; Common UI Test Tab marginRight propertysi aldığında styleları arasında marginRight ve verilen değer olmalıdır" time="0.098">
    </testcase>
    <testcase classname="Tab -&gt; Common UI Test Tab paddingTop propertysi aldığında styleları arasında paddingTop ve verilen değer olmalıdır" name="Tab -&gt; Common UI Test Tab paddingTop propertysi aldığında styleları arasında paddingTop ve verilen değer olmalıdır" time="0.082">
    </testcase>
    <testcase classname="Tab -&gt; Common UI Test Tab paddingBottom propertysi aldığında styleları arasında paddingBottom ve verilen değer olmalıdır" name="Tab -&gt; Common UI Test Tab paddingBottom propertysi aldığında styleları arasında paddingBottom ve verilen değer olmalıdır" time="0.084">
    </testcase>
    <testcase classname="Tab -&gt; Common UI Test Tab paddingLeft propertysi aldığında styleları arasında paddingLeft ve verilen değer olmalıdır" name="Tab -&gt; Common UI Test Tab paddingLeft propertysi aldığında styleları arasında paddingLeft ve verilen değer olmalıdır" time="0.088">
    </testcase>
    <testcase classname="Tab -&gt; Common UI Test Tab paddingRight propertysi aldığında styleları arasında paddingRight ve verilen değer olmalıdır" name="Tab -&gt; Common UI Test Tab paddingRight propertysi aldığında styleları arasında paddingRight ve verilen değer olmalıdır" time="0.1">
    </testcase>
    <testcase classname="Tab -&gt; Common UI Test Tab paddingVertical propertysi aldığında styleları arasında paddingVertical ve verilen değer olmalıdır" name="Tab -&gt; Common UI Test Tab paddingVertical propertysi aldığında styleları arasında paddingVertical ve verilen değer olmalıdır" time="0.11">
    </testcase>
    <testcase classname="Tab -&gt; Common UI Test Tab paddingHorizontal propertysi aldığında styleları arasında paddingHorizontal ve verilen değer olmalıdır" name="Tab -&gt; Common UI Test Tab paddingHorizontal propertysi aldığında styleları arasında paddingHorizontal ve verilen değer olmalıdır" time="0.085">
    </testcase>
  </testsuite>
  <testsuite name="Pressable -&gt; Custom Component" errors="0" failures="0" skipped="0" timestamp="2025-07-11T11:44:37" time="6.126" tests="15">
    <testcase classname="Pressable -&gt; Custom Component pressable component render olmalı ve snapshot eşleşmeli" name="Pressable -&gt; Custom Component pressable component render olmalı ve snapshot eşleşmeli" time="0.071">
    </testcase>
    <testcase classname="Pressable -&gt; Custom Component pressable componenti label ile render olmalı" name="Pressable -&gt; Custom Component pressable componenti label ile render olmalı" time="0.014">
    </testcase>
    <testcase classname="Pressable -&gt; Custom Component pressable tıklanabilir olmalı" name="Pressable -&gt; Custom Component pressable tıklanabilir olmalı" time="0.006">
    </testcase>
    <testcase classname="Pressable -&gt; Custom Component pressable disableken tıklanmamalı" name="Pressable -&gt; Custom Component pressable disableken tıklanmamalı" time="0.004">
    </testcase>
    <testcase classname="Pressable -&gt; Custom Component pressable componenti style ile render olmalı" name="Pressable -&gt; Custom Component pressable componenti style ile render olmalı" time="0.004">
    </testcase>
    <testcase classname="Pressable -&gt; Custom Component Pressable -&gt; Common UI Test Pressable marginTop propertysi aldığında styleları arasında marginTop ve verilen değer olmalıdır" name="Pressable -&gt; Custom Component Pressable -&gt; Common UI Test Pressable marginTop propertysi aldığında styleları arasında marginTop ve verilen değer olmalıdır" time="0.003">
    </testcase>
    <testcase classname="Pressable -&gt; Custom Component Pressable -&gt; Common UI Test Pressable marginBottom propertysi aldığında styleları arasında marginBottom ve verilen değer olmalıdır" name="Pressable -&gt; Custom Component Pressable -&gt; Common UI Test Pressable marginBottom propertysi aldığında styleları arasında marginBottom ve verilen değer olmalıdır" time="0.004">
    </testcase>
    <testcase classname="Pressable -&gt; Custom Component Pressable -&gt; Common UI Test Pressable marginLeft propertysi aldığında styleları arasında marginLeft ve verilen değer olmalıdır" name="Pressable -&gt; Custom Component Pressable -&gt; Common UI Test Pressable marginLeft propertysi aldığında styleları arasında marginLeft ve verilen değer olmalıdır" time="0.003">
    </testcase>
    <testcase classname="Pressable -&gt; Custom Component Pressable -&gt; Common UI Test Pressable marginRight propertysi aldığında styleları arasında marginRight ve verilen değer olmalıdır" name="Pressable -&gt; Custom Component Pressable -&gt; Common UI Test Pressable marginRight propertysi aldığında styleları arasında marginRight ve verilen değer olmalıdır" time="0.004">
    </testcase>
    <testcase classname="Pressable -&gt; Custom Component Pressable -&gt; Common UI Test Pressable paddingTop propertysi aldığında styleları arasında paddingTop ve verilen değer olmalıdır" name="Pressable -&gt; Custom Component Pressable -&gt; Common UI Test Pressable paddingTop propertysi aldığında styleları arasında paddingTop ve verilen değer olmalıdır" time="0.004">
    </testcase>
    <testcase classname="Pressable -&gt; Custom Component Pressable -&gt; Common UI Test Pressable paddingBottom propertysi aldığında styleları arasında paddingBottom ve verilen değer olmalıdır" name="Pressable -&gt; Custom Component Pressable -&gt; Common UI Test Pressable paddingBottom propertysi aldığında styleları arasında paddingBottom ve verilen değer olmalıdır" time="0.005">
    </testcase>
    <testcase classname="Pressable -&gt; Custom Component Pressable -&gt; Common UI Test Pressable paddingLeft propertysi aldığında styleları arasında paddingLeft ve verilen değer olmalıdır" name="Pressable -&gt; Custom Component Pressable -&gt; Common UI Test Pressable paddingLeft propertysi aldığında styleları arasında paddingLeft ve verilen değer olmalıdır" time="0.018">
    </testcase>
    <testcase classname="Pressable -&gt; Custom Component Pressable -&gt; Common UI Test Pressable paddingRight propertysi aldığında styleları arasında paddingRight ve verilen değer olmalıdır" name="Pressable -&gt; Custom Component Pressable -&gt; Common UI Test Pressable paddingRight propertysi aldığında styleları arasında paddingRight ve verilen değer olmalıdır" time="0.018">
    </testcase>
    <testcase classname="Pressable -&gt; Custom Component Pressable -&gt; Common UI Test Pressable paddingVertical propertysi aldığında styleları arasında paddingVertical ve verilen değer olmalıdır" name="Pressable -&gt; Custom Component Pressable -&gt; Common UI Test Pressable paddingVertical propertysi aldığında styleları arasında paddingVertical ve verilen değer olmalıdır" time="0.06">
    </testcase>
    <testcase classname="Pressable -&gt; Custom Component Pressable -&gt; Common UI Test Pressable paddingHorizontal propertysi aldığında styleları arasında paddingHorizontal ve verilen değer olmalıdır" name="Pressable -&gt; Custom Component Pressable -&gt; Common UI Test Pressable paddingHorizontal propertysi aldığında styleları arasında paddingHorizontal ve verilen değer olmalıdır" time="0.004">
    </testcase>
  </testsuite>
  <testsuite name="Amount Input -&gt; Custom Input" errors="0" failures="0" skipped="0" timestamp="2025-07-11T11:44:38" time="5.207" tests="10">
    <testcase classname="Amount Input -&gt; Custom Input amount input ilk render anında snapshot ile eşleşmeli" name="Amount Input -&gt; Custom Input amount input ilk render anında snapshot ile eşleşmeli" time="0.107">
    </testcase>
    <testcase classname="Amount Input -&gt; Custom Input amount input amount ve currency inputlari ve icon var olmali" name="Amount Input -&gt; Custom Input amount input amount ve currency inputlari ve icon var olmali" time="0.01">
    </testcase>
    <testcase classname="Amount Input -&gt; Custom Input amount input sadece numeric karakterleri kabul etmeli" name="Amount Input -&gt; Custom Input amount input sadece numeric karakterleri kabul etmeli" time="0.018">
    </testcase>
    <testcase classname="Amount Input -&gt; Custom Input amount input formata uygun olmalı" name="Amount Input -&gt; Custom Input amount input formata uygun olmalı" time="0.007">
    </testcase>
    <testcase classname="Amount Input -&gt; Custom Input amount inputun küsüratlı tarafı değiştiği zaman boş bir değer bırakılırsa küsürat 00 olmalı" name="Amount Input -&gt; Custom Input amount inputun küsüratlı tarafı değiştiği zaman boş bir değer bırakılırsa küsürat 00 olmalı" time="0.009">
    </testcase>
    <testcase classname="Amount Input -&gt; Custom Input amount inputta küsürat 0 iken tıklandığı zaman değer 00 dan boşa çekilmeli" name="Amount Input -&gt; Custom Input amount inputta küsürat 0 iken tıklandığı zaman değer 00 dan boşa çekilmeli" time="0.025">
    </testcase>
    <testcase classname="Amount Input -&gt; Custom Input amount inputta küsürat 0 dan büyükken tıklandığı zaman değer ne ise kalmalı" name="Amount Input -&gt; Custom Input amount inputta küsürat 0 dan büyükken tıklandığı zaman değer ne ise kalmalı" time="0.01">
    </testcase>
    <testcase classname="Amount Input -&gt; Custom Input input render olduğu zaman klavye olarak number-pad ekranda görülmeli" name="Amount Input -&gt; Custom Input input render olduğu zaman klavye olarak number-pad ekranda görülmeli" time="0.008">
    </testcase>
    <testcase classname="Amount Input -&gt; Custom Input amount inputa verilen currencyType a göre icon görülmeli" name="Amount Input -&gt; Custom Input amount inputa verilen currencyType a göre icon görülmeli" time="0.007">
    </testcase>
    <testcase classname="Amount Input -&gt; Custom Input kullanıcı 0.01 değeri girdiğinde doğru bir şekilde formatlanmalı" name="Amount Input -&gt; Custom Input kullanıcı 0.01 değeri girdiğinde doğru bir şekilde formatlanmalı" time="0.011">
    </testcase>
  </testsuite>
  <testsuite name="Phone Input -&gt; Custom Input" errors="0" failures="0" skipped="0" timestamp="2025-07-11T11:44:37" time="6.428" tests="6">
    <testcase classname="Phone Input -&gt; Custom Input phone input ilk render anında snapshot ile eşleşmeli" name="Phone Input -&gt; Custom Input phone input ilk render anında snapshot ile eşleşmeli" time="0.081">
    </testcase>
    <testcase classname="Phone Input -&gt; Custom Input ilk renderlandiginda içerik boş olmalı" name="Phone Input -&gt; Custom Input ilk renderlandiginda içerik boş olmalı" time="0.048">
    </testcase>
    <testcase classname="Phone Input -&gt; Custom Input phone input harf ve özel karakter kabul etmemeli" name="Phone Input -&gt; Custom Input phone input harf ve özel karakter kabul etmemeli" time="0.009">
    </testcase>
    <testcase classname="Phone Input -&gt; Custom Input varsayilan olarak rehber iconu olmalı" name="Phone Input -&gt; Custom Input varsayilan olarak rehber iconu olmalı" time="0.005">
    </testcase>
    <testcase classname="Phone Input -&gt; Custom Input kopyalanan phone number yapıştırıldığında Bosluklar trimlenmeli" name="Phone Input -&gt; Custom Input kopyalanan phone number yapıştırıldığında Bosluklar trimlenmeli" time="0.004">
    </testcase>
    <testcase classname="Phone Input -&gt; Custom Input kopyalanan phone number yapıştırıldığında yapistirilan degerde +90 ile gelmisse dogru format saglanmali" name="Phone Input -&gt; Custom Input kopyalanan phone number yapıştırıldığında yapistirilan degerde +90 ile gelmisse dogru format saglanmali" time="0.005">
    </testcase>
  </testsuite>
  <testsuite name="undefined" errors="0" failures="0" skipped="0" timestamp="2025-07-11T11:44:44" time="0.367" tests="0">
    <testcase classname=" write a test" name=" write a test" time="0">
    </testcase>
  </testsuite>
  <testsuite name="Hooks -&gt; useTimer" errors="0" failures="0" skipped="0" timestamp="2025-07-11T11:44:44" time="0.525" tests="12">
    <testcase classname="Hooks -&gt; useTimer countdown timer azalan sekilde calismali" name="Hooks -&gt; useTimer countdown timer azalan sekilde calismali" time="0.019">
    </testcase>
    <testcase classname="Hooks -&gt; useTimer countdown timer tamamlandığında 0 olmalı" name="Hooks -&gt; useTimer countdown timer tamamlandığında 0 olmalı" time="0.016">
    </testcase>
    <testcase classname="Hooks -&gt; useTimer countdown timer calisirken stop olabilmeli" name="Hooks -&gt; useTimer countdown timer calisirken stop olabilmeli" time="0.002">
    </testcase>
    <testcase classname="Hooks -&gt; useTimer countdown timer calisirken reset olabilmeli" name="Hooks -&gt; useTimer countdown timer calisirken reset olabilmeli" time="0.008">
    </testcase>
    <testcase classname="Hooks -&gt; useTimer countdown timer calisirken restart olabilmeli" name="Hooks -&gt; useTimer countdown timer calisirken restart olabilmeli" time="0.009">
    </testcase>
    <testcase classname="Hooks -&gt; useTimer circle timer 0 olabilmeli" name="Hooks -&gt; useTimer circle timer 0 olabilmeli" time="0.016">
    </testcase>
    <testcase classname="Hooks -&gt; useTimer circle timer 0 oldugunda yeniden baslamali" name="Hooks -&gt; useTimer circle timer 0 oldugunda yeniden baslamali" time="0.022">
    </testcase>
    <testcase classname="Hooks -&gt; useTimer circle timer calisirken stop olabilmeli" name="Hooks -&gt; useTimer circle timer calisirken stop olabilmeli" time="0.002">
    </testcase>
    <testcase classname="Hooks -&gt; useTimer circle timer calisirken stop olmuşken tekrar start olabilmeli" name="Hooks -&gt; useTimer circle timer calisirken stop olmuşken tekrar start olabilmeli" time="0.006">
    </testcase>
    <testcase classname="Hooks -&gt; useTimer circle timer calisirken stop olmuşken tekrar restart olabilmeli" name="Hooks -&gt; useTimer circle timer calisirken stop olmuşken tekrar restart olabilmeli" time="0.002">
    </testcase>
    <testcase classname="Hooks -&gt; useTimer circle timer calisirken reset olabilmeli" name="Hooks -&gt; useTimer circle timer calisirken reset olabilmeli" time="0.001">
    </testcase>
    <testcase classname="Hooks -&gt; useTimer timer çalışırken app arka plana atıldığında doğru devam etmeli" name="Hooks -&gt; useTimer timer çalışırken app arka plana atıldığında doğru devam etmeli" time="0.006">
    </testcase>
  </testsuite>
  <testsuite name="IBAN Input -&gt; Custom Input" errors="0" failures="0" skipped="0" timestamp="2025-07-11T11:44:41" time="5.358" tests="11">
    <testcase classname="IBAN Input -&gt; Custom Input ilk render anında snapshot ile eşleşmeli" name="IBAN Input -&gt; Custom Input ilk render anında snapshot ile eşleşmeli" time="0.104">
    </testcase>
    <testcase classname="IBAN Input -&gt; Custom Input ilk renderlandiginda ilk renderlandiginda içerik boş olmalı" name="IBAN Input -&gt; Custom Input ilk renderlandiginda ilk renderlandiginda içerik boş olmalı" time="0.015">
    </testcase>
    <testcase classname="IBAN Input -&gt; Custom Input ilk renderlandiginda icerik temizleme iconu gorunmemeli" name="IBAN Input -&gt; Custom Input ilk renderlandiginda icerik temizleme iconu gorunmemeli" time="0.003">
    </testcase>
    <testcase classname="IBAN Input -&gt; Custom Input içerik boş olduğunda temizleme iconu görünmemeli" name="IBAN Input -&gt; Custom Input içerik boş olduğunda temizleme iconu görünmemeli" time="0.01">
    </testcase>
    <testcase classname="IBAN Input -&gt; Custom Input içerik boş olduğunda temizleme iconu görünmeli" name="IBAN Input -&gt; Custom Input içerik boş olduğunda temizleme iconu görünmeli" time="0.02">
    </testcase>
    <testcase classname="IBAN Input -&gt; Custom Input TR digerlerinden sonraki degerler sadece numeric karakterleri kabul etmeli" name="IBAN Input -&gt; Custom Input TR digerlerinden sonraki degerler sadece numeric karakterleri kabul etmeli" time="0.005">
    </testcase>
    <testcase classname="IBAN Input -&gt; Custom Input kopyalanan IBAN yapıştırıldığında Bosluklar trimlenmeli" name="IBAN Input -&gt; Custom Input kopyalanan IBAN yapıştırıldığında Bosluklar trimlenmeli" time="0.007">
    </testcase>
    <testcase classname="IBAN Input -&gt; Custom Input kopyalanan IBAN yapıştırıldığında Sadece Sayi gelmisse basina TR getirerek dogru format saglanmali" name="IBAN Input -&gt; Custom Input kopyalanan IBAN yapıştırıldığında Sadece Sayi gelmisse basina TR getirerek dogru format saglanmali" time="0.007">
    </testcase>
    <testcase classname="IBAN Input -&gt; Custom Input kopyalanan IBAN yapıştırıldığında yapistirilan degerde TR ile gelmisse dogru format saglanmali" name="IBAN Input -&gt; Custom Input kopyalanan IBAN yapıştırıldığında yapistirilan degerde TR ile gelmisse dogru format saglanmali" time="0.003">
    </testcase>
    <testcase classname="IBAN Input -&gt; Custom Input kopyalanan IBAN yapıştırıldığında yapistirilan degerde TR yok ise dogru format saglanmali" name="IBAN Input -&gt; Custom Input kopyalanan IBAN yapıştırıldığında yapistirilan degerde TR yok ise dogru format saglanmali" time="0.002">
    </testcase>
    <testcase classname="IBAN Input -&gt; Custom Input Iban input render olduğu zaman klavye olarak number-pad ekranda görülmeli" name="IBAN Input -&gt; Custom Input Iban input render olduğu zaman klavye olarak number-pad ekranda görülmeli" time="0.002">
    </testcase>
  </testsuite>
  <testsuite name="Numeric Input -&gt; Custom Input" errors="0" failures="0" skipped="0" timestamp="2025-07-11T11:44:41" time="5.344" tests="4">
    <testcase classname="Numeric Input -&gt; Custom Input numeric input ilk render anında snapshot ile eşleşmeli" name="Numeric Input -&gt; Custom Input numeric input ilk render anında snapshot ile eşleşmeli" time="0.053">
    </testcase>
    <testcase classname="Numeric Input -&gt; Custom Input numeric input sadece numeric karakterleri kabul etmeli" name="Numeric Input -&gt; Custom Input numeric input sadece numeric karakterleri kabul etmeli" time="0.005">
    </testcase>
    <testcase classname="Numeric Input -&gt; Custom Input numeric input harf ve özel karakter kabul etmemeli" name="Numeric Input -&gt; Custom Input numeric input harf ve özel karakter kabul etmemeli" time="0.006">
    </testcase>
    <testcase classname="Numeric Input -&gt; Custom Input input render olduğu zaman klavye olarak number-pad ekranda görülmeli" name="Numeric Input -&gt; Custom Input input render olduğu zaman klavye olarak number-pad ekranda görülmeli" time="0.002">
    </testcase>
  </testsuite>
  <testsuite name="ExpireDate Input -&gt; Custom Input" errors="0" failures="0" skipped="0" timestamp="2025-07-11T11:44:42" time="4.59" tests="7">
    <testcase classname="ExpireDate Input -&gt; Custom Input ilk render anında snapshot ile eşleşmeli" name="ExpireDate Input -&gt; Custom Input ilk render anında snapshot ile eşleşmeli" time="0.071">
    </testcase>
    <testcase classname="ExpireDate Input -&gt; Custom Input ilk renderlandiginda ilk renderlandiginda içerik boş olmalı" name="ExpireDate Input -&gt; Custom Input ilk renderlandiginda ilk renderlandiginda içerik boş olmalı" time="0.004">
    </testcase>
    <testcase classname="ExpireDate Input -&gt; Custom Input sadece numeric karakterleri kabul etmeli" name="ExpireDate Input -&gt; Custom Input sadece numeric karakterleri kabul etmeli" time="0.008">
    </testcase>
    <testcase classname="ExpireDate Input -&gt; Custom Input MMYY formatinda MM 12 den buyuk geldi is 12 ye MM yi 12 ye cevir" name="ExpireDate Input -&gt; Custom Input MMYY formatinda MM 12 den buyuk geldi is 12 ye MM yi 12 ye cevir" time="0.007">
    </testcase>
    <testcase classname="ExpireDate Input -&gt; Custom Input MMYY formatinda YY suanki tarihten kucuk geldi ise YY yi suanki tarihe cevir" name="ExpireDate Input -&gt; Custom Input MMYY formatinda YY suanki tarihten kucuk geldi ise YY yi suanki tarihe cevir" time="0.002">
    </testcase>
    <testcase classname="ExpireDate Input -&gt; Custom Input donen cevap MMYY seklinde olmali" name="ExpireDate Input -&gt; Custom Input donen cevap MMYY seklinde olmali" time="0.002">
    </testcase>
    <testcase classname="ExpireDate Input -&gt; Custom Input expire date input render olduğu zaman klavye olarak number-pad ekranda görülmeli" name="ExpireDate Input -&gt; Custom Input expire date input render olduğu zaman klavye olarak number-pad ekranda görülmeli" time="0.002">
    </testcase>
  </testsuite>
  <testsuite name="Plate Number Input -&gt; Custom Input" errors="0" failures="0" skipped="0" timestamp="2025-07-11T11:44:42" time="4.612" tests="5">
    <testcase classname="Plate Number Input -&gt; Custom Input plate number input ilk render anında snapshot ile eşleşmeli" name="Plate Number Input -&gt; Custom Input plate number input ilk render anında snapshot ile eşleşmeli" time="0.062">
    </testcase>
    <testcase classname="Plate Number Input -&gt; Custom Input plate number input numeric karakterleri ve buyuk karakterleri kabul etmeli" name="Plate Number Input -&gt; Custom Input plate number input numeric karakterleri ve buyuk karakterleri kabul etmeli" time="0.008">
    </testcase>
    <testcase classname="Plate Number Input -&gt; Custom Input plate number input küçük harf ve özel karakter kabul etmemeli" name="Plate Number Input -&gt; Custom Input plate number input küçük harf ve özel karakter kabul etmemeli" time="0.004">
    </testcase>
    <testcase classname="Plate Number Input -&gt; Custom Input plate number input render olduğu zaman klavye default olarak ekranda görülmeli" name="Plate Number Input -&gt; Custom Input plate number input render olduğu zaman klavye default olarak ekranda görülmeli" time="0.002">
    </testcase>
    <testcase classname="Plate Number Input -&gt; Custom Input kopyalanan plate number yapıştırıldığında bosluklar trimlenmeli ve buyuk harf kabul etmeli" name="Plate Number Input -&gt; Custom Input kopyalanan plate number yapıştırıldığında bosluklar trimlenmeli ve buyuk harf kabul etmeli" time="0.002">
    </testcase>
  </testsuite>
  <testsuite name="CheckBox Input -&gt; Custom Input" errors="0" failures="0" skipped="0" timestamp="2025-07-11T11:44:42" time="4.887" tests="5">
    <testcase classname="CheckBox Input -&gt; Custom Input checkbox input ilk render anında snapshot ile eşleşmeli" name="CheckBox Input -&gt; Custom Input checkbox input ilk render anında snapshot ile eşleşmeli" time="0.071">
    </testcase>
    <testcase classname="CheckBox Input -&gt; Custom Input checkBox ilk renderlandığında unchecked olmalı" name="CheckBox Input -&gt; Custom Input checkBox ilk renderlandığında unchecked olmalı" time="0.005">
    </testcase>
    <testcase classname="CheckBox Input -&gt; Custom Input checkbox render olduğunda description string olarak verilmişse ekranda default label ile renderlanmalı" name="CheckBox Input -&gt; Custom Input checkbox render olduğunda description string olarak verilmişse ekranda default label ile renderlanmalı" time="0.003">
    </testcase>
    <testcase classname="CheckBox Input -&gt; Custom Input checkbox render olduğunda description React element olarak verilmişse default label ile renderlanmamalı" name="CheckBox Input -&gt; Custom Input checkbox render olduğunda description React element olarak verilmişse default label ile renderlanmamalı" time="0.001">
    </testcase>
    <testcase classname="CheckBox Input -&gt; Custom Input checkBox onPress methodu calismali" name="CheckBox Input -&gt; Custom Input checkBox onPress methodu calismali" time="0.002">
    </testcase>
  </testsuite>
  <testsuite name="Component -&gt; BottomMenuItem" errors="0" failures="0" skipped="0" timestamp="2025-07-11T11:44:42" time="4.933" tests="3">
    <testcase classname="Component -&gt; BottomMenuItem bottom menu item componenti snapshot ile eşleşmeli" name="Component -&gt; BottomMenuItem bottom menu item componenti snapshot ile eşleşmeli" time="0.037">
    </testcase>
    <testcase classname="Component -&gt; BottomMenuItem bottom menu item componenti ekranda gözükmeli" name="Component -&gt; BottomMenuItem bottom menu item componenti ekranda gözükmeli" time="0.003">
    </testcase>
    <testcase classname="Component -&gt; BottomMenuItem verilen icon ekranda gözükmeli" name="Component -&gt; BottomMenuItem verilen icon ekranda gözükmeli" time="0.002">
    </testcase>
  </testsuite>
  <testsuite name="ButtonGroup -&gt; Custom Component" errors="0" failures="0" skipped="0" timestamp="2025-07-11T11:44:42" time="4.603" tests="2">
    <testcase classname="ButtonGroup -&gt; Custom Component buton grubunun snapshotı ile eşleşmeli" name="ButtonGroup -&gt; Custom Component buton grubunun snapshotı ile eşleşmeli" time="0.052">
    </testcase>
    <testcase classname="ButtonGroup -&gt; Custom Component isFastTransfer true ise ekranda fast görseli görünür" name="ButtonGroup -&gt; Custom Component isFastTransfer true ise ekranda fast görseli görünür" time="0.003">
    </testcase>
  </testsuite>
  <testsuite name="List -&gt; Custom Component" errors="0" failures="0" skipped="0" timestamp="2025-07-11T11:44:43" time="4.12" tests="4">
    <testcase classname="List -&gt; Custom Component list ilk render anında snapshot ile eşleşmeli" name="List -&gt; Custom Component list ilk render anında snapshot ile eşleşmeli" time="0.023">
    </testcase>
    <testcase classname="List -&gt; Custom Component separator item ekranda olmamalı" name="List -&gt; Custom Component separator item ekranda olmamalı" time="0.006">
    </testcase>
    <testcase classname="List -&gt; Custom Component list componenti elemanları doğru şekilde renderlamalı" name="List -&gt; Custom Component list componenti elemanları doğru şekilde renderlamalı" time="0.006">
    </testcase>
    <testcase classname="List -&gt; Custom Component list componenti eleman geldiğinde doğru renderlanmalı" name="List -&gt; Custom Component list componenti eleman geldiğinde doğru renderlanmalı" time="0.007">
    </testcase>
  </testsuite>
  <testsuite name="Common -&gt; Common Item" errors="0" failures="0" skipped="0" timestamp="2025-07-11T11:44:48" time="3.212" tests="14">
    <testcase classname="Common -&gt; Common Item common item ilk renderlandığında snapshot ile eşleşmeli" name="Common -&gt; Common Item common item ilk renderlandığında snapshot ile eşleşmeli" time="0.042">
    </testcase>
    <testcase classname="Common -&gt; Common Item common item ilk renderlandığında title ekranda renderlanmali" name="Common -&gt; Common Item common item ilk renderlandığında title ekranda renderlanmali" time="0.005">
    </testcase>
    <testcase classname="Common -&gt; Common Item common item ilk renderlandığında subTitle ekranda renderlanmali" name="Common -&gt; Common Item common item ilk renderlandığında subTitle ekranda renderlanmali" time="0.003">
    </testcase>
    <testcase classname="Common -&gt; Common Item common item ilk renderlandığında description ekranda renderlanmali" name="Common -&gt; Common Item common item ilk renderlandığında description ekranda renderlanmali" time="0.003">
    </testcase>
    <testcase classname="Common -&gt; Common Item leftIcon ekranda renderlanmali" name="Common -&gt; Common Item leftIcon ekranda renderlanmali" time="0.004">
    </testcase>
    <testcase classname="Common -&gt; Common Item leftIcon verilmediğinde ekranda renderlanmamali" name="Common -&gt; Common Item leftIcon verilmediğinde ekranda renderlanmamali" time="0.003">
    </testcase>
    <testcase classname="Common -&gt; Common Item leftIcon onPress özelliği verilmediğinde CommonItem onPress özelliğini tetiklemelidir." name="Common -&gt; Common Item leftIcon onPress özelliği verilmediğinde CommonItem onPress özelliğini tetiklemelidir." time="0.004">
    </testcase>
    <testcase classname="Common -&gt; Common Item leftIcon onPress özelliği verildiğinde CommonItem onPress özelliğini tetiklenmemelidir." name="Common -&gt; Common Item leftIcon onPress özelliği verildiğinde CommonItem onPress özelliğini tetiklenmemelidir." time="0.004">
    </testcase>
    <testcase classname="Common -&gt; Common Item rightIcon ekranda renderlanmali" name="Common -&gt; Common Item rightIcon ekranda renderlanmali" time="0.005">
    </testcase>
    <testcase classname="Common -&gt; Common Item rightIcon verilmediğinde ekranda renderlanmamali" name="Common -&gt; Common Item rightIcon verilmediğinde ekranda renderlanmamali" time="0.002">
    </testcase>
    <testcase classname="Common -&gt; Common Item rightIcon onPress özelliği verilmediğinde CommonItem onPress özelliğini tetiklemelidir." name="Common -&gt; Common Item rightIcon onPress özelliği verilmediğinde CommonItem onPress özelliğini tetiklemelidir." time="0.003">
    </testcase>
    <testcase classname="Common -&gt; Common Item rightIcon onPress özelliği verildiğinde CommonItem onPress özelliğini tetiklenmemelidir." name="Common -&gt; Common Item rightIcon onPress özelliği verildiğinde CommonItem onPress özelliğini tetiklenmemelidir." time="0.004">
    </testcase>
    <testcase classname="Common -&gt; Common Item common item ilk renderlangidinga left ve right iconu ekranda renderlanmali" name="Common -&gt; Common Item common item ilk renderlangidinga left ve right iconu ekranda renderlanmali" time="0.003">
    </testcase>
    <testcase classname="Common -&gt; Common Item common item ilk renderlandiginda left ve right iconu ekranda renderlanmamali" name="Common -&gt; Common Item common item ilk renderlandiginda left ve right iconu ekranda renderlanmamali" time="0.002">
    </testcase>
  </testsuite>
</testsuites>