<?xml version="1.0" encoding="UTF-8"?>
<testsuites name="jest tests" tests="311" failures="16" errors="0" time="40.352">
  <testsuite name="Util -&gt; Translator" errors="0" failures="0" skipped="0" timestamp="2025-07-11T11:44:11" time="19.423" tests="6">
    <testcase classname="Util -&gt; Translator english dil snapshotı eşleşmeli" name="Util -&gt; Translator english dil snapshotı eşleşmeli" time="0.012">
    </testcase>
    <testcase classname="Util -&gt; Translator türkçe dil snapshotı eşleşmeli" name="Util -&gt; Translator türkçe dil snapshotı eşleşmeli" time="0.023">
    </testcase>
    <testcase classname="Util -&gt; Translator translator metoduna verilen geçerli değeri ekranda göstermeli" name="Util -&gt; Translator translator metoduna verilen geçerli değeri ekranda göstermeli" time="0.001">
    </testcase>
    <testcase classname="Util -&gt; Translator türkçe dil keyleri english dil keyleri ile eşleşmeli" name="Util -&gt; Translator türkçe dil keyleri english dil keyleri ile eşleşmeli" time="0.003">
    </testcase>
    <testcase classname="Util -&gt; Translator translator verilen key ile birlikte ekstra mesaj yazılması gerekiyorsa onu birleştirip dönmelidir." name="Util -&gt; Translator translator verilen key ile birlikte ekstra mesaj yazılması gerekiyorsa onu birleştirip dönmelidir." time="0.002">
    </testcase>
    <testcase classname="Util -&gt; FormatMessage formatMessage metoduna verilen geçerli değeri ekranda göstermeli" name="Util -&gt; FormatMessage formatMessage metoduna verilen geçerli değeri ekranda göstermeli" time="0.001">
    </testcase>
  </testsuite>
  <testsuite name="AlertDialogComponent" errors="0" failures="1" skipped="0" timestamp="2025-07-11T11:44:11" time="19.616" tests="4">
    <testcase classname="AlertDialogComponent should match snapshot on first render" name="AlertDialogComponent should match snapshot on first render" time="0.239">
    </testcase>
    <testcase classname="AlertDialogComponent title ve text ekranda düzgün şekilde renderlanmalı" name="AlertDialogComponent title ve text ekranda düzgün şekilde renderlanmalı" time="0.058">
      <failure>Error: Found multiple elements with text: TEST.WITH.PARAM
    at Object.&lt;anonymous&gt; (/Users/dogukantansuk/Projects/Tansuk/@tansuk/rott-ui/src/features/AlertDialog/__tests__/AlertDialog.test.tsx:85:19)
    at Promise.then.completed (/Users/dogukantansuk/Projects/Tansuk/@tansuk/rott-ui/node_modules/jest-circus/build/utils.js:298:28)
    at new Promise (&lt;anonymous&gt;)
    at callAsyncCircusFn (/Users/dogukantansuk/Projects/Tansuk/@tansuk/rott-ui/node_modules/jest-circus/build/utils.js:231:10)
    at _callCircusTest (/Users/dogukantansuk/Projects/Tansuk/@tansuk/rott-ui/node_modules/jest-circus/build/run.js:316:40)
    at _runTest (/Users/dogukantansuk/Projects/Tansuk/@tansuk/rott-ui/node_modules/jest-circus/build/run.js:252:3)
    at _runTestsForDescribeBlock (/Users/dogukantansuk/Projects/Tansuk/@tansuk/rott-ui/node_modules/jest-circus/build/run.js:126:9)
    at _runTestsForDescribeBlock (/Users/dogukantansuk/Projects/Tansuk/@tansuk/rott-ui/node_modules/jest-circus/build/run.js:121:9)
    at run (/Users/dogukantansuk/Projects/Tansuk/@tansuk/rott-ui/node_modules/jest-circus/build/run.js:71:3)
    at runAndTransformResultsToJestFormat (/Users/dogukantansuk/Projects/Tansuk/@tansuk/rott-ui/node_modules/jest-circus/build/legacy-code-todo-rewrite/jestAdapterInit.js:122:21)
    at jestAdapter (/Users/dogukantansuk/Projects/Tansuk/@tansuk/rott-ui/node_modules/jest-circus/build/legacy-code-todo-rewrite/jestAdapter.js:79:19)
    at runTestInternal (/Users/dogukantansuk/Projects/Tansuk/@tansuk/rott-ui/node_modules/jest-runner/build/runTest.js:367:16)
    at runTest (/Users/dogukantansuk/Projects/Tansuk/@tansuk/rott-ui/node_modules/jest-runner/build/runTest.js:444:34)
    at Object.worker (/Users/dogukantansuk/Projects/Tansuk/@tansuk/rott-ui/node_modules/jest-runner/build/testWorker.js:106:12)</failure>
    </testcase>
    <testcase classname="AlertDialogComponent iki button tanımlı ise alert dialog doğru renderlanmalı" name="AlertDialogComponent iki button tanımlı ise alert dialog doğru renderlanmalı" time="0.038">
    </testcase>
    <testcase classname="AlertDialogComponent iki veya daha fazla button tanımlı ise alert dialog doğru renderlanmalı" name="AlertDialogComponent iki veya daha fazla button tanımlı ise alert dialog doğru renderlanmalı" time="0.014">
    </testcase>
  </testsuite>
  <testsuite name="Toggle -&gt; Custom Component" errors="0" failures="0" skipped="0" timestamp="2025-07-11T11:44:11" time="19.638" tests="5">
    <testcase classname="Toggle -&gt; Custom Component toggle ilk render anında snapshot ile eşleşmeli" name="Toggle -&gt; Custom Component toggle ilk render anında snapshot ile eşleşmeli" time="0.218">
    </testcase>
    <testcase classname="Toggle -&gt; Custom Component toggle default propslar ile render olmalı" name="Toggle -&gt; Custom Component toggle default propslar ile render olmalı" time="0.016">
    </testcase>
    <testcase classname="Toggle -&gt; Custom Component tıklandığında onToggleChange çağırılmalı" name="Toggle -&gt; Custom Component tıklandığında onToggleChange çağırılmalı" time="0.061">
    </testcase>
    <testcase classname="Toggle -&gt; Custom Component isOn özelliği değiştiğinde stil özellikleri değişmeli pasif ise" name="Toggle -&gt; Custom Component isOn özelliği değiştiğinde stil özellikleri değişmeli pasif ise" time="0.016">
    </testcase>
    <testcase classname="Toggle -&gt; Custom Component isOn özelliği değiştiğinde stil özellikleri değişmeli aktif ise" name="Toggle -&gt; Custom Component isOn özelliği değiştiğinde stil özellikleri değişmeli aktif ise" time="0.008">
    </testcase>
  </testsuite>
  <testsuite name="EmptyState -&gt; Custom Component" errors="0" failures="0" skipped="0" timestamp="2025-07-11T11:44:11" time="19.689" tests="5">
    <testcase classname="EmptyState -&gt; Custom Component ilk render anında snapshot ile eşleşmeli" name="EmptyState -&gt; Custom Component ilk render anında snapshot ile eşleşmeli" time="0.169">
    </testcase>
    <testcase classname="EmptyState -&gt; Custom Component name propertysi EMPTY ile başlamalı" name="EmptyState -&gt; Custom Component name propertysi EMPTY ile başlamalı" time="0.024">
    </testcase>
    <testcase classname="EmptyState -&gt; Custom Component description verilen değerler ile ekranda gözükmeli" name="EmptyState -&gt; Custom Component description verilen değerler ile ekranda gözükmeli" time="0.052">
    </testcase>
    <testcase classname="EmptyState -&gt; Custom Component description verilmediği zaman ekranda gözükmemeli" name="EmptyState -&gt; Custom Component description verilmediği zaman ekranda gözükmemeli" time="0.087">
    </testcase>
    <testcase classname="EmptyState -&gt; Custom Component description yerine ReactNode olarak verildiğindede ekranda gösterilmeli" name="EmptyState -&gt; Custom Component description yerine ReactNode olarak verildiğindede ekranda gösterilmeli" time="0.004">
    </testcase>
  </testsuite>
  <testsuite name="Header -&gt; Custom Component" errors="0" failures="0" skipped="0" timestamp="2025-07-11T11:44:11" time="19.671" tests="14">
    <testcase classname="Header -&gt; Custom Component yalnızca başlık çalışmalı ve snapshot eşleşmeli" name="Header -&gt; Custom Component yalnızca başlık çalışmalı ve snapshot eşleşmeli" time="0.236">
    </testcase>
    <testcase classname="Header -&gt; Custom Component verilen testId ekranda olmalı" name="Header -&gt; Custom Component verilen testId ekranda olmalı" time="0.032">
    </testcase>
    <testcase classname="Header -&gt; Custom Component yalnızca logo çalışmalı ve snapshot eşleşmeli" name="Header -&gt; Custom Component yalnızca logo çalışmalı ve snapshot eşleşmeli" time="0.012">
    </testcase>
    <testcase classname="Header -&gt; Custom Component başlık ve icon var ise sadece icon gorunmeli" name="Header -&gt; Custom Component başlık ve icon var ise sadece icon gorunmeli" time="0.004">
    </testcase>
    <testcase classname="Header -&gt; Custom Component leftIcon görüntülenmeli ve onPress Methodu Çalışmalı" name="Header -&gt; Custom Component leftIcon görüntülenmeli ve onPress Methodu Çalışmalı" time="0.041">
    </testcase>
    <testcase classname="Header -&gt; Custom Component leftIcon verilmediğinde ekranda gözükmemeli" name="Header -&gt; Custom Component leftIcon verilmediğinde ekranda gözükmemeli" time="0.004">
    </testcase>
    <testcase classname="Header -&gt; Custom Component leftIcon rounded özelliği verildiğinde border radius height ile aynı olmalı" name="Header -&gt; Custom Component leftIcon rounded özelliği verildiğinde border radius height ile aynı olmalı" time="0.003">
    </testcase>
    <testcase classname="Header -&gt; Custom Component leftElement görüntülenmeli" name="Header -&gt; Custom Component leftElement görüntülenmeli" time="0.002">
    </testcase>
    <testcase classname="Header -&gt; Custom Component rightIcon görüntülenmeli ve onPress Methodu Çalışmalı" name="Header -&gt; Custom Component rightIcon görüntülenmeli ve onPress Methodu Çalışmalı" time="0.01">
    </testcase>
    <testcase classname="Header -&gt; Custom Component rightIcon verilmediğinde ekranda gözükmemeli" name="Header -&gt; Custom Component rightIcon verilmediğinde ekranda gözükmemeli" time="0.005">
    </testcase>
    <testcase classname="Header -&gt; Custom Component right rounded özelliği verildiğinde border radius height ile aynı olmalı" name="Header -&gt; Custom Component right rounded özelliği verildiğinde border radius height ile aynı olmalı" time="0.043">
    </testcase>
    <testcase classname="Header -&gt; Custom Component rightElement görüntülenmeli" name="Header -&gt; Custom Component rightElement görüntülenmeli" time="0.035">
    </testcase>
    <testcase classname="Header -&gt; Custom Component rightIcon ve leftIcon verildiğinde, ekranda gözükmeli" name="Header -&gt; Custom Component rightIcon ve leftIcon verildiğinde, ekranda gözükmeli" time="0.008">
    </testcase>
    <testcase classname="Header -&gt; Custom Component children verildiğinde, ekranda gözükmeli" name="Header -&gt; Custom Component children verildiğinde, ekranda gözükmeli" time="0.006">
    </testcase>
  </testsuite>
  <testsuite name="Button -&gt; Custom Component" errors="0" failures="1" skipped="0" timestamp="2025-07-11T11:44:11" time="19.962" tests="21">
    <testcase classname="Button -&gt; Custom Component butonun snapshotı ile eşleşmeli" name="Button -&gt; Custom Component butonun snapshotı ile eşleşmeli" time="0.194">
    </testcase>
    <testcase classname="Button -&gt; Custom Component buton ekranda olmalı ancak loading iconu görünmemeli" name="Button -&gt; Custom Component buton ekranda olmalı ancak loading iconu görünmemeli" time="0.021">
    </testcase>
    <testcase classname="Button -&gt; Custom Component loading text ve loading icon ile buton render olmalı" name="Button -&gt; Custom Component loading text ve loading icon ile buton render olmalı" time="0.016">
    </testcase>
    <testcase classname="Button -&gt; Custom Component buton disableken tıklanamamlı" name="Button -&gt; Custom Component buton disableken tıklanamamlı" time="0.023">
    </testcase>
    <testcase classname="Button -&gt; Custom Component left icon propertysi verildiğinde ekranda doğru icon ile renderlanmalı" name="Button -&gt; Custom Component left icon propertysi verildiğinde ekranda doğru icon ile renderlanmalı" time="0.006">
    </testcase>
    <testcase classname="Button -&gt; Custom Component left image propertysi verildiğinde ekranda doğru image ile renderlanmalı" name="Button -&gt; Custom Component left image propertysi verildiğinde ekranda doğru image ile renderlanmalı" time="0.01">
    </testcase>
    <testcase classname="Button -&gt; Custom Component button loading durumundayken verilen left icon görünmemeli" name="Button -&gt; Custom Component button loading durumundayken verilen left icon görünmemeli" time="0.004">
    </testcase>
    <testcase classname="Button -&gt; Custom Component buton ekranda olmalı ve outline variantı ile renderlanmalı" name="Button -&gt; Custom Component buton ekranda olmalı ve outline variantı ile renderlanmalı" time="0.022">
      <failure>Error: expect(element).toHaveStyle()

- Expected
+ Received

- backgroundColor: transparent;
+ backgroundColor: primary-outline;
  borderColor: primary;
    at Object.&lt;anonymous&gt; (/Users/dogukantansuk/Projects/Tansuk/@tansuk/rott-ui/src/features/Button/__tests__/Button.test.tsx:122:27)
    at Promise.then.completed (/Users/dogukantansuk/Projects/Tansuk/@tansuk/rott-ui/node_modules/jest-circus/build/utils.js:298:28)
    at new Promise (&lt;anonymous&gt;)
    at callAsyncCircusFn (/Users/dogukantansuk/Projects/Tansuk/@tansuk/rott-ui/node_modules/jest-circus/build/utils.js:231:10)
    at _callCircusTest (/Users/dogukantansuk/Projects/Tansuk/@tansuk/rott-ui/node_modules/jest-circus/build/run.js:316:40)
    at _runTest (/Users/dogukantansuk/Projects/Tansuk/@tansuk/rott-ui/node_modules/jest-circus/build/run.js:252:3)
    at _runTestsForDescribeBlock (/Users/dogukantansuk/Projects/Tansuk/@tansuk/rott-ui/node_modules/jest-circus/build/run.js:126:9)
    at _runTestsForDescribeBlock (/Users/dogukantansuk/Projects/Tansuk/@tansuk/rott-ui/node_modules/jest-circus/build/run.js:121:9)
    at run (/Users/dogukantansuk/Projects/Tansuk/@tansuk/rott-ui/node_modules/jest-circus/build/run.js:71:3)
    at runAndTransformResultsToJestFormat (/Users/dogukantansuk/Projects/Tansuk/@tansuk/rott-ui/node_modules/jest-circus/build/legacy-code-todo-rewrite/jestAdapterInit.js:122:21)
    at jestAdapter (/Users/dogukantansuk/Projects/Tansuk/@tansuk/rott-ui/node_modules/jest-circus/build/legacy-code-todo-rewrite/jestAdapter.js:79:19)
    at runTestInternal (/Users/dogukantansuk/Projects/Tansuk/@tansuk/rott-ui/node_modules/jest-runner/build/runTest.js:367:16)
    at runTest (/Users/dogukantansuk/Projects/Tansuk/@tansuk/rott-ui/node_modules/jest-runner/build/runTest.js:444:34)
    at Object.worker (/Users/dogukantansuk/Projects/Tansuk/@tansuk/rott-ui/node_modules/jest-runner/build/testWorker.js:106:12)</failure>
    </testcase>
    <testcase classname="Button -&gt; Custom Component right icon propertysi verildiğinde ekranda doğru icon ile renderlanmalı" name="Button -&gt; Custom Component right icon propertysi verildiğinde ekranda doğru icon ile renderlanmalı" time="0.014">
    </testcase>
    <testcase classname="Button -&gt; Custom Component right image propertysi verildiğinde ekranda doğru image ile renderlanmalı" name="Button -&gt; Custom Component right image propertysi verildiğinde ekranda doğru image ile renderlanmalı" time="0.007">
    </testcase>
    <testcase classname="Button -&gt; Custom Component button loading durumundayken verilen right icon görünmemeli" name="Button -&gt; Custom Component button loading durumundayken verilen right icon görünmemeli" time="0.044">
    </testcase>
    <testcase classname="Button -&gt; Common UI Test Button marginTop propertysi aldığında styleları arasında marginTop ve verilen değer olmalıdır" name="Button -&gt; Common UI Test Button marginTop propertysi aldığında styleları arasında marginTop ve verilen değer olmalıdır" time="0.014">
    </testcase>
    <testcase classname="Button -&gt; Common UI Test Button marginBottom propertysi aldığında styleları arasında marginBottom ve verilen değer olmalıdır" name="Button -&gt; Common UI Test Button marginBottom propertysi aldığında styleları arasında marginBottom ve verilen değer olmalıdır" time="0.009">
    </testcase>
    <testcase classname="Button -&gt; Common UI Test Button marginLeft propertysi aldığında styleları arasında marginLeft ve verilen değer olmalıdır" name="Button -&gt; Common UI Test Button marginLeft propertysi aldığında styleları arasında marginLeft ve verilen değer olmalıdır" time="0.014">
    </testcase>
    <testcase classname="Button -&gt; Common UI Test Button marginRight propertysi aldığında styleları arasında marginRight ve verilen değer olmalıdır" name="Button -&gt; Common UI Test Button marginRight propertysi aldığında styleları arasında marginRight ve verilen değer olmalıdır" time="0.046">
    </testcase>
    <testcase classname="Button -&gt; Common UI Test Button paddingTop propertysi aldığında styleları arasında paddingTop ve verilen değer olmalıdır" name="Button -&gt; Common UI Test Button paddingTop propertysi aldığında styleları arasında paddingTop ve verilen değer olmalıdır" time="0.005">
    </testcase>
    <testcase classname="Button -&gt; Common UI Test Button paddingBottom propertysi aldığında styleları arasında paddingBottom ve verilen değer olmalıdır" name="Button -&gt; Common UI Test Button paddingBottom propertysi aldığında styleları arasında paddingBottom ve verilen değer olmalıdır" time="0.005">
    </testcase>
    <testcase classname="Button -&gt; Common UI Test Button paddingLeft propertysi aldığında styleları arasında paddingLeft ve verilen değer olmalıdır" name="Button -&gt; Common UI Test Button paddingLeft propertysi aldığında styleları arasında paddingLeft ve verilen değer olmalıdır" time="0.005">
    </testcase>
    <testcase classname="Button -&gt; Common UI Test Button paddingRight propertysi aldığında styleları arasında paddingRight ve verilen değer olmalıdır" name="Button -&gt; Common UI Test Button paddingRight propertysi aldığında styleları arasında paddingRight ve verilen değer olmalıdır" time="0.005">
    </testcase>
    <testcase classname="Button -&gt; Common UI Test Button paddingVertical propertysi aldığında styleları arasında paddingVertical ve verilen değer olmalıdır" name="Button -&gt; Common UI Test Button paddingVertical propertysi aldığında styleları arasında paddingVertical ve verilen değer olmalıdır" time="0.002">
    </testcase>
    <testcase classname="Button -&gt; Common UI Test Button paddingHorizontal propertysi aldığında styleları arasında paddingHorizontal ve verilen değer olmalıdır" name="Button -&gt; Common UI Test Button paddingHorizontal propertysi aldığında styleları arasında paddingHorizontal ve verilen değer olmalıdır" time="0.005">
    </testcase>
  </testsuite>
  <testsuite name="Password Input -&gt; Custom Input" errors="0" failures="1" skipped="0" timestamp="2025-07-11T11:44:11" time="20.004" tests="10">
    <testcase classname="Password Input -&gt; Custom Input password input ilk render anında snapshot ile eşleşmeli" name="Password Input -&gt; Custom Input password input ilk render anında snapshot ile eşleşmeli" time="0.155">
    </testcase>
    <testcase classname="Password Input -&gt; Custom Input password input sadece numeric karakterleri kabul etmeli" name="Password Input -&gt; Custom Input password input sadece numeric karakterleri kabul etmeli" time="0.043">
    </testcase>
    <testcase classname="Password Input -&gt; Custom Input password input harf ve özel karakter kabul etmemeli" name="Password Input -&gt; Custom Input password input harf ve özel karakter kabul etmemeli" time="0.017">
    </testcase>
    <testcase classname="Password Input -&gt; Custom Input input ilk renderlandiginda text gorunur olmamali" name="Password Input -&gt; Custom Input input ilk renderlandiginda text gorunur olmamali" time="0.005">
    </testcase>
    <testcase classname="Password Input -&gt; Custom Input input ilk renderlandiginda sifre goster iconu gorunmeli" name="Password Input -&gt; Custom Input input ilk renderlandiginda sifre goster iconu gorunmeli" time="0.21">
      <failure>Error: expect(received).toHaveProp()

received value must be a host element.
Received has type:  object
Received has value: {&quot;_fiber&quot;: {&quot;_debugHookTypes&quot;: null, &quot;_debugInfo&quot;: null, &quot;_debugNeedsRemount&quot;: false, &quot;_debugOwner&quot;: [FiberNode], &quot;actualDuration&quot;: -0, &quot;actualStartTime&quot;: 1752234271547, &quot;alternate&quot;: null, &quot;child&quot;: [FiberNode], &quot;childLanes&quot;: 0, &quot;deletions&quot;: null, &quot;dependencies&quot;: null, &quot;elementType&quot;: [Function Icon], &quot;flags&quot;: 1, &quot;index&quot;: 0, &quot;key&quot;: null, &quot;lanes&quot;: 0, &quot;memoizedProps&quot;: [Object], &quot;memoizedState&quot;: null, &quot;mode&quot;: 1, &quot;pendingProps&quot;: [Object], &quot;ref&quot;: null, &quot;refCleanup&quot;: null, &quot;return&quot;: [FiberNode], &quot;selfBaseDuration&quot;: -0, &quot;sibling&quot;: null, &quot;stateNode&quot;: null, &quot;subtreeFlags&quot;: 1, &quot;tag&quot;: 0, &quot;treeBaseDuration&quot;: -0, &quot;type&quot;: [Function Icon], &quot;updateQueue&quot;: null}}
    at __EXTERNAL_MATCHER_TRAP__ (/Users/dogukantansuk/Projects/Tansuk/@tansuk/rott-ui/node_modules/expect/build/index.js:325:30)
    at Object.throwingMatcher [as toHaveProp] (/Users/dogukantansuk/Projects/Tansuk/@tansuk/rott-ui/node_modules/expect/build/index.js:326:15)
    at Object.&lt;anonymous&gt; (/Users/dogukantansuk/Projects/Tansuk/@tansuk/rott-ui/src/features/Input/__tests__/PasswordInput.test.tsx:56:49)
    at Promise.then.completed (/Users/dogukantansuk/Projects/Tansuk/@tansuk/rott-ui/node_modules/jest-circus/build/utils.js:298:28)
    at new Promise (&lt;anonymous&gt;)
    at callAsyncCircusFn (/Users/dogukantansuk/Projects/Tansuk/@tansuk/rott-ui/node_modules/jest-circus/build/utils.js:231:10)
    at _callCircusTest (/Users/dogukantansuk/Projects/Tansuk/@tansuk/rott-ui/node_modules/jest-circus/build/run.js:316:40)
    at _runTest (/Users/dogukantansuk/Projects/Tansuk/@tansuk/rott-ui/node_modules/jest-circus/build/run.js:252:3)
    at _runTestsForDescribeBlock (/Users/dogukantansuk/Projects/Tansuk/@tansuk/rott-ui/node_modules/jest-circus/build/run.js:126:9)
    at _runTestsForDescribeBlock (/Users/dogukantansuk/Projects/Tansuk/@tansuk/rott-ui/node_modules/jest-circus/build/run.js:121:9)
    at run (/Users/dogukantansuk/Projects/Tansuk/@tansuk/rott-ui/node_modules/jest-circus/build/run.js:71:3)
    at runAndTransformResultsToJestFormat (/Users/dogukantansuk/Projects/Tansuk/@tansuk/rott-ui/node_modules/jest-circus/build/legacy-code-todo-rewrite/jestAdapterInit.js:122:21)
    at jestAdapter (/Users/dogukantansuk/Projects/Tansuk/@tansuk/rott-ui/node_modules/jest-circus/build/legacy-code-todo-rewrite/jestAdapter.js:79:19)
    at runTestInternal (/Users/dogukantansuk/Projects/Tansuk/@tansuk/rott-ui/node_modules/jest-runner/build/runTest.js:367:16)
    at runTest (/Users/dogukantansuk/Projects/Tansuk/@tansuk/rott-ui/node_modules/jest-runner/build/runTest.js:444:34)
    at Object.worker (/Users/dogukantansuk/Projects/Tansuk/@tansuk/rott-ui/node_modules/jest-runner/build/testWorker.js:106:12)</failure>
    </testcase>
    <testcase classname="Password Input -&gt; Custom Input input ilk renderlandiginda sifre goster iconuna tiklandiginda sifre gorunur olmali" name="Password Input -&gt; Custom Input input ilk renderlandiginda sifre goster iconuna tiklandiginda sifre gorunur olmali" time="0.007">
    </testcase>
    <testcase classname="Password Input -&gt; Custom Input input sifre gorunurken sifre gizle butonuna tiklandiginda sifre gizlenmeli" name="Password Input -&gt; Custom Input input sifre gorunurken sifre gizle butonuna tiklandiginda sifre gizlenmeli" time="0.01">
    </testcase>
    <testcase classname="Password Input -&gt; Custom Input input render olduğu zaman klavye olarak number-pad ekranda görülmeli" name="Password Input -&gt; Custom Input input render olduğu zaman klavye olarak number-pad ekranda görülmeli" time="0.003">
    </testcase>
    <testcase classname="Password Input -&gt; Custom Input IOS icin yapıştırma özelliği kapatılmalı" name="Password Input -&gt; Custom Input IOS icin yapıştırma özelliği kapatılmalı" time="0.008">
    </testcase>
    <testcase classname="Password Input -&gt; Custom Input Android icin yapıştırma özelliği kapatılmalı" name="Password Input -&gt; Custom Input Android icin yapıştırma özelliği kapatılmalı" time="0.004">
    </testcase>
  </testsuite>
  <testsuite name="Input -&gt; Custom Input" errors="0" failures="9" skipped="0" timestamp="2025-07-11T11:44:11" time="20.119" tests="9">
    <testcase classname="Input -&gt; Custom Input input ilk render anında snapshot ile eşleşmeli" name="Input -&gt; Custom Input input ilk render anında snapshot ile eşleşmeli" time="0.553">
      <failure>Error: Element type is invalid: expected a string (for built-in components) or a class/function (for composite components) but got: undefined. You likely forgot to export your component from the file it&apos;s defined in, or you might have mixed up default and named imports.
    at Error (/Users/dogukantansuk/Projects/Tansuk/@tansuk/rott-ui/node_modules/react-test-renderer/cjs/react-test-renderer.development.js:11889:28)
    at createFiberFromTypeAndProps (/Users/dogukantansuk/Projects/Tansuk/@tansuk/rott-ui/node_modules/react-test-renderer/cjs/react-test-renderer.development.js:11903:14)
    at createFiberFromElement (/Users/dogukantansuk/Projects/Tansuk/@tansuk/rott-ui/node_modules/react-test-renderer/cjs/react-test-renderer.development.js:3203:31)
    at reconcileChildFibersImpl (/Users/dogukantansuk/Projects/Tansuk/@tansuk/rott-ui/node_modules/react-test-renderer/cjs/react-test-renderer.development.js:3380:33)
    at mountChildFibers (/Users/dogukantansuk/Projects/Tansuk/@tansuk/rott-ui/node_modules/react-test-renderer/cjs/react-test-renderer.development.js:5361:13)
    at reconcileChildren (/Users/dogukantansuk/Projects/Tansuk/@tansuk/rott-ui/node_modules/react-test-renderer/cjs/react-test-renderer.development.js:5649:7)
    at updateFunctionComponent (/Users/dogukantansuk/Projects/Tansuk/@tansuk/rott-ui/node_modules/react-test-renderer/cjs/react-test-renderer.development.js:5488:14)
    at updateSimpleMemoComponent (/Users/dogukantansuk/Projects/Tansuk/@tansuk/rott-ui/node_modules/react-test-renderer/cjs/react-test-renderer.development.js:5421:13)
    at updateMemoComponent (/Users/dogukantansuk/Projects/Tansuk/@tansuk/rott-ui/node_modules/react-test-renderer/cjs/react-test-renderer.development.js:7285:18)
    at callback (/Users/dogukantansuk/Projects/Tansuk/@tansuk/rott-ui/node_modules/react-test-renderer/cjs/react-test-renderer.development.js:540:16)
    at runWithFiberInDEV (/Users/dogukantansuk/Projects/Tansuk/@tansuk/rott-ui/node_modules/react-test-renderer/cjs/react-test-renderer.development.js:10925:22)
    at performUnitOfWork (/Users/dogukantansuk/Projects/Tansuk/@tansuk/rott-ui/node_modules/react-test-renderer/cjs/react-test-renderer.development.js:10763:41)
    at workLoopSync (/Users/dogukantansuk/Projects/Tansuk/@tansuk/rott-ui/node_modules/react-test-renderer/cjs/react-test-renderer.development.js:10744:11)
    at renderRootSync (/Users/dogukantansuk/Projects/Tansuk/@tansuk/rott-ui/node_modules/react-test-renderer/cjs/react-test-renderer.development.js:10299:39)
    at performWorkOnRoot (/Users/dogukantansuk/Projects/Tansuk/@tansuk/rott-ui/node_modules/react-test-renderer/cjs/react-test-renderer.development.js:1879:7)
    at flushActQueue (/Users/dogukantansuk/Projects/Tansuk/@tansuk/rott-ui/node_modules/react/cjs/react.development.js:862:34)
    at Object.&lt;anonymous&gt;.process.env.NODE_ENV.exports.act (/Users/dogukantansuk/Projects/Tansuk/@tansuk/rott-ui/node_modules/react/cjs/react.development.js:1151:10)
    at actImplementation (/Users/dogukantansuk/Projects/Tansuk/@tansuk/rott-ui/node_modules/@testing-library/react-native/src/act.ts:31:25)
    at renderWithAct (/Users/dogukantansuk/Projects/Tansuk/@tansuk/rott-ui/node_modules/@testing-library/react-native/src/render-act.ts:13:11)
    at renderInternal (/Users/dogukantansuk/Projects/Tansuk/@tansuk/rott-ui/node_modules/@testing-library/react-native/src/render.tsx:69:33)
    at renderInternal (/Users/dogukantansuk/Projects/Tansuk/@tansuk/rott-ui/node_modules/@testing-library/react-native/src/render.tsx:44:10)
    at customRender (/Users/dogukantansuk/Projects/Tansuk/@tansuk/rott-ui/src/utils/testUtils.ts:10:56)
    at Object.&lt;anonymous&gt; (/Users/dogukantansuk/Projects/Tansuk/@tansuk/rott-ui/src/features/Input/__tests__/Input.test.tsx:16:33)
    at Promise.then.completed (/Users/dogukantansuk/Projects/Tansuk/@tansuk/rott-ui/node_modules/jest-circus/build/utils.js:298:28)
    at new Promise (&lt;anonymous&gt;)
    at callAsyncCircusFn (/Users/dogukantansuk/Projects/Tansuk/@tansuk/rott-ui/node_modules/jest-circus/build/utils.js:231:10)
    at _callCircusTest (/Users/dogukantansuk/Projects/Tansuk/@tansuk/rott-ui/node_modules/jest-circus/build/run.js:316:40)
    at processTicksAndRejections (node:internal/process/task_queues:105:5)
    at _runTest (/Users/dogukantansuk/Projects/Tansuk/@tansuk/rott-ui/node_modules/jest-circus/build/run.js:252:3)
    at _runTestsForDescribeBlock (/Users/dogukantansuk/Projects/Tansuk/@tansuk/rott-ui/node_modules/jest-circus/build/run.js:126:9)
    at _runTestsForDescribeBlock (/Users/dogukantansuk/Projects/Tansuk/@tansuk/rott-ui/node_modules/jest-circus/build/run.js:121:9)
    at run (/Users/dogukantansuk/Projects/Tansuk/@tansuk/rott-ui/node_modules/jest-circus/build/run.js:71:3)
    at runAndTransformResultsToJestFormat (/Users/dogukantansuk/Projects/Tansuk/@tansuk/rott-ui/node_modules/jest-circus/build/legacy-code-todo-rewrite/jestAdapterInit.js:122:21)
    at jestAdapter (/Users/dogukantansuk/Projects/Tansuk/@tansuk/rott-ui/node_modules/jest-circus/build/legacy-code-todo-rewrite/jestAdapter.js:79:19)
    at runTestInternal (/Users/dogukantansuk/Projects/Tansuk/@tansuk/rott-ui/node_modules/jest-runner/build/runTest.js:367:16)
    at runTest (/Users/dogukantansuk/Projects/Tansuk/@tansuk/rott-ui/node_modules/jest-runner/build/runTest.js:444:34)
    at Object.worker (/Users/dogukantansuk/Projects/Tansuk/@tansuk/rott-ui/node_modules/jest-runner/build/testWorker.js:106:12)</failure>
    </testcase>
    <testcase classname="Input -&gt; Custom Input input ile renderlanan label verilen text uppercase olarak ekranda görünmeli" name="Input -&gt; Custom Input input ile renderlanan label verilen text uppercase olarak ekranda görünmeli" time="0.006">
      <failure>Error: Element type is invalid: expected a string (for built-in components) or a class/function (for composite components) but got: undefined. You likely forgot to export your component from the file it&apos;s defined in, or you might have mixed up default and named imports.
    at Error (/Users/dogukantansuk/Projects/Tansuk/@tansuk/rott-ui/node_modules/react-test-renderer/cjs/react-test-renderer.development.js:11889:28)
    at createFiberFromTypeAndProps (/Users/dogukantansuk/Projects/Tansuk/@tansuk/rott-ui/node_modules/react-test-renderer/cjs/react-test-renderer.development.js:11903:14)
    at createFiberFromElement (/Users/dogukantansuk/Projects/Tansuk/@tansuk/rott-ui/node_modules/react-test-renderer/cjs/react-test-renderer.development.js:3203:31)
    at reconcileChildFibersImpl (/Users/dogukantansuk/Projects/Tansuk/@tansuk/rott-ui/node_modules/react-test-renderer/cjs/react-test-renderer.development.js:3380:33)
    at mountChildFibers (/Users/dogukantansuk/Projects/Tansuk/@tansuk/rott-ui/node_modules/react-test-renderer/cjs/react-test-renderer.development.js:5361:13)
    at reconcileChildren (/Users/dogukantansuk/Projects/Tansuk/@tansuk/rott-ui/node_modules/react-test-renderer/cjs/react-test-renderer.development.js:5649:7)
    at updateFunctionComponent (/Users/dogukantansuk/Projects/Tansuk/@tansuk/rott-ui/node_modules/react-test-renderer/cjs/react-test-renderer.development.js:5488:14)
    at updateSimpleMemoComponent (/Users/dogukantansuk/Projects/Tansuk/@tansuk/rott-ui/node_modules/react-test-renderer/cjs/react-test-renderer.development.js:5421:13)
    at updateMemoComponent (/Users/dogukantansuk/Projects/Tansuk/@tansuk/rott-ui/node_modules/react-test-renderer/cjs/react-test-renderer.development.js:7285:18)
    at callback (/Users/dogukantansuk/Projects/Tansuk/@tansuk/rott-ui/node_modules/react-test-renderer/cjs/react-test-renderer.development.js:540:16)
    at runWithFiberInDEV (/Users/dogukantansuk/Projects/Tansuk/@tansuk/rott-ui/node_modules/react-test-renderer/cjs/react-test-renderer.development.js:10925:22)
    at performUnitOfWork (/Users/dogukantansuk/Projects/Tansuk/@tansuk/rott-ui/node_modules/react-test-renderer/cjs/react-test-renderer.development.js:10763:41)
    at workLoopSync (/Users/dogukantansuk/Projects/Tansuk/@tansuk/rott-ui/node_modules/react-test-renderer/cjs/react-test-renderer.development.js:10744:11)
    at renderRootSync (/Users/dogukantansuk/Projects/Tansuk/@tansuk/rott-ui/node_modules/react-test-renderer/cjs/react-test-renderer.development.js:10299:39)
    at performWorkOnRoot (/Users/dogukantansuk/Projects/Tansuk/@tansuk/rott-ui/node_modules/react-test-renderer/cjs/react-test-renderer.development.js:1879:7)
    at flushActQueue (/Users/dogukantansuk/Projects/Tansuk/@tansuk/rott-ui/node_modules/react/cjs/react.development.js:862:34)
    at Object.&lt;anonymous&gt;.process.env.NODE_ENV.exports.act (/Users/dogukantansuk/Projects/Tansuk/@tansuk/rott-ui/node_modules/react/cjs/react.development.js:1151:10)
    at actImplementation (/Users/dogukantansuk/Projects/Tansuk/@tansuk/rott-ui/node_modules/@testing-library/react-native/src/act.ts:31:25)
    at renderWithAct (/Users/dogukantansuk/Projects/Tansuk/@tansuk/rott-ui/node_modules/@testing-library/react-native/src/render-act.ts:13:11)
    at renderInternal (/Users/dogukantansuk/Projects/Tansuk/@tansuk/rott-ui/node_modules/@testing-library/react-native/src/render.tsx:69:33)
    at renderInternal (/Users/dogukantansuk/Projects/Tansuk/@tansuk/rott-ui/node_modules/@testing-library/react-native/src/render.tsx:44:10)
    at customRender (/Users/dogukantansuk/Projects/Tansuk/@tansuk/rott-ui/src/utils/testUtils.ts:10:56)
    at Object.&lt;anonymous&gt; (/Users/dogukantansuk/Projects/Tansuk/@tansuk/rott-ui/src/features/Input/__tests__/Input.test.tsx:24:31)
    at Promise.then.completed (/Users/dogukantansuk/Projects/Tansuk/@tansuk/rott-ui/node_modules/jest-circus/build/utils.js:298:28)
    at new Promise (&lt;anonymous&gt;)
    at callAsyncCircusFn (/Users/dogukantansuk/Projects/Tansuk/@tansuk/rott-ui/node_modules/jest-circus/build/utils.js:231:10)
    at _callCircusTest (/Users/dogukantansuk/Projects/Tansuk/@tansuk/rott-ui/node_modules/jest-circus/build/run.js:316:40)
    at _runTest (/Users/dogukantansuk/Projects/Tansuk/@tansuk/rott-ui/node_modules/jest-circus/build/run.js:252:3)
    at _runTestsForDescribeBlock (/Users/dogukantansuk/Projects/Tansuk/@tansuk/rott-ui/node_modules/jest-circus/build/run.js:126:9)
    at _runTestsForDescribeBlock (/Users/dogukantansuk/Projects/Tansuk/@tansuk/rott-ui/node_modules/jest-circus/build/run.js:121:9)
    at run (/Users/dogukantansuk/Projects/Tansuk/@tansuk/rott-ui/node_modules/jest-circus/build/run.js:71:3)
    at runAndTransformResultsToJestFormat (/Users/dogukantansuk/Projects/Tansuk/@tansuk/rott-ui/node_modules/jest-circus/build/legacy-code-todo-rewrite/jestAdapterInit.js:122:21)
    at jestAdapter (/Users/dogukantansuk/Projects/Tansuk/@tansuk/rott-ui/node_modules/jest-circus/build/legacy-code-todo-rewrite/jestAdapter.js:79:19)
    at runTestInternal (/Users/dogukantansuk/Projects/Tansuk/@tansuk/rott-ui/node_modules/jest-runner/build/runTest.js:367:16)
    at runTest (/Users/dogukantansuk/Projects/Tansuk/@tansuk/rott-ui/node_modules/jest-runner/build/runTest.js:444:34)
    at Object.worker (/Users/dogukantansuk/Projects/Tansuk/@tansuk/rott-ui/node_modules/jest-runner/build/testWorker.js:106:12)</failure>
    </testcase>
    <testcase classname="Input -&gt; Custom Input input ile renderlanan label text verilmediğinde ekranda görünmemeli" name="Input -&gt; Custom Input input ile renderlanan label text verilmediğinde ekranda görünmemeli" time="0.004">
      <failure>Error: Element type is invalid: expected a string (for built-in components) or a class/function (for composite components) but got: undefined. You likely forgot to export your component from the file it&apos;s defined in, or you might have mixed up default and named imports.
    at Error (/Users/dogukantansuk/Projects/Tansuk/@tansuk/rott-ui/node_modules/react-test-renderer/cjs/react-test-renderer.development.js:11889:28)
    at createFiberFromTypeAndProps (/Users/dogukantansuk/Projects/Tansuk/@tansuk/rott-ui/node_modules/react-test-renderer/cjs/react-test-renderer.development.js:11903:14)
    at createFiberFromElement (/Users/dogukantansuk/Projects/Tansuk/@tansuk/rott-ui/node_modules/react-test-renderer/cjs/react-test-renderer.development.js:3203:31)
    at reconcileChildFibersImpl (/Users/dogukantansuk/Projects/Tansuk/@tansuk/rott-ui/node_modules/react-test-renderer/cjs/react-test-renderer.development.js:3380:33)
    at mountChildFibers (/Users/dogukantansuk/Projects/Tansuk/@tansuk/rott-ui/node_modules/react-test-renderer/cjs/react-test-renderer.development.js:5361:13)
    at reconcileChildren (/Users/dogukantansuk/Projects/Tansuk/@tansuk/rott-ui/node_modules/react-test-renderer/cjs/react-test-renderer.development.js:5649:7)
    at updateFunctionComponent (/Users/dogukantansuk/Projects/Tansuk/@tansuk/rott-ui/node_modules/react-test-renderer/cjs/react-test-renderer.development.js:5488:14)
    at updateSimpleMemoComponent (/Users/dogukantansuk/Projects/Tansuk/@tansuk/rott-ui/node_modules/react-test-renderer/cjs/react-test-renderer.development.js:5421:13)
    at updateMemoComponent (/Users/dogukantansuk/Projects/Tansuk/@tansuk/rott-ui/node_modules/react-test-renderer/cjs/react-test-renderer.development.js:7285:18)
    at callback (/Users/dogukantansuk/Projects/Tansuk/@tansuk/rott-ui/node_modules/react-test-renderer/cjs/react-test-renderer.development.js:540:16)
    at runWithFiberInDEV (/Users/dogukantansuk/Projects/Tansuk/@tansuk/rott-ui/node_modules/react-test-renderer/cjs/react-test-renderer.development.js:10925:22)
    at performUnitOfWork (/Users/dogukantansuk/Projects/Tansuk/@tansuk/rott-ui/node_modules/react-test-renderer/cjs/react-test-renderer.development.js:10763:41)
    at workLoopSync (/Users/dogukantansuk/Projects/Tansuk/@tansuk/rott-ui/node_modules/react-test-renderer/cjs/react-test-renderer.development.js:10744:11)
    at renderRootSync (/Users/dogukantansuk/Projects/Tansuk/@tansuk/rott-ui/node_modules/react-test-renderer/cjs/react-test-renderer.development.js:10299:39)
    at performWorkOnRoot (/Users/dogukantansuk/Projects/Tansuk/@tansuk/rott-ui/node_modules/react-test-renderer/cjs/react-test-renderer.development.js:1879:7)
    at flushActQueue (/Users/dogukantansuk/Projects/Tansuk/@tansuk/rott-ui/node_modules/react/cjs/react.development.js:862:34)
    at Object.&lt;anonymous&gt;.process.env.NODE_ENV.exports.act (/Users/dogukantansuk/Projects/Tansuk/@tansuk/rott-ui/node_modules/react/cjs/react.development.js:1151:10)
    at actImplementation (/Users/dogukantansuk/Projects/Tansuk/@tansuk/rott-ui/node_modules/@testing-library/react-native/src/act.ts:31:25)
    at renderWithAct (/Users/dogukantansuk/Projects/Tansuk/@tansuk/rott-ui/node_modules/@testing-library/react-native/src/render-act.ts:13:11)
    at renderInternal (/Users/dogukantansuk/Projects/Tansuk/@tansuk/rott-ui/node_modules/@testing-library/react-native/src/render.tsx:69:33)
    at renderInternal (/Users/dogukantansuk/Projects/Tansuk/@tansuk/rott-ui/node_modules/@testing-library/react-native/src/render.tsx:44:10)
    at customRender (/Users/dogukantansuk/Projects/Tansuk/@tansuk/rott-ui/src/utils/testUtils.ts:10:56)
    at Object.&lt;anonymous&gt; (/Users/dogukantansuk/Projects/Tansuk/@tansuk/rott-ui/src/features/Input/__tests__/Input.test.tsx:32:35)
    at Promise.then.completed (/Users/dogukantansuk/Projects/Tansuk/@tansuk/rott-ui/node_modules/jest-circus/build/utils.js:298:28)
    at new Promise (&lt;anonymous&gt;)
    at callAsyncCircusFn (/Users/dogukantansuk/Projects/Tansuk/@tansuk/rott-ui/node_modules/jest-circus/build/utils.js:231:10)
    at _callCircusTest (/Users/dogukantansuk/Projects/Tansuk/@tansuk/rott-ui/node_modules/jest-circus/build/run.js:316:40)
    at _runTest (/Users/dogukantansuk/Projects/Tansuk/@tansuk/rott-ui/node_modules/jest-circus/build/run.js:252:3)
    at _runTestsForDescribeBlock (/Users/dogukantansuk/Projects/Tansuk/@tansuk/rott-ui/node_modules/jest-circus/build/run.js:126:9)
    at _runTestsForDescribeBlock (/Users/dogukantansuk/Projects/Tansuk/@tansuk/rott-ui/node_modules/jest-circus/build/run.js:121:9)
    at run (/Users/dogukantansuk/Projects/Tansuk/@tansuk/rott-ui/node_modules/jest-circus/build/run.js:71:3)
    at runAndTransformResultsToJestFormat (/Users/dogukantansuk/Projects/Tansuk/@tansuk/rott-ui/node_modules/jest-circus/build/legacy-code-todo-rewrite/jestAdapterInit.js:122:21)
    at jestAdapter (/Users/dogukantansuk/Projects/Tansuk/@tansuk/rott-ui/node_modules/jest-circus/build/legacy-code-todo-rewrite/jestAdapter.js:79:19)
    at runTestInternal (/Users/dogukantansuk/Projects/Tansuk/@tansuk/rott-ui/node_modules/jest-runner/build/runTest.js:367:16)
    at runTest (/Users/dogukantansuk/Projects/Tansuk/@tansuk/rott-ui/node_modules/jest-runner/build/runTest.js:444:34)
    at Object.worker (/Users/dogukantansuk/Projects/Tansuk/@tansuk/rott-ui/node_modules/jest-runner/build/testWorker.js:106:12)</failure>
    </testcase>
    <testcase classname="Input -&gt; Custom Input kullanıcı verilen placeholder değerini ekranda görmeli" name="Input -&gt; Custom Input kullanıcı verilen placeholder değerini ekranda görmeli" time="0.001">
      <failure>Error: Element type is invalid: expected a string (for built-in components) or a class/function (for composite components) but got: undefined. You likely forgot to export your component from the file it&apos;s defined in, or you might have mixed up default and named imports.
    at Error (/Users/dogukantansuk/Projects/Tansuk/@tansuk/rott-ui/node_modules/react-test-renderer/cjs/react-test-renderer.development.js:11889:28)
    at createFiberFromTypeAndProps (/Users/dogukantansuk/Projects/Tansuk/@tansuk/rott-ui/node_modules/react-test-renderer/cjs/react-test-renderer.development.js:11903:14)
    at createFiberFromElement (/Users/dogukantansuk/Projects/Tansuk/@tansuk/rott-ui/node_modules/react-test-renderer/cjs/react-test-renderer.development.js:3203:31)
    at reconcileChildFibersImpl (/Users/dogukantansuk/Projects/Tansuk/@tansuk/rott-ui/node_modules/react-test-renderer/cjs/react-test-renderer.development.js:3380:33)
    at mountChildFibers (/Users/dogukantansuk/Projects/Tansuk/@tansuk/rott-ui/node_modules/react-test-renderer/cjs/react-test-renderer.development.js:5361:13)
    at reconcileChildren (/Users/dogukantansuk/Projects/Tansuk/@tansuk/rott-ui/node_modules/react-test-renderer/cjs/react-test-renderer.development.js:5649:7)
    at updateFunctionComponent (/Users/dogukantansuk/Projects/Tansuk/@tansuk/rott-ui/node_modules/react-test-renderer/cjs/react-test-renderer.development.js:5488:14)
    at updateSimpleMemoComponent (/Users/dogukantansuk/Projects/Tansuk/@tansuk/rott-ui/node_modules/react-test-renderer/cjs/react-test-renderer.development.js:5421:13)
    at updateMemoComponent (/Users/dogukantansuk/Projects/Tansuk/@tansuk/rott-ui/node_modules/react-test-renderer/cjs/react-test-renderer.development.js:7285:18)
    at callback (/Users/dogukantansuk/Projects/Tansuk/@tansuk/rott-ui/node_modules/react-test-renderer/cjs/react-test-renderer.development.js:540:16)
    at runWithFiberInDEV (/Users/dogukantansuk/Projects/Tansuk/@tansuk/rott-ui/node_modules/react-test-renderer/cjs/react-test-renderer.development.js:10925:22)
    at performUnitOfWork (/Users/dogukantansuk/Projects/Tansuk/@tansuk/rott-ui/node_modules/react-test-renderer/cjs/react-test-renderer.development.js:10763:41)
    at workLoopSync (/Users/dogukantansuk/Projects/Tansuk/@tansuk/rott-ui/node_modules/react-test-renderer/cjs/react-test-renderer.development.js:10744:11)
    at renderRootSync (/Users/dogukantansuk/Projects/Tansuk/@tansuk/rott-ui/node_modules/react-test-renderer/cjs/react-test-renderer.development.js:10299:39)
    at performWorkOnRoot (/Users/dogukantansuk/Projects/Tansuk/@tansuk/rott-ui/node_modules/react-test-renderer/cjs/react-test-renderer.development.js:1879:7)
    at flushActQueue (/Users/dogukantansuk/Projects/Tansuk/@tansuk/rott-ui/node_modules/react/cjs/react.development.js:862:34)
    at Object.&lt;anonymous&gt;.process.env.NODE_ENV.exports.act (/Users/dogukantansuk/Projects/Tansuk/@tansuk/rott-ui/node_modules/react/cjs/react.development.js:1151:10)
    at actImplementation (/Users/dogukantansuk/Projects/Tansuk/@tansuk/rott-ui/node_modules/@testing-library/react-native/src/act.ts:31:25)
    at renderWithAct (/Users/dogukantansuk/Projects/Tansuk/@tansuk/rott-ui/node_modules/@testing-library/react-native/src/render-act.ts:13:11)
    at renderInternal (/Users/dogukantansuk/Projects/Tansuk/@tansuk/rott-ui/node_modules/@testing-library/react-native/src/render.tsx:69:33)
    at renderInternal (/Users/dogukantansuk/Projects/Tansuk/@tansuk/rott-ui/node_modules/@testing-library/react-native/src/render.tsx:44:10)
    at customRender (/Users/dogukantansuk/Projects/Tansuk/@tansuk/rott-ui/src/utils/testUtils.ts:10:56)
    at Object.&lt;anonymous&gt; (/Users/dogukantansuk/Projects/Tansuk/@tansuk/rott-ui/src/features/Input/__tests__/Input.test.tsx:40:33)
    at Promise.then.completed (/Users/dogukantansuk/Projects/Tansuk/@tansuk/rott-ui/node_modules/jest-circus/build/utils.js:298:28)
    at new Promise (&lt;anonymous&gt;)
    at callAsyncCircusFn (/Users/dogukantansuk/Projects/Tansuk/@tansuk/rott-ui/node_modules/jest-circus/build/utils.js:231:10)
    at _callCircusTest (/Users/dogukantansuk/Projects/Tansuk/@tansuk/rott-ui/node_modules/jest-circus/build/run.js:316:40)
    at _runTest (/Users/dogukantansuk/Projects/Tansuk/@tansuk/rott-ui/node_modules/jest-circus/build/run.js:252:3)
    at _runTestsForDescribeBlock (/Users/dogukantansuk/Projects/Tansuk/@tansuk/rott-ui/node_modules/jest-circus/build/run.js:126:9)
    at _runTestsForDescribeBlock (/Users/dogukantansuk/Projects/Tansuk/@tansuk/rott-ui/node_modules/jest-circus/build/run.js:121:9)
    at run (/Users/dogukantansuk/Projects/Tansuk/@tansuk/rott-ui/node_modules/jest-circus/build/run.js:71:3)
    at runAndTransformResultsToJestFormat (/Users/dogukantansuk/Projects/Tansuk/@tansuk/rott-ui/node_modules/jest-circus/build/legacy-code-todo-rewrite/jestAdapterInit.js:122:21)
    at jestAdapter (/Users/dogukantansuk/Projects/Tansuk/@tansuk/rott-ui/node_modules/jest-circus/build/legacy-code-todo-rewrite/jestAdapter.js:79:19)
    at runTestInternal (/Users/dogukantansuk/Projects/Tansuk/@tansuk/rott-ui/node_modules/jest-runner/build/runTest.js:367:16)
    at runTest (/Users/dogukantansuk/Projects/Tansuk/@tansuk/rott-ui/node_modules/jest-runner/build/runTest.js:444:34)
    at Object.worker (/Users/dogukantansuk/Projects/Tansuk/@tansuk/rott-ui/node_modules/jest-runner/build/testWorker.js:106:12)</failure>
    </testcase>
    <testcase classname="Input -&gt; Custom Input kullanıcı placeholder verilmezse default olarak title ile aynı değeri görmeli" name="Input -&gt; Custom Input kullanıcı placeholder verilmezse default olarak title ile aynı değeri görmeli" time="0.004">
      <failure>Error: Element type is invalid: expected a string (for built-in components) or a class/function (for composite components) but got: undefined. You likely forgot to export your component from the file it&apos;s defined in, or you might have mixed up default and named imports.
    at Error (/Users/dogukantansuk/Projects/Tansuk/@tansuk/rott-ui/node_modules/react-test-renderer/cjs/react-test-renderer.development.js:11889:28)
    at createFiberFromTypeAndProps (/Users/dogukantansuk/Projects/Tansuk/@tansuk/rott-ui/node_modules/react-test-renderer/cjs/react-test-renderer.development.js:11903:14)
    at createFiberFromElement (/Users/dogukantansuk/Projects/Tansuk/@tansuk/rott-ui/node_modules/react-test-renderer/cjs/react-test-renderer.development.js:3203:31)
    at reconcileChildFibersImpl (/Users/dogukantansuk/Projects/Tansuk/@tansuk/rott-ui/node_modules/react-test-renderer/cjs/react-test-renderer.development.js:3380:33)
    at mountChildFibers (/Users/dogukantansuk/Projects/Tansuk/@tansuk/rott-ui/node_modules/react-test-renderer/cjs/react-test-renderer.development.js:5361:13)
    at reconcileChildren (/Users/dogukantansuk/Projects/Tansuk/@tansuk/rott-ui/node_modules/react-test-renderer/cjs/react-test-renderer.development.js:5649:7)
    at updateFunctionComponent (/Users/dogukantansuk/Projects/Tansuk/@tansuk/rott-ui/node_modules/react-test-renderer/cjs/react-test-renderer.development.js:5488:14)
    at updateSimpleMemoComponent (/Users/dogukantansuk/Projects/Tansuk/@tansuk/rott-ui/node_modules/react-test-renderer/cjs/react-test-renderer.development.js:5421:13)
    at updateMemoComponent (/Users/dogukantansuk/Projects/Tansuk/@tansuk/rott-ui/node_modules/react-test-renderer/cjs/react-test-renderer.development.js:7285:18)
    at callback (/Users/dogukantansuk/Projects/Tansuk/@tansuk/rott-ui/node_modules/react-test-renderer/cjs/react-test-renderer.development.js:540:16)
    at runWithFiberInDEV (/Users/dogukantansuk/Projects/Tansuk/@tansuk/rott-ui/node_modules/react-test-renderer/cjs/react-test-renderer.development.js:10925:22)
    at performUnitOfWork (/Users/dogukantansuk/Projects/Tansuk/@tansuk/rott-ui/node_modules/react-test-renderer/cjs/react-test-renderer.development.js:10763:41)
    at workLoopSync (/Users/dogukantansuk/Projects/Tansuk/@tansuk/rott-ui/node_modules/react-test-renderer/cjs/react-test-renderer.development.js:10744:11)
    at renderRootSync (/Users/dogukantansuk/Projects/Tansuk/@tansuk/rott-ui/node_modules/react-test-renderer/cjs/react-test-renderer.development.js:10299:39)
    at performWorkOnRoot (/Users/dogukantansuk/Projects/Tansuk/@tansuk/rott-ui/node_modules/react-test-renderer/cjs/react-test-renderer.development.js:1879:7)
    at flushActQueue (/Users/dogukantansuk/Projects/Tansuk/@tansuk/rott-ui/node_modules/react/cjs/react.development.js:862:34)
    at Object.&lt;anonymous&gt;.process.env.NODE_ENV.exports.act (/Users/dogukantansuk/Projects/Tansuk/@tansuk/rott-ui/node_modules/react/cjs/react.development.js:1151:10)
    at actImplementation (/Users/dogukantansuk/Projects/Tansuk/@tansuk/rott-ui/node_modules/@testing-library/react-native/src/act.ts:31:25)
    at renderWithAct (/Users/dogukantansuk/Projects/Tansuk/@tansuk/rott-ui/node_modules/@testing-library/react-native/src/render-act.ts:13:11)
    at renderInternal (/Users/dogukantansuk/Projects/Tansuk/@tansuk/rott-ui/node_modules/@testing-library/react-native/src/render.tsx:69:33)
    at renderInternal (/Users/dogukantansuk/Projects/Tansuk/@tansuk/rott-ui/node_modules/@testing-library/react-native/src/render.tsx:44:10)
    at customRender (/Users/dogukantansuk/Projects/Tansuk/@tansuk/rott-ui/src/utils/testUtils.ts:10:56)
    at Object.&lt;anonymous&gt; (/Users/dogukantansuk/Projects/Tansuk/@tansuk/rott-ui/src/features/Input/__tests__/Input.test.tsx:50:33)
    at Promise.then.completed (/Users/dogukantansuk/Projects/Tansuk/@tansuk/rott-ui/node_modules/jest-circus/build/utils.js:298:28)
    at new Promise (&lt;anonymous&gt;)
    at callAsyncCircusFn (/Users/dogukantansuk/Projects/Tansuk/@tansuk/rott-ui/node_modules/jest-circus/build/utils.js:231:10)
    at _callCircusTest (/Users/dogukantansuk/Projects/Tansuk/@tansuk/rott-ui/node_modules/jest-circus/build/run.js:316:40)
    at _runTest (/Users/dogukantansuk/Projects/Tansuk/@tansuk/rott-ui/node_modules/jest-circus/build/run.js:252:3)
    at _runTestsForDescribeBlock (/Users/dogukantansuk/Projects/Tansuk/@tansuk/rott-ui/node_modules/jest-circus/build/run.js:126:9)
    at _runTestsForDescribeBlock (/Users/dogukantansuk/Projects/Tansuk/@tansuk/rott-ui/node_modules/jest-circus/build/run.js:121:9)
    at run (/Users/dogukantansuk/Projects/Tansuk/@tansuk/rott-ui/node_modules/jest-circus/build/run.js:71:3)
    at runAndTransformResultsToJestFormat (/Users/dogukantansuk/Projects/Tansuk/@tansuk/rott-ui/node_modules/jest-circus/build/legacy-code-todo-rewrite/jestAdapterInit.js:122:21)
    at jestAdapter (/Users/dogukantansuk/Projects/Tansuk/@tansuk/rott-ui/node_modules/jest-circus/build/legacy-code-todo-rewrite/jestAdapter.js:79:19)
    at runTestInternal (/Users/dogukantansuk/Projects/Tansuk/@tansuk/rott-ui/node_modules/jest-runner/build/runTest.js:367:16)
    at runTest (/Users/dogukantansuk/Projects/Tansuk/@tansuk/rott-ui/node_modules/jest-runner/build/runTest.js:444:34)
    at Object.worker (/Users/dogukantansuk/Projects/Tansuk/@tansuk/rott-ui/node_modules/jest-runner/build/testWorker.js:106:12)</failure>
    </testcase>
    <testcase classname="Input -&gt; Custom Input verilen input type ekranda doğru şekilde render edilmeli" name="Input -&gt; Custom Input verilen input type ekranda doğru şekilde render edilmeli" time="0.008">
      <failure>Error: Element type is invalid: expected a string (for built-in components) or a class/function (for composite components) but got: undefined. You likely forgot to export your component from the file it&apos;s defined in, or you might have mixed up default and named imports.
    at Error (/Users/dogukantansuk/Projects/Tansuk/@tansuk/rott-ui/node_modules/react-test-renderer/cjs/react-test-renderer.development.js:11889:28)
    at createFiberFromTypeAndProps (/Users/dogukantansuk/Projects/Tansuk/@tansuk/rott-ui/node_modules/react-test-renderer/cjs/react-test-renderer.development.js:11903:14)
    at createFiberFromElement (/Users/dogukantansuk/Projects/Tansuk/@tansuk/rott-ui/node_modules/react-test-renderer/cjs/react-test-renderer.development.js:3203:31)
    at reconcileChildFibersImpl (/Users/dogukantansuk/Projects/Tansuk/@tansuk/rott-ui/node_modules/react-test-renderer/cjs/react-test-renderer.development.js:3380:33)
    at mountChildFibers (/Users/dogukantansuk/Projects/Tansuk/@tansuk/rott-ui/node_modules/react-test-renderer/cjs/react-test-renderer.development.js:5361:13)
    at reconcileChildren (/Users/dogukantansuk/Projects/Tansuk/@tansuk/rott-ui/node_modules/react-test-renderer/cjs/react-test-renderer.development.js:5649:7)
    at updateFunctionComponent (/Users/dogukantansuk/Projects/Tansuk/@tansuk/rott-ui/node_modules/react-test-renderer/cjs/react-test-renderer.development.js:5488:14)
    at updateSimpleMemoComponent (/Users/dogukantansuk/Projects/Tansuk/@tansuk/rott-ui/node_modules/react-test-renderer/cjs/react-test-renderer.development.js:5421:13)
    at updateMemoComponent (/Users/dogukantansuk/Projects/Tansuk/@tansuk/rott-ui/node_modules/react-test-renderer/cjs/react-test-renderer.development.js:7285:18)
    at callback (/Users/dogukantansuk/Projects/Tansuk/@tansuk/rott-ui/node_modules/react-test-renderer/cjs/react-test-renderer.development.js:540:16)
    at runWithFiberInDEV (/Users/dogukantansuk/Projects/Tansuk/@tansuk/rott-ui/node_modules/react-test-renderer/cjs/react-test-renderer.development.js:10925:22)
    at performUnitOfWork (/Users/dogukantansuk/Projects/Tansuk/@tansuk/rott-ui/node_modules/react-test-renderer/cjs/react-test-renderer.development.js:10763:41)
    at workLoopSync (/Users/dogukantansuk/Projects/Tansuk/@tansuk/rott-ui/node_modules/react-test-renderer/cjs/react-test-renderer.development.js:10744:11)
    at renderRootSync (/Users/dogukantansuk/Projects/Tansuk/@tansuk/rott-ui/node_modules/react-test-renderer/cjs/react-test-renderer.development.js:10299:39)
    at performWorkOnRoot (/Users/dogukantansuk/Projects/Tansuk/@tansuk/rott-ui/node_modules/react-test-renderer/cjs/react-test-renderer.development.js:1879:7)
    at flushActQueue (/Users/dogukantansuk/Projects/Tansuk/@tansuk/rott-ui/node_modules/react/cjs/react.development.js:862:34)
    at Object.&lt;anonymous&gt;.process.env.NODE_ENV.exports.act (/Users/dogukantansuk/Projects/Tansuk/@tansuk/rott-ui/node_modules/react/cjs/react.development.js:1151:10)
    at actImplementation (/Users/dogukantansuk/Projects/Tansuk/@tansuk/rott-ui/node_modules/@testing-library/react-native/src/act.ts:31:25)
    at renderWithAct (/Users/dogukantansuk/Projects/Tansuk/@tansuk/rott-ui/node_modules/@testing-library/react-native/src/render-act.ts:13:11)
    at renderInternal (/Users/dogukantansuk/Projects/Tansuk/@tansuk/rott-ui/node_modules/@testing-library/react-native/src/render.tsx:69:33)
    at renderInternal (/Users/dogukantansuk/Projects/Tansuk/@tansuk/rott-ui/node_modules/@testing-library/react-native/src/render.tsx:44:10)
    at customRender (/Users/dogukantansuk/Projects/Tansuk/@tansuk/rott-ui/src/utils/testUtils.ts:10:56)
    at Object.&lt;anonymous&gt; (/Users/dogukantansuk/Projects/Tansuk/@tansuk/rott-ui/src/features/Input/__tests__/Input.test.tsx:65:43)
    at Promise.then.completed (/Users/dogukantansuk/Projects/Tansuk/@tansuk/rott-ui/node_modules/jest-circus/build/utils.js:298:28)
    at new Promise (&lt;anonymous&gt;)
    at callAsyncCircusFn (/Users/dogukantansuk/Projects/Tansuk/@tansuk/rott-ui/node_modules/jest-circus/build/utils.js:231:10)
    at _callCircusTest (/Users/dogukantansuk/Projects/Tansuk/@tansuk/rott-ui/node_modules/jest-circus/build/run.js:316:40)
    at _runTest (/Users/dogukantansuk/Projects/Tansuk/@tansuk/rott-ui/node_modules/jest-circus/build/run.js:252:3)
    at _runTestsForDescribeBlock (/Users/dogukantansuk/Projects/Tansuk/@tansuk/rott-ui/node_modules/jest-circus/build/run.js:126:9)
    at _runTestsForDescribeBlock (/Users/dogukantansuk/Projects/Tansuk/@tansuk/rott-ui/node_modules/jest-circus/build/run.js:121:9)
    at run (/Users/dogukantansuk/Projects/Tansuk/@tansuk/rott-ui/node_modules/jest-circus/build/run.js:71:3)
    at runAndTransformResultsToJestFormat (/Users/dogukantansuk/Projects/Tansuk/@tansuk/rott-ui/node_modules/jest-circus/build/legacy-code-todo-rewrite/jestAdapterInit.js:122:21)
    at jestAdapter (/Users/dogukantansuk/Projects/Tansuk/@tansuk/rott-ui/node_modules/jest-circus/build/legacy-code-todo-rewrite/jestAdapter.js:79:19)
    at runTestInternal (/Users/dogukantansuk/Projects/Tansuk/@tansuk/rott-ui/node_modules/jest-runner/build/runTest.js:367:16)
    at runTest (/Users/dogukantansuk/Projects/Tansuk/@tansuk/rott-ui/node_modules/jest-runner/build/runTest.js:444:34)
    at Object.worker (/Users/dogukantansuk/Projects/Tansuk/@tansuk/rott-ui/node_modules/jest-runner/build/testWorker.js:106:12)</failure>
    </testcase>
    <testcase classname="Input -&gt; Custom Input label description belirtilmis ise ekranda olmali" name="Input -&gt; Custom Input label description belirtilmis ise ekranda olmali" time="0.002">
      <failure>Error: Element type is invalid: expected a string (for built-in components) or a class/function (for composite components) but got: undefined. You likely forgot to export your component from the file it&apos;s defined in, or you might have mixed up default and named imports.
    at Error (/Users/dogukantansuk/Projects/Tansuk/@tansuk/rott-ui/node_modules/react-test-renderer/cjs/react-test-renderer.development.js:11889:28)
    at createFiberFromTypeAndProps (/Users/dogukantansuk/Projects/Tansuk/@tansuk/rott-ui/node_modules/react-test-renderer/cjs/react-test-renderer.development.js:11903:14)
    at createFiberFromElement (/Users/dogukantansuk/Projects/Tansuk/@tansuk/rott-ui/node_modules/react-test-renderer/cjs/react-test-renderer.development.js:3203:31)
    at reconcileChildFibersImpl (/Users/dogukantansuk/Projects/Tansuk/@tansuk/rott-ui/node_modules/react-test-renderer/cjs/react-test-renderer.development.js:3380:33)
    at mountChildFibers (/Users/dogukantansuk/Projects/Tansuk/@tansuk/rott-ui/node_modules/react-test-renderer/cjs/react-test-renderer.development.js:5361:13)
    at reconcileChildren (/Users/dogukantansuk/Projects/Tansuk/@tansuk/rott-ui/node_modules/react-test-renderer/cjs/react-test-renderer.development.js:5649:7)
    at updateFunctionComponent (/Users/dogukantansuk/Projects/Tansuk/@tansuk/rott-ui/node_modules/react-test-renderer/cjs/react-test-renderer.development.js:5488:14)
    at updateSimpleMemoComponent (/Users/dogukantansuk/Projects/Tansuk/@tansuk/rott-ui/node_modules/react-test-renderer/cjs/react-test-renderer.development.js:5421:13)
    at updateMemoComponent (/Users/dogukantansuk/Projects/Tansuk/@tansuk/rott-ui/node_modules/react-test-renderer/cjs/react-test-renderer.development.js:7285:18)
    at callback (/Users/dogukantansuk/Projects/Tansuk/@tansuk/rott-ui/node_modules/react-test-renderer/cjs/react-test-renderer.development.js:540:16)
    at runWithFiberInDEV (/Users/dogukantansuk/Projects/Tansuk/@tansuk/rott-ui/node_modules/react-test-renderer/cjs/react-test-renderer.development.js:10925:22)
    at performUnitOfWork (/Users/dogukantansuk/Projects/Tansuk/@tansuk/rott-ui/node_modules/react-test-renderer/cjs/react-test-renderer.development.js:10763:41)
    at workLoopSync (/Users/dogukantansuk/Projects/Tansuk/@tansuk/rott-ui/node_modules/react-test-renderer/cjs/react-test-renderer.development.js:10744:11)
    at renderRootSync (/Users/dogukantansuk/Projects/Tansuk/@tansuk/rott-ui/node_modules/react-test-renderer/cjs/react-test-renderer.development.js:10299:39)
    at performWorkOnRoot (/Users/dogukantansuk/Projects/Tansuk/@tansuk/rott-ui/node_modules/react-test-renderer/cjs/react-test-renderer.development.js:1879:7)
    at flushActQueue (/Users/dogukantansuk/Projects/Tansuk/@tansuk/rott-ui/node_modules/react/cjs/react.development.js:862:34)
    at Object.&lt;anonymous&gt;.process.env.NODE_ENV.exports.act (/Users/dogukantansuk/Projects/Tansuk/@tansuk/rott-ui/node_modules/react/cjs/react.development.js:1151:10)
    at actImplementation (/Users/dogukantansuk/Projects/Tansuk/@tansuk/rott-ui/node_modules/@testing-library/react-native/src/act.ts:31:25)
    at renderWithAct (/Users/dogukantansuk/Projects/Tansuk/@tansuk/rott-ui/node_modules/@testing-library/react-native/src/render-act.ts:13:11)
    at renderInternal (/Users/dogukantansuk/Projects/Tansuk/@tansuk/rott-ui/node_modules/@testing-library/react-native/src/render.tsx:69:33)
    at renderInternal (/Users/dogukantansuk/Projects/Tansuk/@tansuk/rott-ui/node_modules/@testing-library/react-native/src/render.tsx:44:10)
    at customRender (/Users/dogukantansuk/Projects/Tansuk/@tansuk/rott-ui/src/utils/testUtils.ts:10:56)
    at Object.&lt;anonymous&gt; (/Users/dogukantansuk/Projects/Tansuk/@tansuk/rott-ui/src/features/Input/__tests__/Input.test.tsx:78:33)
    at Promise.then.completed (/Users/dogukantansuk/Projects/Tansuk/@tansuk/rott-ui/node_modules/jest-circus/build/utils.js:298:28)
    at new Promise (&lt;anonymous&gt;)
    at callAsyncCircusFn (/Users/dogukantansuk/Projects/Tansuk/@tansuk/rott-ui/node_modules/jest-circus/build/utils.js:231:10)
    at _callCircusTest (/Users/dogukantansuk/Projects/Tansuk/@tansuk/rott-ui/node_modules/jest-circus/build/run.js:316:40)
    at _runTest (/Users/dogukantansuk/Projects/Tansuk/@tansuk/rott-ui/node_modules/jest-circus/build/run.js:252:3)
    at _runTestsForDescribeBlock (/Users/dogukantansuk/Projects/Tansuk/@tansuk/rott-ui/node_modules/jest-circus/build/run.js:126:9)
    at _runTestsForDescribeBlock (/Users/dogukantansuk/Projects/Tansuk/@tansuk/rott-ui/node_modules/jest-circus/build/run.js:121:9)
    at run (/Users/dogukantansuk/Projects/Tansuk/@tansuk/rott-ui/node_modules/jest-circus/build/run.js:71:3)
    at runAndTransformResultsToJestFormat (/Users/dogukantansuk/Projects/Tansuk/@tansuk/rott-ui/node_modules/jest-circus/build/legacy-code-todo-rewrite/jestAdapterInit.js:122:21)
    at jestAdapter (/Users/dogukantansuk/Projects/Tansuk/@tansuk/rott-ui/node_modules/jest-circus/build/legacy-code-todo-rewrite/jestAdapter.js:79:19)
    at runTestInternal (/Users/dogukantansuk/Projects/Tansuk/@tansuk/rott-ui/node_modules/jest-runner/build/runTest.js:367:16)
    at runTest (/Users/dogukantansuk/Projects/Tansuk/@tansuk/rott-ui/node_modules/jest-runner/build/runTest.js:444:34)
    at Object.worker (/Users/dogukantansuk/Projects/Tansuk/@tansuk/rott-ui/node_modules/jest-runner/build/testWorker.js:106:12)</failure>
    </testcase>
    <testcase classname="Input -&gt; Custom Input label icon belirtilmis ise ekranda renderlanmali" name="Input -&gt; Custom Input label icon belirtilmis ise ekranda renderlanmali" time="0.002">
      <failure>Error: Element type is invalid: expected a string (for built-in components) or a class/function (for composite components) but got: undefined. You likely forgot to export your component from the file it&apos;s defined in, or you might have mixed up default and named imports.
    at Error (/Users/dogukantansuk/Projects/Tansuk/@tansuk/rott-ui/node_modules/react-test-renderer/cjs/react-test-renderer.development.js:11889:28)
    at createFiberFromTypeAndProps (/Users/dogukantansuk/Projects/Tansuk/@tansuk/rott-ui/node_modules/react-test-renderer/cjs/react-test-renderer.development.js:11903:14)
    at createFiberFromElement (/Users/dogukantansuk/Projects/Tansuk/@tansuk/rott-ui/node_modules/react-test-renderer/cjs/react-test-renderer.development.js:3203:31)
    at reconcileChildFibersImpl (/Users/dogukantansuk/Projects/Tansuk/@tansuk/rott-ui/node_modules/react-test-renderer/cjs/react-test-renderer.development.js:3380:33)
    at mountChildFibers (/Users/dogukantansuk/Projects/Tansuk/@tansuk/rott-ui/node_modules/react-test-renderer/cjs/react-test-renderer.development.js:5361:13)
    at reconcileChildren (/Users/dogukantansuk/Projects/Tansuk/@tansuk/rott-ui/node_modules/react-test-renderer/cjs/react-test-renderer.development.js:5649:7)
    at updateFunctionComponent (/Users/dogukantansuk/Projects/Tansuk/@tansuk/rott-ui/node_modules/react-test-renderer/cjs/react-test-renderer.development.js:5488:14)
    at updateSimpleMemoComponent (/Users/dogukantansuk/Projects/Tansuk/@tansuk/rott-ui/node_modules/react-test-renderer/cjs/react-test-renderer.development.js:5421:13)
    at updateMemoComponent (/Users/dogukantansuk/Projects/Tansuk/@tansuk/rott-ui/node_modules/react-test-renderer/cjs/react-test-renderer.development.js:7285:18)
    at callback (/Users/dogukantansuk/Projects/Tansuk/@tansuk/rott-ui/node_modules/react-test-renderer/cjs/react-test-renderer.development.js:540:16)
    at runWithFiberInDEV (/Users/dogukantansuk/Projects/Tansuk/@tansuk/rott-ui/node_modules/react-test-renderer/cjs/react-test-renderer.development.js:10925:22)
    at performUnitOfWork (/Users/dogukantansuk/Projects/Tansuk/@tansuk/rott-ui/node_modules/react-test-renderer/cjs/react-test-renderer.development.js:10763:41)
    at workLoopSync (/Users/dogukantansuk/Projects/Tansuk/@tansuk/rott-ui/node_modules/react-test-renderer/cjs/react-test-renderer.development.js:10744:11)
    at renderRootSync (/Users/dogukantansuk/Projects/Tansuk/@tansuk/rott-ui/node_modules/react-test-renderer/cjs/react-test-renderer.development.js:10299:39)
    at performWorkOnRoot (/Users/dogukantansuk/Projects/Tansuk/@tansuk/rott-ui/node_modules/react-test-renderer/cjs/react-test-renderer.development.js:1879:7)
    at flushActQueue (/Users/dogukantansuk/Projects/Tansuk/@tansuk/rott-ui/node_modules/react/cjs/react.development.js:862:34)
    at Object.&lt;anonymous&gt;.process.env.NODE_ENV.exports.act (/Users/dogukantansuk/Projects/Tansuk/@tansuk/rott-ui/node_modules/react/cjs/react.development.js:1151:10)
    at actImplementation (/Users/dogukantansuk/Projects/Tansuk/@tansuk/rott-ui/node_modules/@testing-library/react-native/src/act.ts:31:25)
    at renderWithAct (/Users/dogukantansuk/Projects/Tansuk/@tansuk/rott-ui/node_modules/@testing-library/react-native/src/render-act.ts:13:11)
    at renderInternal (/Users/dogukantansuk/Projects/Tansuk/@tansuk/rott-ui/node_modules/@testing-library/react-native/src/render.tsx:69:33)
    at renderInternal (/Users/dogukantansuk/Projects/Tansuk/@tansuk/rott-ui/node_modules/@testing-library/react-native/src/render.tsx:44:10)
    at customRender (/Users/dogukantansuk/Projects/Tansuk/@tansuk/rott-ui/src/utils/testUtils.ts:10:56)
    at Object.&lt;anonymous&gt; (/Users/dogukantansuk/Projects/Tansuk/@tansuk/rott-ui/src/features/Input/__tests__/Input.test.tsx:96:33)
    at Promise.then.completed (/Users/dogukantansuk/Projects/Tansuk/@tansuk/rott-ui/node_modules/jest-circus/build/utils.js:298:28)
    at new Promise (&lt;anonymous&gt;)
    at callAsyncCircusFn (/Users/dogukantansuk/Projects/Tansuk/@tansuk/rott-ui/node_modules/jest-circus/build/utils.js:231:10)
    at _callCircusTest (/Users/dogukantansuk/Projects/Tansuk/@tansuk/rott-ui/node_modules/jest-circus/build/run.js:316:40)
    at _runTest (/Users/dogukantansuk/Projects/Tansuk/@tansuk/rott-ui/node_modules/jest-circus/build/run.js:252:3)
    at _runTestsForDescribeBlock (/Users/dogukantansuk/Projects/Tansuk/@tansuk/rott-ui/node_modules/jest-circus/build/run.js:126:9)
    at _runTestsForDescribeBlock (/Users/dogukantansuk/Projects/Tansuk/@tansuk/rott-ui/node_modules/jest-circus/build/run.js:121:9)
    at run (/Users/dogukantansuk/Projects/Tansuk/@tansuk/rott-ui/node_modules/jest-circus/build/run.js:71:3)
    at runAndTransformResultsToJestFormat (/Users/dogukantansuk/Projects/Tansuk/@tansuk/rott-ui/node_modules/jest-circus/build/legacy-code-todo-rewrite/jestAdapterInit.js:122:21)
    at jestAdapter (/Users/dogukantansuk/Projects/Tansuk/@tansuk/rott-ui/node_modules/jest-circus/build/legacy-code-todo-rewrite/jestAdapter.js:79:19)
    at runTestInternal (/Users/dogukantansuk/Projects/Tansuk/@tansuk/rott-ui/node_modules/jest-runner/build/runTest.js:367:16)
    at runTest (/Users/dogukantansuk/Projects/Tansuk/@tansuk/rott-ui/node_modules/jest-runner/build/runTest.js:444:34)
    at Object.worker (/Users/dogukantansuk/Projects/Tansuk/@tansuk/rott-ui/node_modules/jest-runner/build/testWorker.js:106:12)</failure>
    </testcase>
    <testcase classname="Input -&gt; Custom Input label icon belirtilmis onPress methodu calismali" name="Input -&gt; Custom Input label icon belirtilmis onPress methodu calismali" time="0.005">
      <failure>Error: Element type is invalid: expected a string (for built-in components) or a class/function (for composite components) but got: undefined. You likely forgot to export your component from the file it&apos;s defined in, or you might have mixed up default and named imports.
    at Error (/Users/dogukantansuk/Projects/Tansuk/@tansuk/rott-ui/node_modules/react-test-renderer/cjs/react-test-renderer.development.js:11889:28)
    at createFiberFromTypeAndProps (/Users/dogukantansuk/Projects/Tansuk/@tansuk/rott-ui/node_modules/react-test-renderer/cjs/react-test-renderer.development.js:11903:14)
    at createFiberFromElement (/Users/dogukantansuk/Projects/Tansuk/@tansuk/rott-ui/node_modules/react-test-renderer/cjs/react-test-renderer.development.js:3203:31)
    at reconcileChildFibersImpl (/Users/dogukantansuk/Projects/Tansuk/@tansuk/rott-ui/node_modules/react-test-renderer/cjs/react-test-renderer.development.js:3380:33)
    at mountChildFibers (/Users/dogukantansuk/Projects/Tansuk/@tansuk/rott-ui/node_modules/react-test-renderer/cjs/react-test-renderer.development.js:5361:13)
    at reconcileChildren (/Users/dogukantansuk/Projects/Tansuk/@tansuk/rott-ui/node_modules/react-test-renderer/cjs/react-test-renderer.development.js:5649:7)
    at updateFunctionComponent (/Users/dogukantansuk/Projects/Tansuk/@tansuk/rott-ui/node_modules/react-test-renderer/cjs/react-test-renderer.development.js:5488:14)
    at updateSimpleMemoComponent (/Users/dogukantansuk/Projects/Tansuk/@tansuk/rott-ui/node_modules/react-test-renderer/cjs/react-test-renderer.development.js:5421:13)
    at updateMemoComponent (/Users/dogukantansuk/Projects/Tansuk/@tansuk/rott-ui/node_modules/react-test-renderer/cjs/react-test-renderer.development.js:7285:18)
    at callback (/Users/dogukantansuk/Projects/Tansuk/@tansuk/rott-ui/node_modules/react-test-renderer/cjs/react-test-renderer.development.js:540:16)
    at runWithFiberInDEV (/Users/dogukantansuk/Projects/Tansuk/@tansuk/rott-ui/node_modules/react-test-renderer/cjs/react-test-renderer.development.js:10925:22)
    at performUnitOfWork (/Users/dogukantansuk/Projects/Tansuk/@tansuk/rott-ui/node_modules/react-test-renderer/cjs/react-test-renderer.development.js:10763:41)
    at workLoopSync (/Users/dogukantansuk/Projects/Tansuk/@tansuk/rott-ui/node_modules/react-test-renderer/cjs/react-test-renderer.development.js:10744:11)
    at renderRootSync (/Users/dogukantansuk/Projects/Tansuk/@tansuk/rott-ui/node_modules/react-test-renderer/cjs/react-test-renderer.development.js:10299:39)
    at performWorkOnRoot (/Users/dogukantansuk/Projects/Tansuk/@tansuk/rott-ui/node_modules/react-test-renderer/cjs/react-test-renderer.development.js:1879:7)
    at flushActQueue (/Users/dogukantansuk/Projects/Tansuk/@tansuk/rott-ui/node_modules/react/cjs/react.development.js:862:34)
    at Object.&lt;anonymous&gt;.process.env.NODE_ENV.exports.act (/Users/dogukantansuk/Projects/Tansuk/@tansuk/rott-ui/node_modules/react/cjs/react.development.js:1151:10)
    at actImplementation (/Users/dogukantansuk/Projects/Tansuk/@tansuk/rott-ui/node_modules/@testing-library/react-native/src/act.ts:31:25)
    at renderWithAct (/Users/dogukantansuk/Projects/Tansuk/@tansuk/rott-ui/node_modules/@testing-library/react-native/src/render-act.ts:13:11)
    at renderInternal (/Users/dogukantansuk/Projects/Tansuk/@tansuk/rott-ui/node_modules/@testing-library/react-native/src/render.tsx:69:33)
    at renderInternal (/Users/dogukantansuk/Projects/Tansuk/@tansuk/rott-ui/node_modules/@testing-library/react-native/src/render.tsx:44:10)
    at customRender (/Users/dogukantansuk/Projects/Tansuk/@tansuk/rott-ui/src/utils/testUtils.ts:10:56)
    at Object.&lt;anonymous&gt; (/Users/dogukantansuk/Projects/Tansuk/@tansuk/rott-ui/src/features/Input/__tests__/Input.test.tsx:120:33)
    at Promise.then.completed (/Users/dogukantansuk/Projects/Tansuk/@tansuk/rott-ui/node_modules/jest-circus/build/utils.js:298:28)
    at new Promise (&lt;anonymous&gt;)
    at callAsyncCircusFn (/Users/dogukantansuk/Projects/Tansuk/@tansuk/rott-ui/node_modules/jest-circus/build/utils.js:231:10)
    at _callCircusTest (/Users/dogukantansuk/Projects/Tansuk/@tansuk/rott-ui/node_modules/jest-circus/build/run.js:316:40)
    at _runTest (/Users/dogukantansuk/Projects/Tansuk/@tansuk/rott-ui/node_modules/jest-circus/build/run.js:252:3)
    at _runTestsForDescribeBlock (/Users/dogukantansuk/Projects/Tansuk/@tansuk/rott-ui/node_modules/jest-circus/build/run.js:126:9)
    at _runTestsForDescribeBlock (/Users/dogukantansuk/Projects/Tansuk/@tansuk/rott-ui/node_modules/jest-circus/build/run.js:121:9)
    at run (/Users/dogukantansuk/Projects/Tansuk/@tansuk/rott-ui/node_modules/jest-circus/build/run.js:71:3)
    at runAndTransformResultsToJestFormat (/Users/dogukantansuk/Projects/Tansuk/@tansuk/rott-ui/node_modules/jest-circus/build/legacy-code-todo-rewrite/jestAdapterInit.js:122:21)
    at jestAdapter (/Users/dogukantansuk/Projects/Tansuk/@tansuk/rott-ui/node_modules/jest-circus/build/legacy-code-todo-rewrite/jestAdapter.js:79:19)
    at runTestInternal (/Users/dogukantansuk/Projects/Tansuk/@tansuk/rott-ui/node_modules/jest-runner/build/runTest.js:367:16)
    at runTest (/Users/dogukantansuk/Projects/Tansuk/@tansuk/rott-ui/node_modules/jest-runner/build/runTest.js:444:34)
    at Object.worker (/Users/dogukantansuk/Projects/Tansuk/@tansuk/rott-ui/node_modules/jest-runner/build/testWorker.js:106:12)</failure>
    </testcase>
  </testsuite>
  <testsuite name="Modal -&gt; Custom Component" errors="0" failures="1" skipped="0" timestamp="2025-07-11T11:44:11" time="20.649" tests="12">
    <testcase classname="Modal -&gt; Custom Component modal ilk renderlandiginda snapshot ile eşleşmeli" name="Modal -&gt; Custom Component modal ilk renderlandiginda snapshot ile eşleşmeli" time="0.274">
    </testcase>
    <testcase classname="Modal -&gt; Custom Component modal visible değilken ekranda gözükmemeli" name="Modal -&gt; Custom Component modal visible değilken ekranda gözükmemeli" time="0.016">
    </testcase>
    <testcase classname="Modal -&gt; Custom Component custom header verildiğinde ekranda custom header olmalı" name="Modal -&gt; Custom Component custom header verildiğinde ekranda custom header olmalı" time="0.013">
    </testcase>
    <testcase classname="Modal -&gt; Custom Component modal kapatma butonu headerda olmalı" name="Modal -&gt; Custom Component modal kapatma butonu headerda olmalı" time="0.007">
    </testcase>
    <testcase classname="Modal -&gt; Custom Component modal header child elementi ekranda olmalı" name="Modal -&gt; Custom Component modal header child elementi ekranda olmalı" time="0.033">
    </testcase>
    <testcase classname="Modal -&gt; Custom Component modal kapatma butonuna tıklandığında modal kapanmalı" name="Modal -&gt; Custom Component modal kapatma butonuna tıklandığında modal kapanmalı" time="0.295">
    </testcase>
    <testcase classname="Modal -&gt; Custom Component modal tam ekran değilken container dışına tıklanırsa modal kapanmalı" name="Modal -&gt; Custom Component modal tam ekran değilken container dışına tıklanırsa modal kapanmalı" time="0.276">
    </testcase>
    <testcase classname="Modal -&gt; Custom Component panResponder headerda olmalı" name="Modal -&gt; Custom Component panResponder headerda olmalı" time="0.027">
    </testcase>
    <testcase classname="Modal -&gt; Custom Component panResponder headerda olmamalı" name="Modal -&gt; Custom Component panResponder headerda olmamalı" time="0.014">
    </testcase>
    <testcase classname="Modal -&gt; Custom Component panResponder header dışında olmalı" name="Modal -&gt; Custom Component panResponder header dışında olmalı" time="0.265">
      <failure>Error: expect(received).not.toHaveProp()

received value must be a host element.
Received has type:  object
Received has value: {&quot;_fiber&quot;: {&quot;_debugHookTypes&quot;: null, &quot;_debugInfo&quot;: null, &quot;_debugNeedsRemount&quot;: false, &quot;_debugOwner&quot;: [FiberNode], &quot;actualDuration&quot;: -0, &quot;actualStartTime&quot;: 1752234272106, &quot;alternate&quot;: null, &quot;child&quot;: [FiberNode], &quot;childLanes&quot;: 0, &quot;deletions&quot;: null, &quot;dependencies&quot;: null, &quot;elementType&quot;: [Function Icon], &quot;flags&quot;: 1, &quot;index&quot;: 0, &quot;key&quot;: null, &quot;lanes&quot;: 0, &quot;memoizedProps&quot;: [Object], &quot;memoizedState&quot;: null, &quot;mode&quot;: 1, &quot;pendingProps&quot;: [Object], &quot;ref&quot;: null, &quot;refCleanup&quot;: null, &quot;return&quot;: [FiberNode], &quot;selfBaseDuration&quot;: -0, &quot;sibling&quot;: null, &quot;stateNode&quot;: null, &quot;subtreeFlags&quot;: 1, &quot;tag&quot;: 0, &quot;treeBaseDuration&quot;: -0, &quot;type&quot;: [Function Icon], &quot;updateQueue&quot;: null}}
    at __EXTERNAL_MATCHER_TRAP__ (/Users/dogukantansuk/Projects/Tansuk/@tansuk/rott-ui/node_modules/expect/build/index.js:325:30)
    at Object.throwingMatcher [as toHaveProp] (/Users/dogukantansuk/Projects/Tansuk/@tansuk/rott-ui/node_modules/expect/build/index.js:326:15)
    at Object.&lt;anonymous&gt; (/Users/dogukantansuk/Projects/Tansuk/@tansuk/rott-ui/src/features/Modal/__tests__/Modal.test.tsx:182:53)
    at Promise.then.completed (/Users/dogukantansuk/Projects/Tansuk/@tansuk/rott-ui/node_modules/jest-circus/build/utils.js:298:28)
    at new Promise (&lt;anonymous&gt;)
    at callAsyncCircusFn (/Users/dogukantansuk/Projects/Tansuk/@tansuk/rott-ui/node_modules/jest-circus/build/utils.js:231:10)
    at _callCircusTest (/Users/dogukantansuk/Projects/Tansuk/@tansuk/rott-ui/node_modules/jest-circus/build/run.js:316:40)
    at _runTest (/Users/dogukantansuk/Projects/Tansuk/@tansuk/rott-ui/node_modules/jest-circus/build/run.js:252:3)
    at _runTestsForDescribeBlock (/Users/dogukantansuk/Projects/Tansuk/@tansuk/rott-ui/node_modules/jest-circus/build/run.js:126:9)
    at _runTestsForDescribeBlock (/Users/dogukantansuk/Projects/Tansuk/@tansuk/rott-ui/node_modules/jest-circus/build/run.js:121:9)
    at run (/Users/dogukantansuk/Projects/Tansuk/@tansuk/rott-ui/node_modules/jest-circus/build/run.js:71:3)
    at runAndTransformResultsToJestFormat (/Users/dogukantansuk/Projects/Tansuk/@tansuk/rott-ui/node_modules/jest-circus/build/legacy-code-todo-rewrite/jestAdapterInit.js:122:21)
[...]
    </testcase>
    <testcase classname="Amount Input -&gt; Custom Input amount inputa verilen currencyType a göre icon görülmeli" name="Amount Input -&gt; Custom Input amount inputa verilen currencyType a göre icon görülmeli" time="0.007">
    </testcase>
    <testcase classname="Amount Input -&gt; Custom Input kullanıcı 0.01 değeri girdiğinde doğru bir şekilde formatlanmalı" name="Amount Input -&gt; Custom Input kullanıcı 0.01 değeri girdiğinde doğru bir şekilde formatlanmalı" time="0.011">
    </testcase>
  </testsuite>
  <testsuite name="Phone Input -&gt; Custom Input" errors="0" failures="0" skipped="0" timestamp="2025-07-11T11:44:37" time="6.428" tests="6">
    <testcase classname="Phone Input -&gt; Custom Input phone input ilk render anında snapshot ile eşleşmeli" name="Phone Input -&gt; Custom Input phone input ilk render anında snapshot ile eşleşmeli" time="0.081">
    </testcase>
    <testcase classname="Phone Input -&gt; Custom Input ilk renderlandiginda içerik boş olmalı" name="Phone Input -&gt; Custom Input ilk renderlandiginda içerik boş olmalı" time="0.048">
    </testcase>
    <testcase classname="Phone Input -&gt; Custom Input phone input harf ve özel karakter kabul etmemeli" name="Phone Input -&gt; Custom Input phone input harf ve özel karakter kabul etmemeli" time="0.009">
    </testcase>
    <testcase classname="Phone Input -&gt; Custom Input varsayilan olarak rehber iconu olmalı" name="Phone Input -&gt; Custom Input varsayilan olarak rehber iconu olmalı" time="0.005">
    </testcase>
    <testcase classname="Phone Input -&gt; Custom Input kopyalanan phone number yapıştırıldığında Bosluklar trimlenmeli" name="Phone Input -&gt; Custom Input kopyalanan phone number yapıştırıldığında Bosluklar trimlenmeli" time="0.004">
    </testcase>
    <testcase classname="Phone Input -&gt; Custom Input kopyalanan phone number yapıştırıldığında yapistirilan degerde +90 ile gelmisse dogru format saglanmali" name="Phone Input -&gt; Custom Input kopyalanan phone number yapıştırıldığında yapistirilan degerde +90 ile gelmisse dogru format saglanmali" time="0.005">
    </testcase>
  </testsuite>
  <testsuite name="undefined" errors="0" failures="0" skipped="0" timestamp="2025-07-11T11:44:44" time="0.367" tests="0">
    <testcase classname=" write a test" name=" write a test" time="0">
    </testcase>
  </testsuite>
  <testsuite name="Hooks -&gt; useTimer" errors="0" failures="0" skipped="0" timestamp="2025-07-11T11:44:44" time="0.525" tests="12">
    <testcase classname="Hooks -&gt; useTimer countdown timer azalan sekilde calismali" name="Hooks -&gt; useTimer countdown timer azalan sekilde calismali" time="0.019">
    </testcase>
    <testcase classname="Hooks -&gt; useTimer countdown timer tamamlandığında 0 olmalı" name="Hooks -&gt; useTimer countdown timer tamamlandığında 0 olmalı" time="0.016">
    </testcase>
    <testcase classname="Hooks -&gt; useTimer countdown timer calisirken stop olabilmeli" name="Hooks -&gt; useTimer countdown timer calisirken stop olabilmeli" time="0.002">
    </testcase>
    <testcase classname="Hooks -&gt; useTimer countdown timer calisirken reset olabilmeli" name="Hooks -&gt; useTimer countdown timer calisirken reset olabilmeli" time="0.008">
    </testcase>
    <testcase classname="Hooks -&gt; useTimer countdown timer calisirken restart olabilmeli" name="Hooks -&gt; useTimer countdown timer calisirken restart olabilmeli" time="0.009">
    </testcase>
    <testcase classname="Hooks -&gt; useTimer circle timer 0 olabilmeli" name="Hooks -&gt; useTimer circle timer 0 olabilmeli" time="0.016">
    </testcase>
    <testcase classname="Hooks -&gt; useTimer circle timer 0 oldugunda yeniden baslamali" name="Hooks -&gt; useTimer circle timer 0 oldugunda yeniden baslamali" time="0.022">
    </testcase>
    <testcase classname="Hooks -&gt; useTimer circle timer calisirken stop olabilmeli" name="Hooks -&gt; useTimer circle timer calisirken stop olabilmeli" time="0.002">
    </testcase>
    <testcase classname="Hooks -&gt; useTimer circle timer calisirken stop olmuşken tekrar start olabilmeli" name="Hooks -&gt; useTimer circle timer calisirken stop olmuşken tekrar start olabilmeli" time="0.006">
    </testcase>
    <testcase classname="Hooks -&gt; useTimer circle timer calisirken stop olmuşken tekrar restart olabilmeli" name="Hooks -&gt; useTimer circle timer calisirken stop olmuşken tekrar restart olabilmeli" time="0.002">
    </testcase>
    <testcase classname="Hooks -&gt; useTimer circle timer calisirken reset olabilmeli" name="Hooks -&gt; useTimer circle timer calisirken reset olabilmeli" time="0.001">
    </testcase>
    <testcase classname="Hooks -&gt; useTimer timer çalışırken app arka plana atıldığında doğru devam etmeli" name="Hooks -&gt; useTimer timer çalışırken app arka plana atıldığında doğru devam etmeli" time="0.006">
    </testcase>
  </testsuite>
  <testsuite name="IBAN Input -&gt; Custom Input" errors="0" failures="0" skipped="0" timestamp="2025-07-11T11:44:41" time="5.358" tests="11">
    <testcase classname="IBAN Input -&gt; Custom Input ilk render anında snapshot ile eşleşmeli" name="IBAN Input -&gt; Custom Input ilk render anında snapshot ile eşleşmeli" time="0.104">
    </testcase>
    <testcase classname="IBAN Input -&gt; Custom Input ilk renderlandiginda ilk renderlandiginda içerik boş olmalı" name="IBAN Input -&gt; Custom Input ilk renderlandiginda ilk renderlandiginda içerik boş olmalı" time="0.015">
    </testcase>
    <testcase classname="IBAN Input -&gt; Custom Input ilk renderlandiginda icerik temizleme iconu gorunmemeli" name="IBAN Input -&gt; Custom Input ilk renderlandiginda icerik temizleme iconu gorunmemeli" time="0.003">
    </testcase>
    <testcase classname="IBAN Input -&gt; Custom Input içerik boş olduğunda temizleme iconu görünmemeli" name="IBAN Input -&gt; Custom Input içerik boş olduğunda temizleme iconu görünmemeli" time="0.01">
    </testcase>
    <testcase classname="IBAN Input -&gt; Custom Input içerik boş olduğunda temizleme iconu görünmeli" name="IBAN Input -&gt; Custom Input içerik boş olduğunda temizleme iconu görünmeli" time="0.02">
    </testcase>
    <testcase classname="IBAN Input -&gt; Custom Input TR digerlerinden sonraki degerler sadece numeric karakterleri kabul etmeli" name="IBAN Input -&gt; Custom Input TR digerlerinden sonraki degerler sadece numeric karakterleri kabul etmeli" time="0.005">
    </testcase>
    <testcase classname="IBAN Input -&gt; Custom Input kopyalanan IBAN yapıştırıldığında Bosluklar trimlenmeli" name="IBAN Input -&gt; Custom Input kopyalanan IBAN yapıştırıldığında Bosluklar trimlenmeli" time="0.007">
    </testcase>
    <testcase classname="IBAN Input -&gt; Custom Input kopyalanan IBAN yapıştırıldığında Sadece Sayi gelmisse basina TR getirerek dogru format saglanmali" name="IBAN Input -&gt; Custom Input kopyalanan IBAN yapıştırıldığında Sadece Sayi gelmisse basina TR getirerek dogru format saglanmali" time="0.007">
    </testcase>
    <testcase classname="IBAN Input -&gt; Custom Input kopyalanan IBAN yapıştırıldığında yapistirilan degerde TR ile gelmisse dogru format saglanmali" name="IBAN Input -&gt; Custom Input kopyalanan IBAN yapıştırıldığında yapistirilan degerde TR ile gelmisse dogru format saglanmali" time="0.003">
    </testcase>
    <testcase classname="IBAN Input -&gt; Custom Input kopyalanan IBAN yapıştırıldığında yapistirilan degerde TR yok ise dogru format saglanmali" name="IBAN Input -&gt; Custom Input kopyalanan IBAN yapıştırıldığında yapistirilan degerde TR yok ise dogru format saglanmali" time="0.002">
    </testcase>
    <testcase classname="IBAN Input -&gt; Custom Input Iban input render olduğu zaman klavye olarak number-pad ekranda görülmeli" name="IBAN Input -&gt; Custom Input Iban input render olduğu zaman klavye olarak number-pad ekranda görülmeli" time="0.002">
    </testcase>
  </testsuite>
  <testsuite name="Numeric Input -&gt; Custom Input" errors="0" failures="0" skipped="0" timestamp="2025-07-11T11:44:41" time="5.344" tests="4">
    <testcase classname="Numeric Input -&gt; Custom Input numeric input ilk render anında snapshot ile eşleşmeli" name="Numeric Input -&gt; Custom Input numeric input ilk render anında snapshot ile eşleşmeli" time="0.053">
    </testcase>
    <testcase classname="Numeric Input -&gt; Custom Input numeric input sadece numeric karakterleri kabul etmeli" name="Numeric Input -&gt; Custom Input numeric input sadece numeric karakterleri kabul etmeli" time="0.005">
    </testcase>
    <testcase classname="Numeric Input -&gt; Custom Input numeric input harf ve özel karakter kabul etmemeli" name="Numeric Input -&gt; Custom Input numeric input harf ve özel karakter kabul etmemeli" time="0.006">
    </testcase>
    <testcase classname="Numeric Input -&gt; Custom Input input render olduğu zaman klavye olarak number-pad ekranda görülmeli" name="Numeric Input -&gt; Custom Input input render olduğu zaman klavye olarak number-pad ekranda görülmeli" time="0.002">
    </testcase>
  </testsuite>
  <testsuite name="ExpireDate Input -&gt; Custom Input" errors="0" failures="0" skipped="0" timestamp="2025-07-11T11:44:42" time="4.59" tests="7">
    <testcase classname="ExpireDate Input -&gt; Custom Input ilk render anında snapshot ile eşleşmeli" name="ExpireDate Input -&gt; Custom Input ilk render anında snapshot ile eşleşmeli" time="0.071">
    </testcase>
    <testcase classname="ExpireDate Input -&gt; Custom Input ilk renderlandiginda ilk renderlandiginda içerik boş olmalı" name="ExpireDate Input -&gt; Custom Input ilk renderlandiginda ilk renderlandiginda içerik boş olmalı" time="0.004">
    </testcase>
    <testcase classname="ExpireDate Input -&gt; Custom Input sadece numeric karakterleri kabul etmeli" name="ExpireDate Input -&gt; Custom Input sadece numeric karakterleri kabul etmeli" time="0.008">
    </testcase>
    <testcase classname="ExpireDate Input -&gt; Custom Input MMYY formatinda MM 12 den buyuk geldi is 12 ye MM yi 12 ye cevir" name="ExpireDate Input -&gt; Custom Input MMYY formatinda MM 12 den buyuk geldi is 12 ye MM yi 12 ye cevir" time="0.007">
    </testcase>
    <testcase classname="ExpireDate Input -&gt; Custom Input MMYY formatinda YY suanki tarihten kucuk geldi ise YY yi suanki tarihe cevir" name="ExpireDate Input -&gt; Custom Input MMYY formatinda YY suanki tarihten kucuk geldi ise YY yi suanki tarihe cevir" time="0.002">
    </testcase>
    <testcase classname="ExpireDate Input -&gt; Custom Input donen cevap MMYY seklinde olmali" name="ExpireDate Input -&gt; Custom Input donen cevap MMYY seklinde olmali" time="0.002">
    </testcase>
    <testcase classname="ExpireDate Input -&gt; Custom Input expire date input render olduğu zaman klavye olarak number-pad ekranda görülmeli" name="ExpireDate Input -&gt; Custom Input expire date input render olduğu zaman klavye olarak number-pad ekranda görülmeli" time="0.002">
    </testcase>
  </testsuite>
  <testsuite name="Plate Number Input -&gt; Custom Input" errors="0" failures="0" skipped="0" timestamp="2025-07-11T11:44:42" time="4.612" tests="5">
    <testcase classname="Plate Number Input -&gt; Custom Input plate number input ilk render anında snapshot ile eşleşmeli" name="Plate Number Input -&gt; Custom Input plate number input ilk render anında snapshot ile eşleşmeli" time="0.062">
    </testcase>
    <testcase classname="Plate Number Input -&gt; Custom Input plate number input numeric karakterleri ve buyuk karakterleri kabul etmeli" name="Plate Number Input -&gt; Custom Input plate number input numeric karakterleri ve buyuk karakterleri kabul etmeli" time="0.008">
    </testcase>
    <testcase classname="Plate Number Input -&gt; Custom Input plate number input küçük harf ve özel karakter kabul etmemeli" name="Plate Number Input -&gt; Custom Input plate number input küçük harf ve özel karakter kabul etmemeli" time="0.004">
    </testcase>
    <testcase classname="Plate Number Input -&gt; Custom Input plate number input render olduğu zaman klavye default olarak ekranda görülmeli" name="Plate Number Input -&gt; Custom Input plate number input render olduğu zaman klavye default olarak ekranda görülmeli" time="0.002">
    </testcase>
    <testcase classname="Plate Number Input -&gt; Custom Input kopyalanan plate number yapıştırıldığında bosluklar trimlenmeli ve buyuk harf kabul etmeli" name="Plate Number Input -&gt; Custom Input kopyalanan plate number yapıştırıldığında bosluklar trimlenmeli ve buyuk harf kabul etmeli" time="0.002">
    </testcase>
  </testsuite>
  <testsuite name="CheckBox Input -&gt; Custom Input" errors="0" failures="0" skipped="0" timestamp="2025-07-11T11:44:42" time="4.887" tests="5">
    <testcase classname="CheckBox Input -&gt; Custom Input checkbox input ilk render anında snapshot ile eşleşmeli" name="CheckBox Input -&gt; Custom Input checkbox input ilk render anında snapshot ile eşleşmeli" time="0.071">
    </testcase>
    <testcase classname="CheckBox Input -&gt; Custom Input checkBox ilk renderlandığında unchecked olmalı" name="CheckBox Input -&gt; Custom Input checkBox ilk renderlandığında unchecked olmalı" time="0.005">
    </testcase>
    <testcase classname="CheckBox Input -&gt; Custom Input checkbox render olduğunda description string olarak verilmişse ekranda default label ile renderlanmalı" name="CheckBox Input -&gt; Custom Input checkbox render olduğunda description string olarak verilmişse ekranda default label ile renderlanmalı" time="0.003">
    </testcase>
    <testcase classname="CheckBox Input -&gt; Custom Input checkbox render olduğunda description React element olarak verilmişse default label ile renderlanmamalı" name="CheckBox Input -&gt; Custom Input checkbox render olduğunda description React element olarak verilmişse default label ile renderlanmamalı" time="0.001">
    </testcase>
    <testcase classname="CheckBox Input -&gt; Custom Input checkBox onPress methodu calismali" name="CheckBox Input -&gt; Custom Input checkBox onPress methodu calismali" time="0.002">
    </testcase>
  </testsuite>
  <testsuite name="Component -&gt; BottomMenuItem" errors="0" failures="0" skipped="0" timestamp="2025-07-11T11:44:42" time="4.933" tests="3">
    <testcase classname="Component -&gt; BottomMenuItem bottom menu item componenti snapshot ile eşleşmeli" name="Component -&gt; BottomMenuItem bottom menu item componenti snapshot ile eşleşmeli" time="0.037">
    </testcase>
    <testcase classname="Component -&gt; BottomMenuItem bottom menu item componenti ekranda gözükmeli" name="Component -&gt; BottomMenuItem bottom menu item componenti ekranda gözükmeli" time="0.003">
    </testcase>
    <testcase classname="Component -&gt; BottomMenuItem verilen icon ekranda gözükmeli" name="Component -&gt; BottomMenuItem verilen icon ekranda gözükmeli" time="0.002">
    </testcase>
  </testsuite>
  <testsuite name="ButtonGroup -&gt; Custom Component" errors="0" failures="0" skipped="0" timestamp="2025-07-11T11:44:42" time="4.603" tests="2">
    <testcase classname="ButtonGroup -&gt; Custom Component buton grubunun snapshotı ile eşleşmeli" name="ButtonGroup -&gt; Custom Component buton grubunun snapshotı ile eşleşmeli" time="0.052">
    </testcase>
    <testcase classname="ButtonGroup -&gt; Custom Component isFastTransfer true ise ekranda fast görseli görünür" name="ButtonGroup -&gt; Custom Component isFastTransfer true ise ekranda fast görseli görünür" time="0.003">
    </testcase>
  </testsuite>
  <testsuite name="List -&gt; Custom Component" errors="0" failures="0" skipped="0" timestamp="2025-07-11T11:44:43" time="4.12" tests="4">
    <testcase classname="List -&gt; Custom Component list ilk render anında snapshot ile eşleşmeli" name="List -&gt; Custom Component list ilk render anında snapshot ile eşleşmeli" time="0.023">
    </testcase>
    <testcase classname="List -&gt; Custom Component separator item ekranda olmamalı" name="List -&gt; Custom Component separator item ekranda olmamalı" time="0.006">
    </testcase>
    <testcase classname="List -&gt; Custom Component list componenti elemanları doğru şekilde renderlamalı" name="List -&gt; Custom Component list componenti elemanları doğru şekilde renderlamalı" time="0.006">
    </testcase>
    <testcase classname="List -&gt; Custom Component list componenti eleman geldiğinde doğru renderlanmalı" name="List -&gt; Custom Component list componenti eleman geldiğinde doğru renderlanmalı" time="0.007">
    </testcase>
  </testsuite>
  <testsuite name="Common -&gt; Common Item" errors="0" failures="0" skipped="0" timestamp="2025-07-11T11:44:48" time="3.212" tests="14">
    <testcase classname="Common -&gt; Common Item common item ilk renderlandığında snapshot ile eşleşmeli" name="Common -&gt; Common Item common item ilk renderlandığında snapshot ile eşleşmeli" time="0.042">
    </testcase>
    <testcase classname="Common -&gt; Common Item common item ilk renderlandığında title ekranda renderlanmali" name="Common -&gt; Common Item common item ilk renderlandığında title ekranda renderlanmali" time="0.005">
    </testcase>
    <testcase classname="Common -&gt; Common Item common item ilk renderlandığında subTitle ekranda renderlanmali" name="Common -&gt; Common Item common item ilk renderlandığında subTitle ekranda renderlanmali" time="0.003">
    </testcase>
    <testcase classname="Common -&gt; Common Item common item ilk renderlandığında description ekranda renderlanmali" name="Common -&gt; Common Item common item ilk renderlandığında description ekranda renderlanmali" time="0.003">
    </testcase>
    <testcase classname="Common -&gt; Common Item leftIcon ekranda renderlanmali" name="Common -&gt; Common Item leftIcon ekranda renderlanmali" time="0.004">
    </testcase>
    <testcase classname="Common -&gt; Common Item leftIcon verilmediğinde ekranda renderlanmamali" name="Common -&gt; Common Item leftIcon verilmediğinde ekranda renderlanmamali" time="0.003">
    </testcase>
    <testcase classname="Common -&gt; Common Item leftIcon onPress özelliği verilmediğinde CommonItem onPress özelliğini tetiklemelidir." name="Common -&gt; Common Item leftIcon onPress özelliği verilmediğinde CommonItem onPress özelliğini tetiklemelidir." time="0.004">
    </testcase>
    <testcase classname="Common -&gt; Common Item leftIcon onPress özelliği verildiğinde CommonItem onPress özelliğini tetiklenmemelidir." name="Common -&gt; Common Item leftIcon onPress özelliği verildiğinde CommonItem onPress özelliğini tetiklenmemelidir." time="0.004">
    </testcase>
    <testcase classname="Common -&gt; Common Item rightIcon ekranda renderlanmali" name="Common -&gt; Common Item rightIcon ekranda renderlanmali" time="0.005">
    </testcase>
    <testcase classname="Common -&gt; Common Item rightIcon verilmediğinde ekranda renderlanmamali" name="Common -&gt; Common Item rightIcon verilmediğinde ekranda renderlanmamali" time="0.002">
    </testcase>
    <testcase classname="Common -&gt; Common Item rightIcon onPress özelliği verilmediğinde CommonItem onPress özelliğini tetiklemelidir." name="Common -&gt; Common Item rightIcon onPress özelliği verilmediğinde CommonItem onPress özelliğini tetiklemelidir." time="0.003">
    </testcase>
    <testcase classname="Common -&gt; Common Item rightIcon onPress özelliği verildiğinde CommonItem onPress özelliğini tetiklenmemelidir." name="Common -&gt; Common Item rightIcon onPress özelliği verildiğinde CommonItem onPress özelliğini tetiklenmemelidir." time="0.004">
    </testcase>
    <testcase classname="Common -&gt; Common Item common item ilk renderlangidinga left ve right iconu ekranda renderlanmali" name="Common -&gt; Common Item common item ilk renderlangidinga left ve right iconu ekranda renderlanmali" time="0.003">
    </testcase>
    <testcase classname="Common -&gt; Common Item common item ilk renderlandiginda left ve right iconu ekranda renderlanmamali" name="Common -&gt; Common Item common item ilk renderlandiginda left ve right iconu ekranda renderlanmamali" time="0.002">
    </testcase>
  </testsuite>
</testsuites>